#
# There is insufficient memory for the Java Runtime Environment to continue.
# Native memory allocation (malloc) failed to allocate 1127632 bytes for Chunk::new
# Possible reasons:
#   The system is out of physical RAM or swap space
#   In 32 bit mode, the process size limit was hit
# Possible solutions:
#   Reduce memory load on the system
#   Increase physical memory or swap space
#   Check if swap backing store is full
#   Use 64 bit Java on a 64 bit OS
#   Decrease Java heap size (-Xmx/-Xms)
#   Decrease number of Java threads
#   Decrease Java thread stack sizes (-Xss)
#   Set larger code cache with -XX:ReservedCodeCacheSize=
# This output file may be truncated or incomplete.
#
#  Out of Memory Error (allocation.cpp:390), pid=4144, tid=0x00000000000022d8
#
# JRE version: Java(TM) SE Runtime Environment (8.0_171-b11) (build 1.8.0_171-b11)
# Java VM: Java HotSpot(TM) 64-Bit Server VM (25.171-b11 mixed mode windows-amd64 compressed oops)
# Failed to write core dump. Minidumps are not enabled by default on client versions of Windows
#

---------------  T H R E A D  ---------------

Current thread (0x000000001505b800):  JavaThread "C2 CompilerThread0" daemon [_thread_in_native, id=8920, stack(0x0000000016090000,0x0000000016190000)]

Stack: [0x0000000016090000,0x0000000016190000]
[error occurred during error reporting (printing stack bounds), id 0xc0000005]

Native frames: (J=compiled Java code, j=interpreted, Vv=VM code, C=native code)


Current CompileTask:
C2:   8196 1678 % !   4       machine.Tests::bigStretchTapeTest2 @ 111 (367 bytes)


---------------  P R O C E S S  ---------------

Java Threads: ( => current thread )
  0x000000001c86c800 JavaThread "D3D Screen Updater" daemon [_thread_blocked, id=10628, stack(0x000000001d680000,0x000000001d780000)]
  0x000000001c86b800 JavaThread "TimerQueue" daemon [_thread_blocked, id=4432, stack(0x000000001d580000,0x000000001d680000)]
  0x000000001c7cc000 JavaThread "AWT-EventQueue-0" [_thread_blocked, id=6496, stack(0x000000001cf80000,0x000000001d080000)]
  0x00000000167ed800 JavaThread "AWT-Windows" daemon [_thread_in_native, id=5408, stack(0x0000000016bd0000,0x0000000016cd0000)]
  0x00000000167ea000 JavaThread "AWT-Shutdown" [_thread_blocked, id=6976, stack(0x0000000016ad0000,0x0000000016bd0000)]
  0x00000000167e9000 JavaThread "Java2D Disposer" daemon [_thread_blocked, id=11364, stack(0x00000000169d0000,0x0000000016ad0000)]
  0x00000000150bc800 JavaThread "Service Thread" daemon [_thread_blocked, id=12300, stack(0x0000000016290000,0x0000000016390000)]
  0x00000000150b6000 JavaThread "C1 CompilerThread1" daemon [_thread_blocked, id=756, stack(0x0000000016190000,0x0000000016290000)]
=>0x000000001505b800 JavaThread "C2 CompilerThread0" daemon [_thread_in_native, id=8920, stack(0x0000000016090000,0x0000000016190000)]
  0x000000001505a000 JavaThread "Attach Listener" daemon [_thread_blocked, id=11792, stack(0x0000000015f90000,0x0000000016090000)]
  0x0000000015056800 JavaThread "Signal Dispatcher" daemon [_thread_blocked, id=12972, stack(0x0000000015e90000,0x0000000015f90000)]
  0x0000000015048800 JavaThread "Finalizer" daemon [_thread_blocked, id=32, stack(0x0000000015c90000,0x0000000015d90000)]
  0x0000000002cbf000 JavaThread "Reference Handler" daemon [_thread_blocked, id=7536, stack(0x0000000015b90000,0x0000000015c90000)]
  0x0000000000fae000 JavaThread "main" [_thread_in_Java, id=10884, stack(0x00000000012b0000,0x00000000013b0000)]

Other Threads:
  0x0000000015026800 VMThread [stack: 0x0000000015a90000,0x0000000015b90000] [id=12076]
  0x00000000150c0000 WatcherThread [stack: 0x0000000016390000,0x0000000016490000] [id=12824]

VM state:not at safepoint (normal execution)

VM Mutex/Monitor currently owned by a thread: None

Heap:
 PSYoungGen      total 35328K, used 27518K [0x00000000eb400000, 0x00000000ed900000, 0x0000000100000000)
  eden space 32768K, 83% used [0x00000000eb400000,0x00000000ececfb50,0x00000000ed400000)
  from space 2560K, 2% used [0x00000000ed680000,0x00000000ed690000,0x00000000ed900000)
  to   space 2560K, 0% used [0x00000000ed400000,0x00000000ed400000,0x00000000ed680000)
 ParOldGen       total 397312K, used 382748K [0x00000000c1c00000, 0x00000000da000000, 0x00000000eb400000)
  object space 397312K, 96% used [0x00000000c1c00000,0x00000000d91c7240,0x00000000da000000)
 Metaspace       used 12370K, capacity 12588K, committed 12672K, reserved 1060864K
  class space    used 1567K, capacity 1650K, committed 1664K, reserved 1048576K

Card table byte_map: [0x0000000012090000,0x0000000012290000] byte_map_base: 0x0000000011a82000

Marking Bits: (ParMarkBitMap*) 0x0000000057e108c0
 Begin Bits: [0x00000000125e0000, 0x0000000013570000)
 End Bits:   [0x0000000013570000, 0x0000000014500000)

Polling page: 0x0000000000bf0000

CodeCache: size=245760Kb used=6203Kb max_used=6203Kb free=239556Kb
 bounds [0x0000000002cd0000, 0x00000000032f0000, 0x0000000011cd0000]
 total_blobs=2238 nmethods=1754 adapters=397
 compilation: enabled

Compilation events (10 events):
Event: 8.032 Thread 0x00000000150b6000 1763       3       sun.java2d.SunGraphics2D::validateColor (102 bytes)
Event: 8.033 Thread 0x00000000150b6000 nmethod 1763 0x00000000032dde90 code [0x00000000032de020, 0x00000000032de638]
Event: 8.038 Thread 0x00000000150b6000 1764       3       java.awt.Component$1::getAccessControlContext (5 bytes)
Event: 8.039 Thread 0x00000000150b6000 nmethod 1764 0x00000000032de7d0 code [0x00000000032de940, 0x00000000032dec48]
Event: 8.044 Thread 0x00000000150b6000 1765       3       java.lang.Thread::interrupted (8 bytes)
Event: 8.045 Thread 0x00000000150b6000 nmethod 1765 0x00000000032ded90 code [0x00000000032def00, 0x00000000032df088]
Event: 8.063 Thread 0x00000000150b6000 1767       3       javax.swing.RepaintManager::collectDirtyComponents (344 bytes)
Event: 8.065 Thread 0x00000000150b6000 nmethod 1767 0x00000000032df150 code [0x00000000032df460, 0x00000000032e1268]
Event: 8.077 Thread 0x00000000150b6000 1768       3       java.util.concurrent.locks.AbstractQueuedSynchronizer::shouldParkAfterFailedAcquire (50 bytes)
Event: 8.078 Thread 0x00000000150b6000 nmethod 1768 0x00000000032e1f90 code [0x00000000032e2100, 0x00000000032e2430]

GC Heap History (10 events):
Event: 7.034 GC heap before
{Heap before GC invocations=26 (full 0):
 PSYoungGen      total 35328K, used 24220K [0x00000000eb400000, 0x00000000ed900000, 0x0000000100000000)
  eden space 32768K, 73% used [0x00000000eb400000,0x00000000ecb97248,0x00000000ed400000)
  from space 2560K, 2% used [0x00000000ed400000,0x00000000ed410000,0x00000000ed680000)
  to   space 2560K, 0% used [0x00000000ed680000,0x00000000ed680000,0x00000000ed900000)
 ParOldGen       total 397312K, used 382620K [0x00000000c1c00000, 0x00000000da000000, 0x00000000eb400000)
  object space 397312K, 96% used [0x00000000c1c00000,0x00000000d91a7240,0x00000000da000000)
 Metaspace       used 12324K, capacity 12580K, committed 12672K, reserved 1060864K
  class space    used 1566K, capacity 1650K, committed 1664K, reserved 1048576K
Event: 7.041 GC heap after
Heap after GC invocations=26 (full 0):
 PSYoungGen      total 35328K, used 64K [0x00000000eb400000, 0x00000000ed900000, 0x0000000100000000)
  eden space 32768K, 0% used [0x00000000eb400000,0x00000000eb400000,0x00000000ed400000)
  from space 2560K, 2% used [0x00000000ed680000,0x00000000ed690000,0x00000000ed900000)
  to   space 2560K, 0% used [0x00000000ed400000,0x00000000ed400000,0x00000000ed680000)
 ParOldGen       total 397312K, used 382652K [0x00000000c1c00000, 0x00000000da000000, 0x00000000eb400000)
  object space 397312K, 96% used [0x00000000c1c00000,0x00000000d91af240,0x00000000da000000)
 Metaspace       used 12324K, capacity 12580K, committed 12672K, reserved 1060864K
  class space    used 1566K, capacity 1650K, committed 1664K, reserved 1048576K
}
Event: 7.121 GC heap before
{Heap before GC invocations=27 (full 0):
 PSYoungGen      total 35328K, used 24296K [0x00000000eb400000, 0x00000000ed900000, 0x0000000100000000)
  eden space 32768K, 73% used [0x00000000eb400000,0x00000000ecbaa130,0x00000000ed400000)
  from space 2560K, 2% used [0x00000000ed680000,0x00000000ed690000,0x00000000ed900000)
  to   space 2560K, 0% used [0x00000000ed400000,0x00000000ed400000,0x00000000ed680000)
 ParOldGen       total 397312K, used 382652K [0x00000000c1c00000, 0x00000000da000000, 0x00000000eb400000)
  object space 397312K, 96% used [0x00000000c1c00000,0x00000000d91af240,0x00000000da000000)
 Metaspace       used 12328K, capacity 12580K, committed 12672K, reserved 1060864K
  class space    used 1566K, capacity 1650K, committed 1664K, reserved 1048576K
Event: 7.130 GC heap after
Heap after GC invocations=27 (full 0):
 PSYoungGen      total 35328K, used 32K [0x00000000eb400000, 0x00000000ed900000, 0x0000000100000000)
  eden space 32768K, 0% used [0x00000000eb400000,0x00000000eb400000,0x00000000ed400000)
  from space 2560K, 1% used [0x00000000ed400000,0x00000000ed408000,0x00000000ed680000)
  to   space 2560K, 0% used [0x00000000ed680000,0x00000000ed680000,0x00000000ed900000)
 ParOldGen       total 397312K, used 382660K [0x00000000c1c00000, 0x00000000da000000, 0x00000000eb400000)
  object space 397312K, 96% used [0x00000000c1c00000,0x00000000d91b1240,0x00000000da000000)
 Metaspace       used 12328K, capacity 12580K, committed 12672K, reserved 1060864K
  class space    used 1566K, capacity 1650K, committed 1664K, reserved 1048576K
}
Event: 7.168 GC heap before
{Heap before GC invocations=28 (full 0):
 PSYoungGen      total 35328K, used 24125K [0x00000000eb400000, 0x00000000ed900000, 0x0000000100000000)
  eden space 32768K, 73% used [0x00000000eb400000,0x00000000ecb87778,0x00000000ed400000)
  from space 2560K, 1% used [0x00000000ed400000,0x00000000ed408000,0x00000000ed680000)
  to   space 2560K, 0% used [0x00000000ed680000,0x00000000ed680000,0x00000000ed900000)
 ParOldGen       total 397312K, used 382660K [0x00000000c1c00000, 0x00000000da000000, 0x00000000eb400000)
  object space 397312K, 96% used [0x00000000c1c00000,0x00000000d91b1240,0x00000000da000000)
 Metaspace       used 12333K, capacity 12588K, committed 12672K, reserved 1060864K
  class space    used 1566K, capacity 1650K, committed 1664K, reserved 1048576K
Event: 7.175 GC heap after
Heap after GC invocations=28 (full 0):
 PSYoungGen      total 35328K, used 64K [0x00000000eb400000, 0x00000000ed900000, 0x0000000100000000)
  eden space 32768K, 0% used [0x00000000eb400000,0x00000000eb400000,0x00000000ed400000)
  from space 2560K, 2% used [0x00000000ed680000,0x00000000ed690000,0x00000000ed900000)
  to   space 2560K, 0% used [0x00000000ed400000,0x00000000ed400000,0x00000000ed680000)
 ParOldGen       total 397312K, used 382668K [0x00000000c1c00000, 0x00000000da000000, 0x00000000eb400000)
  object space 397312K, 96% used [0x00000000c1c00000,0x00000000d91b3240,0x00000000da000000)
 Metaspace       used 12333K, capacity 12588K, committed 12672K, reserved 1060864K
  class space    used 1566K, capacity 1650K, committed 1664K, reserved 1048576K
}
Event: 7.204 GC heap before
{Heap before GC invocations=29 (full 0):
 PSYoungGen      total 35328K, used 24146K [0x00000000eb400000, 0x00000000ed900000, 0x0000000100000000)
  eden space 32768K, 73% used [0x00000000eb400000,0x00000000ecb84af8,0x00000000ed400000)
  from space 2560K, 2% used [0x00000000ed680000,0x00000000ed690000,0x00000000ed900000)
  to   space 2560K, 0% used [0x00000000ed400000,0x00000000ed400000,0x00000000ed680000)
 ParOldGen       total 397312K, used 382668K [0x00000000c1c00000, 0x00000000da000000, 0x00000000eb400000)
  object space 397312K, 96% used [0x00000000c1c00000,0x00000000d91b3240,0x00000000da000000)
 Metaspace       used 12333K, capacity 12588K, committed 12672K, reserved 1060864K
  class space    used 1566K, capacity 1650K, committed 1664K, reserved 1048576K
Event: 7.207 GC heap after
Heap after GC invocations=29 (full 0):
 PSYoungGen      total 35328K, used 64K [0x00000000eb400000, 0x00000000ed900000, 0x0000000100000000)
  eden space 32768K, 0% used [0x00000000eb400000,0x00000000eb400000,0x00000000ed400000)
  from space 2560K, 2% used [0x00000000ed400000,0x00000000ed410000,0x00000000ed680000)
  to   space 2560K, 0% used [0x00000000ed680000,0x00000000ed680000,0x00000000ed900000)
 ParOldGen       total 397312K, used 382708K [0x00000000c1c00000, 0x00000000da000000, 0x00000000eb400000)
  object space 397312K, 96% used [0x00000000c1c00000,0x00000000d91bd240,0x00000000da000000)
 Metaspace       used 12333K, capacity 12588K, committed 12672K, reserved 1060864K
  class space    used 1566K, capacity 1650K, committed 1664K, reserved 1048576K
}
Event: 7.231 GC heap before
{Heap before GC invocations=30 (full 0):
 PSYoungGen      total 35328K, used 24141K [0x00000000eb400000, 0x00000000ed900000, 0x0000000100000000)
  eden space 32768K, 73% used [0x00000000eb400000,0x00000000ecb83538,0x00000000ed400000)
  from space 2560K, 2% used [0x00000000ed400000,0x00000000ed410000,0x00000000ed680000)
  to   space 2560K, 0% used [0x00000000ed680000,0x00000000ed680000,0x00000000ed900000)
 ParOldGen       total 397312K, used 382708K [0x00000000c1c00000, 0x00000000da000000, 0x00000000eb400000)
  object space 397312K, 96% used [0x00000000c1c00000,0x00000000d91bd240,0x00000000da000000)
 Metaspace       used 12333K, capacity 12588K, committed 12672K, reserved 1060864K
  class space    used 1566K, capacity 1650K, committed 1664K, reserved 1048576K
Event: 7.234 GC heap after
Heap after GC invocations=30 (full 0):
 PSYoungGen      total 35328K, used 64K [0x00000000eb400000, 0x00000000ed900000, 0x0000000100000000)
  eden space 32768K, 0% used [0x00000000eb400000,0x00000000eb400000,0x00000000ed400000)
  from space 2560K, 2% used [0x00000000ed680000,0x00000000ed690000,0x00000000ed900000)
  to   space 2560K, 0% used [0x00000000ed400000,0x00000000ed400000,0x00000000ed680000)
 ParOldGen       total 397312K, used 382748K [0x00000000c1c00000, 0x00000000da000000, 0x00000000eb400000)
  object space 397312K, 96% used [0x00000000c1c00000,0x00000000d91c7240,0x00000000da000000)
 Metaspace       used 12333K, capacity 12588K, committed 12672K, reserved 1060864K
  class space    used 1566K, capacity 1650K, committed 1664K, reserved 1048576K
}

Deoptimization events (10 events):
Event: 2.371 Thread 0x0000000000fae000 Uncommon trap: reason=unstable_if action=reinterpret pc=0x0000000003057ec8 method=sun.awt.PostEventQueue.flush()V @ 37
Event: 3.072 Thread 0x0000000000fae000 Uncommon trap: reason=unstable_if action=reinterpret pc=0x00000000030dd354 method=javax.swing.text.PlainDocument.insertUpdate(Ljavax/swing/text/AbstractDocument$DefaultDocumentEvent;Ljavax/swing/text/AttributeSet;)V @ 225
Event: 3.392 Thread 0x0000000000fae000 Uncommon trap: reason=unstable_if action=reinterpret pc=0x00000000030f9c78 method=java.awt.EventQueue.postEvent(Ljava/awt/AWTEvent;I)V @ 82
Event: 3.991 Thread 0x000000001c7cc000 Uncommon trap: reason=unstable_if action=reinterpret pc=0x00000000030d2880 method=java.awt.EventQueue.coalesceEvent(Ljava/awt/AWTEvent;I)Z @ 72
Event: 3.991 Thread 0x000000001c7cc000 Uncommon trap: reason=class_check action=maybe_recompile pc=0x00000000030cd740 method=java.awt.EventQueue.cacheEQItem(Lsun/awt/EventQueueItem;)V @ 20
Event: 6.026 Thread 0x0000000000fae000 Uncommon trap: reason=unstable_if action=reinterpret pc=0x0000000002fc0fe8 method=java.lang.Integer.getChars(II[C)V @ 20
Event: 6.026 Thread 0x0000000000fae000 Uncommon trap: reason=unstable_if action=reinterpret pc=0x0000000002fbe238 method=java.lang.Integer.getChars(II[C)V @ 20
Event: 7.279 Thread 0x0000000000fae000 Uncommon trap: reason=unstable_if action=reinterpret pc=0x000000000325b9e4 method=machine.StretchTape.go(I)V @ 71
Event: 7.317 Thread 0x0000000000fae000 Uncommon trap: reason=unstable_if action=reinterpret pc=0x000000000326c3e4 method=machine.Tests.bigStretchTapeTest2()Z @ 124
Event: 7.375 Thread 0x0000000000fae000 Uncommon trap: reason=unstable_if action=reinterpret pc=0x0000000003298f14 method=machine.Tests.bigStretchTapeTest2()Z @ 214

Classes redefined (0 events):
No events

Internal exceptions (10 events):
Event: 0.195 Thread 0x0000000000fae000 Exception <a 'java/security/PrivilegedActionException'> (0x00000000eb496758) thrown at [C:\re\workspace\8-2-build-windows-amd64-cygwin\jdk8u171\10807\hotspot\src\share\vm\prims\jvm.cpp, line 1435]
Event: 0.196 Thread 0x0000000000fae000 Exception <a 'java/security/PrivilegedActionException'> (0x00000000eb49a3c8) thrown at [C:\re\workspace\8-2-build-windows-amd64-cygwin\jdk8u171\10807\hotspot\src\share\vm\prims\jvm.cpp, line 1435]
Event: 0.196 Thread 0x0000000000fae000 Exception <a 'java/security/PrivilegedActionException'> (0x00000000eb49a5d8) thrown at [C:\re\workspace\8-2-build-windows-amd64-cygwin\jdk8u171\10807\hotspot\src\share\vm\prims\jvm.cpp, line 1435]
Event: 0.490 Thread 0x0000000000fae000 Exception <a 'java/io/FileNotFoundException'> (0x00000000eb60d300) thrown at [C:\re\workspace\8-2-build-windows-amd64-cygwin\jdk8u171\10807\hotspot\src\share\vm\prims\jni.cpp, line 709]
Event: 0.565 Thread 0x0000000000fae000 Exception <a 'java/lang/NoSuchFieldError': method resolution failed> (0x00000000eb6de0b8) thrown at [C:\re\workspace\8-2-build-windows-amd64-cygwin\jdk8u171\10807\hotspot\src\share\vm\prims\methodHandles.cpp, line 1167]
Event: 0.576 Thread 0x0000000000fae000 Exception <a 'java/lang/NoSuchFieldError': method resolution failed> (0x00000000eb6eb4c8) thrown at [C:\re\workspace\8-2-build-windows-amd64-cygwin\jdk8u171\10807\hotspot\src\share\vm\prims\methodHandles.cpp, line 1167]
Event: 0.700 Thread 0x0000000000fae000 Exception <a 'java/io/FileNotFoundException'> (0x00000000eb824378) thrown at [C:\re\workspace\8-2-build-windows-amd64-cygwin\jdk8u171\10807\hotspot\src\share\vm\prims\jni.cpp, line 709]
Event: 0.751 Thread 0x0000000016801000 Exception <a 'java/io/FileNotFoundException'> (0x00000000eb87f310) thrown at [C:\re\workspace\8-2-build-windows-amd64-cygwin\jdk8u171\10807\hotspot\src\share\vm\prims\jni.cpp, line 709]
Event: 1.153 Thread 0x0000000000fae000 Implicit null exception at 0x0000000002e18299 to 0x0000000002e1860d
Event: 1.154 Thread 0x0000000000fae000 Implicit null exception at 0x0000000002e1a396 to 0x0000000002e1a6f1

Events (10 events):
Event: 7.312 Thread 0x0000000000fae000 DEOPT PACKING pc=0x00000000032723fa sp=0x00000000013aee50
Event: 7.312 Thread 0x0000000000fae000 DEOPT UNPACKING pc=0x0000000002d17490 sp=0x00000000013aece8 mode 0
Event: 7.317 Thread 0x0000000000fae000 Uncommon trap: trap_request=0xffffff65 fr.pc=0x000000000326c3e4
Event: 7.317 Thread 0x0000000000fae000 DEOPT PACKING pc=0x000000000326c3e4 sp=0x00000000013aefb0
Event: 7.317 Thread 0x0000000000fae000 DEOPT UNPACKING pc=0x0000000002d1583b sp=0x00000000013aef78 mode 2
Event: 7.374 Thread 0x0000000000fae000 DEOPT PACKING pc=0x000000000328d4cf sp=0x00000000013aee00
Event: 7.374 Thread 0x0000000000fae000 DEOPT UNPACKING pc=0x0000000002d17490 sp=0x00000000013aece8 mode 0
Event: 7.375 Thread 0x0000000000fae000 Uncommon trap: trap_request=0xffffff65 fr.pc=0x0000000003298f14
Event: 7.375 Thread 0x0000000000fae000 DEOPT PACKING pc=0x0000000003298f14 sp=0x00000000013aefb0
Event: 7.375 Thread 0x0000000000fae000 DEOPT UNPACKING pc=0x0000000002d1583b sp=0x00000000013aef78 mode 2


Dynamic libraries:
0x00007ff73b8c0000 - 0x00007ff73b8f7000 	C:\Program Files\Java\jre1.8.0_171\bin\javaw.exe
0x00007ffc3e660000 - 0x00007ffc3e850000 	C:\WINDOWS\SYSTEM32\ntdll.dll
0x00007ffc3d070000 - 0x00007ffc3d122000 	C:\WINDOWS\System32\KERNEL32.DLL
0x00007ffc3b610000 - 0x00007ffc3b8b4000 	C:\WINDOWS\System32\KERNELBASE.dll
0x00007ffc3ce20000 - 0x00007ffc3cec3000 	C:\WINDOWS\System32\ADVAPI32.dll
0x00007ffc3cc50000 - 0x00007ffc3ccee000 	C:\WINDOWS\System32\msvcrt.dll
0x00007ffc3cf30000 - 0x00007ffc3cfc7000 	C:\WINDOWS\System32\sechost.dll
0x00007ffc3c740000 - 0x00007ffc3c860000 	C:\WINDOWS\System32\RPCRT4.dll
0x00007ffc3db10000 - 0x00007ffc3dca4000 	C:\WINDOWS\System32\USER32.dll
0x00007ffc3c040000 - 0x00007ffc3c061000 	C:\WINDOWS\System32\win32u.dll
0x00007ffc3dda0000 - 0x00007ffc3ddc6000 	C:\WINDOWS\System32\GDI32.dll
0x00007ffc3c4f0000 - 0x00007ffc3c684000 	C:\WINDOWS\System32\gdi32full.dll
0x00007ffc3c070000 - 0x00007ffc3c10e000 	C:\WINDOWS\System32\msvcp_win.dll
0x00007ffc3c3f0000 - 0x00007ffc3c4ea000 	C:\WINDOWS\System32\ucrtbase.dll
0x00007ffc28130000 - 0x00007ffc283b4000 	C:\WINDOWS\WinSxS\amd64_microsoft.windows.common-controls_6595b64144ccf1df_6.0.18362.836_none_e6c4b943130f18ed\COMCTL32.dll
0x00007ffc3c860000 - 0x00007ffc3cb96000 	C:\WINDOWS\System32\combase.dll
0x00007ffc3c690000 - 0x00007ffc3c710000 	C:\WINDOWS\System32\bcryptPrimitives.dll
0x00007ffc3c710000 - 0x00007ffc3c73e000 	C:\WINDOWS\System32\IMM32.DLL
0x0000000058ac0000 - 0x0000000058b92000 	C:\Program Files\Java\jre1.8.0_171\bin\msvcr100.dll
0x00000000575f0000 - 0x0000000057e90000 	C:\Program Files\Java\jre1.8.0_171\bin\server\jvm.dll
0x00007ffc3e540000 - 0x00007ffc3e548000 	C:\WINDOWS\System32\PSAPI.DLL
0x00007ffc31070000 - 0x00007ffc31079000 	C:\WINDOWS\SYSTEM32\WSOCK32.dll
0x00007ffc39060000 - 0x00007ffc39084000 	C:\WINDOWS\SYSTEM32\WINMM.dll
0x00007ffc3dcb0000 - 0x00007ffc3dd1f000 	C:\WINDOWS\System32\WS2_32.dll
0x00007ffc33170000 - 0x00007ffc3317a000 	C:\WINDOWS\SYSTEM32\VERSION.dll
0x00007ffc39030000 - 0x00007ffc3905d000 	C:\WINDOWS\SYSTEM32\WINMMBASE.dll
0x00007ffc3c110000 - 0x00007ffc3c15a000 	C:\WINDOWS\System32\cfgmgr32.dll
0x000000005a050000 - 0x000000005a05f000 	C:\Program Files\Java\jre1.8.0_171\bin\verify.dll
0x000000005a020000 - 0x000000005a049000 	C:\Program Files\Java\jre1.8.0_171\bin\java.dll
0x000000005a000000 - 0x000000005a016000 	C:\Program Files\Java\jre1.8.0_171\bin\zip.dll
0x00007ffc3d420000 - 0x00007ffc3db04000 	C:\WINDOWS\System32\SHELL32.dll
0x00007ffc3d1c0000 - 0x00007ffc3d269000 	C:\WINDOWS\System32\shcore.dll
0x00007ffc3b8c0000 - 0x00007ffc3c03e000 	C:\WINDOWS\System32\windows.storage.dll
0x00007ffc3b570000 - 0x00007ffc3b593000 	C:\WINDOWS\System32\profapi.dll
0x00007ffc3b5a0000 - 0x00007ffc3b5ea000 	C:\WINDOWS\System32\powrprof.dll
0x00007ffc3b520000 - 0x00007ffc3b530000 	C:\WINDOWS\System32\UMPDC.dll
0x00007ffc3df30000 - 0x00007ffc3df82000 	C:\WINDOWS\System32\shlwapi.dll
0x00007ffc3b530000 - 0x00007ffc3b541000 	C:\WINDOWS\System32\kernel.appcore.dll
0x00007ffc3b5f0000 - 0x00007ffc3b607000 	C:\WINDOWS\System32\cryptsp.dll
0x0000000058920000 - 0x0000000058ab8000 	C:\Program Files\Java\jre1.8.0_171\bin\awt.dll
0x00007ffc3e550000 - 0x00007ffc3e614000 	C:\WINDOWS\System32\OLEAUT32.dll
0x00007ffc397e0000 - 0x00007ffc3986f000 	C:\WINDOWS\SYSTEM32\apphelp.dll
0x00007ffc39dc0000 - 0x00007ffc39e59000 	C:\WINDOWS\system32\uxtheme.dll
0x00007ffc3e400000 - 0x00007ffc3e536000 	C:\WINDOWS\System32\MSCTF.dll
0x00007ffc3ddd0000 - 0x00007ffc3df27000 	C:\WINDOWS\System32\ole32.dll
0x00007ffc39ed0000 - 0x00007ffc39efd000 	C:\WINDOWS\system32\DWMAPI.DLL
0x00000000588d0000 - 0x0000000058917000 	C:\Program Files\Java\jre1.8.0_171\bin\fontmanager.dll
0x00007ffc18970000 - 0x00007ffc18ac6000 	C:\WINDOWS\system32\opengl32.dll
0x00007ffc23a70000 - 0x00007ffc23a9c000 	C:\WINDOWS\SYSTEM32\GLU32.dll
0x00007ffc3a190000 - 0x00007ffc3a1b0000 	C:\WINDOWS\SYSTEM32\dxcore.dll
0x00007ffc05cc0000 - 0x00007ffc05e87000 	C:\WINDOWS\system32\d3d9.dll
0x00007ffc33180000 - 0x00007ffc33301000 	C:\WINDOWS\System32\DriverStore\FileRepository\c0312549.inf_amd64_d0c053e57e0c1fd8\aticfx64.dll
0x00007ffc2d0a0000 - 0x00007ffc2d0c9000 	C:\WINDOWS\System32\DriverStore\FileRepository\c0312549.inf_amd64_d0c053e57e0c1fd8\atiu9p64.dll
0x00007ffc14360000 - 0x00007ffc14e19000 	C:\WINDOWS\System32\DriverStore\FileRepository\c0312549.inf_amd64_d0c053e57e0c1fd8\atiumd64.dll
0x00000000568d0000 - 0x0000000057434000 	C:\WINDOWS\System32\DriverStore\FileRepository\c0312549.inf_amd64_d0c053e57e0c1fd8\atiumd6a.dll
0x0000000059fe0000 - 0x0000000059ffa000 	C:\Program Files\Java\jre1.8.0_171\bin\net.dll
0x00007ffc3ad30000 - 0x00007ffc3ad97000 	C:\WINDOWS\system32\mswsock.dll
0x0000000059fc0000 - 0x0000000059fd1000 	C:\Program Files\Java\jre1.8.0_171\bin\nio.dll
0x0000000058880000 - 0x00000000588c2000 	C:\Program Files\Java\jre1.8.0_171\bin\t2k.dll
0x00007ffc3cba0000 - 0x00007ffc3cc42000 	C:\WINDOWS\System32\clbcatq.dll
0x00007ffc36d80000 - 0x00007ffc36f2f000 	C:\WINDOWS\SYSTEM32\WindowsCodecs.dll
0x00007ffc20540000 - 0x00007ffc2057a000 	C:\WINDOWS\system32\dataexchange.dll
0x00007ffc38890000 - 0x00007ffc38aeb000 	C:\WINDOWS\system32\d3d11.dll
0x00007ffc39090000 - 0x00007ffc3926c000 	C:\WINDOWS\system32\dcomp.dll
0x00007ffc3a1b0000 - 0x00007ffc3a29b000 	C:\WINDOWS\system32\dxgi.dll
0x00007ffc39870000 - 0x00007ffc39ad1000 	C:\WINDOWS\system32\twinapi.appcore.dll
0x00007ffc39cd0000 - 0x00007ffc39cf9000 	C:\WINDOWS\system32\RMCLIENT.dll
0x00007ffc30b80000 - 0x00007ffc30c1e000 	C:\WINDOWS\System32\TextInputFramework.dll
0x00007ffc38af0000 - 0x00007ffc38bc4000 	C:\WINDOWS\System32\CoreMessaging.dll
0x00007ffc37100000 - 0x00007ffc3742a000 	C:\WINDOWS\System32\CoreUIComponents.dll
0x00007ffc3a580000 - 0x00007ffc3a5b1000 	C:\WINDOWS\SYSTEM32\ntmarta.dll
0x00007ffc36f30000 - 0x00007ffc37083000 	C:\WINDOWS\SYSTEM32\wintypes.dll
0x00007ffc2e9e0000 - 0x00007ffc2ec86000 	C:\WINDOWS\System32\iertutil.dll

VM Arguments:
jvm_args: -Dfile.encoding=Cp1252 
java_command: machine.Main
java_class_path (initial): C:\Program Files\Java\jre1.8.0_171\lib\resources.jar;C:\Program Files\Java\jre1.8.0_171\lib\rt.jar;C:\Program Files\Java\jre1.8.0_171\lib\jsse.jar;C:\Program Files\Java\jre1.8.0_171\lib\jce.jar;C:\Program Files\Java\jre1.8.0_171\lib\charsets.jar;C:\Program Files\Java\jre1.8.0_171\lib\jfr.jar;C:\Program Files\Java\jre1.8.0_171\lib\ext\access-bridge-64.jar;C:\Program Files\Java\jre1.8.0_171\lib\ext\cldrdata.jar;C:\Program Files\Java\jre1.8.0_171\lib\ext\dnsns.jar;C:\Program Files\Java\jre1.8.0_171\lib\ext\jaccess.jar;C:\Program Files\Java\jre1.8.0_171\lib\ext\jfxrt.jar;C:\Program Files\Java\jre1.8.0_171\lib\ext\localedata.jar;C:\Program Files\Java\jre1.8.0_171\lib\ext\nashorn.jar;C:\Program Files\Java\jre1.8.0_171\lib\ext\sunec.jar;C:\Program Files\Java\jre1.8.0_171\lib\ext\sunjce_provider.jar;C:\Program Files\Java\jre1.8.0_171\lib\ext\sunmscapi.jar;C:\Program Files\Java\jre1.8.0_171\lib\ext\sunpkcs11.jar;C:\Program Files\Java\jre1.8.0_171\lib\ext\zipfs.jar;C:\Users\Daniel Briggs\eclipse-workspace\Turing\bin
Launcher Type: SUN_STANDARD

Environment Variables:
PATH=C:/Program Files/Java/jre1.8.0_171/bin/server;C:/Program Files/Java/jre1.8.0_171/bin;C:/Program Files/Java/jre1.8.0_171/lib/amd64;C:\Program Files (x86)\Common Files\Oracle\Java\javapath;C:\WINDOWS\system32;C:\WINDOWS;C:\WINDOWS\System32\Wbem;C:\WINDOWS\System32\WindowsPowerShell\v1.0\;C:\WINDOWS\System32\OpenSSH\;C:\Program Files\MiKTeX 2.9\miktex\bin\x64\;C:\Program Files\nodejs\;C:\Program Files\Git\cmd;C:\Users\Daniel Briggs\AppData\Local\Programs\Python\Python37-32\Scripts\;C:\Users\Daniel Briggs\AppData\Local\Programs\Python\Python37-32\;C:\Users\Daniel Briggs\AppData\Local\Microsoft\WindowsApps;C:\Users\Daniel Briggs\AppData\Roaming\npm;C:\Program Files\heroku\bin;;C:\WINDOWS\system32;
USERNAME=Daniel Briggs
OS=Windows_NT
PROCESSOR_IDENTIFIER=AMD64 Family 21 Model 112 Stepping 0, AuthenticAMD



---------------  S Y S T E M  ---------------

OS: Windows 10.0 , 64 bit Build 18362 (10.0.18362.778)

CPU:total 2 (initial active 2) (2 cores per cpu, 1 threads per core) family 21 model 112 stepping 0, cmov, cx8, fxsr, mmx, sse, sse2, sse3, ssse3, sse4.1, sse4.2, popcnt, avx, avx2, aes, clmul, mmxext, 3dnowpref, lzcnt, sse4a, tsc, tscinvbit, tscinv, bmi1

Memory: 4k page, physical 4077240k(334864k free), swap 5503672k(27548k free)

vm_info: Java HotSpot(TM) 64-Bit Server VM (25.171-b11) for windows-amd64 JRE (1.8.0_171-b11), built on Mar 28 2018 16:06:12 by "java_re" with MS VC++ 10.0 (VS2010)

time: Mon Jun 01 04:23:44 2020
elapsed time: 8 seconds (0d 0h 0m 8s)

