#
# There is insufficient memory for the Java Runtime Environment to continue.
# Native memory allocation (malloc) failed to allocate 724656 bytes for Chunk::new
# Possible reasons:
#   The system is out of physical RAM or swap space
#   In 32 bit mode, the process size limit was hit
# Possible solutions:
#   Reduce memory load on the system
#   Increase physical memory or swap space
#   Check if swap backing store is full
#   Use 64 bit Java on a 64 bit OS
#   Decrease Java heap size (-Xmx/-Xms)
#   Decrease number of Java threads
#   Decrease Java thread stack sizes (-Xss)
#   Set larger code cache with -XX:ReservedCodeCacheSize=
# This output file may be truncated or incomplete.
#
#  Out of Memory Error (allocation.cpp:390), pid=1828, tid=0x00000000000031e0
#
# JRE version: Java(TM) SE Runtime Environment (8.0_171-b11) (build 1.8.0_171-b11)
# Java VM: Java HotSpot(TM) 64-Bit Server VM (25.171-b11 mixed mode windows-amd64 compressed oops)
# Failed to write core dump. Minidumps are not enabled by default on client versions of Windows
#

---------------  T H R E A D  ---------------

Current thread (0x0000000014849800):  JavaThread "C2 CompilerThread0" daemon [_thread_in_native, id=12768, stack(0x0000000015880000,0x0000000015980000)]

Stack: [0x0000000015880000,0x0000000015980000]
[error occurred during error reporting (printing stack bounds), id 0xc0000005]

Native frames: (J=compiled Java code, j=interpreted, Vv=VM code, C=native code)


Current CompileTask:
C2:   5212 1322 % !   4       machine.Tests::bigStretchTapeTest @ 147 (340 bytes)


---------------  P R O C E S S  ---------------

Java Threads: ( => current thread )
  0x000000001ba0c800 JavaThread "D3D Screen Updater" daemon [_thread_blocked, id=10868, stack(0x000000001cc70000,0x000000001cd70000)]
  0x000000001ba0b000 JavaThread "TimerQueue" daemon [_thread_blocked, id=5820, stack(0x000000001cb70000,0x000000001cc70000)]
  0x000000001b9b2000 JavaThread "AWT-EventQueue-0" [_thread_blocked, id=6184, stack(0x000000001c370000,0x000000001c470000)]
  0x0000000015fb5000 JavaThread "AWT-Windows" daemon [_thread_in_native, id=12808, stack(0x00000000163c0000,0x00000000164c0000)]
  0x0000000015fb0800 JavaThread "AWT-Shutdown" [_thread_blocked, id=12132, stack(0x00000000162c0000,0x00000000163c0000)]
  0x0000000015fb0000 JavaThread "Java2D Disposer" daemon [_thread_blocked, id=10304, stack(0x00000000161c0000,0x00000000162c0000)]
  0x00000000148ac000 JavaThread "Service Thread" daemon [_thread_blocked, id=10892, stack(0x0000000015a80000,0x0000000015b80000)]
  0x00000000148a5800 JavaThread "C1 CompilerThread1" daemon [_thread_blocked, id=6064, stack(0x0000000015980000,0x0000000015a80000)]
=>0x0000000014849800 JavaThread "C2 CompilerThread0" daemon [_thread_in_native, id=12768, stack(0x0000000015880000,0x0000000015980000)]
  0x0000000014848000 JavaThread "Attach Listener" daemon [_thread_blocked, id=6156, stack(0x0000000015780000,0x0000000015880000)]
  0x0000000014845000 JavaThread "Signal Dispatcher" daemon [_thread_blocked, id=12712, stack(0x0000000015680000,0x0000000015780000)]
  0x0000000014838800 JavaThread "Finalizer" daemon [_thread_blocked, id=7824, stack(0x0000000015480000,0x0000000015580000)]
  0x00000000024af000 JavaThread "Reference Handler" daemon [_thread_blocked, id=13104, stack(0x0000000015380000,0x0000000015480000)]
  0x0000000000a7e000 JavaThread "main" [_thread_in_Java, id=8024, stack(0x00000000022c0000,0x00000000023c0000)]

Other Threads:
  0x0000000014816800 VMThread [stack: 0x0000000015280000,0x0000000015380000] [id=12168]
  0x00000000148af000 WatcherThread [stack: 0x0000000015b80000,0x0000000015c80000] [id=11448]

VM state:not at safepoint (normal execution)

VM Mutex/Monitor currently owned by a thread: None

Heap:
 PSYoungGen      total 35328K, used 26218K [0x00000000eb400000, 0x00000000ed900000, 0x0000000100000000)
  eden space 32768K, 72% used [0x00000000eb400000,0x00000000ecb1ea58,0x00000000ed400000)
  from space 2560K, 99% used [0x00000000ed680000,0x00000000ed8fc020,0x00000000ed900000)
  to   space 2560K, 0% used [0x00000000ed400000,0x00000000ed400000,0x00000000ed680000)
 ParOldGen       total 67584K, used 51439K [0x00000000c1c00000, 0x00000000c5e00000, 0x00000000eb400000)
  object space 67584K, 76% used [0x00000000c1c00000,0x00000000c4e3bc40,0x00000000c5e00000)
 Metaspace       used 11523K, capacity 11736K, committed 11776K, reserved 1058816K
  class space    used 1437K, capacity 1518K, committed 1536K, reserved 1048576K

Card table byte_map: [0x0000000011880000,0x0000000011a80000] byte_map_base: 0x0000000011272000

Marking Bits: (ParMarkBitMap*) 0x0000000057e108c0
 Begin Bits: [0x0000000011dd0000, 0x0000000012d60000)
 End Bits:   [0x0000000012d60000, 0x0000000013cf0000)

Polling page: 0x00000000001f0000

CodeCache: size=245760Kb used=4548Kb max_used=4548Kb free=241211Kb
 bounds [0x00000000024c0000, 0x0000000002940000, 0x00000000114c0000]
 total_blobs=1854 nmethods=1379 adapters=388
 compilation: enabled

Compilation events (10 events):
Event: 5.042 Thread 0x00000000148a5800 nmethod 1395 0x000000000290d550 code [0x000000000290d6c0, 0x000000000290d918]
Event: 5.042 Thread 0x00000000148a5800 1396   !   2       java.awt.Component::invalidate (63 bytes)
Event: 5.043 Thread 0x00000000148a5800 nmethod 1396 0x000000000290ced0 code [0x000000000290d040, 0x000000000290d408]
Event: 5.045 Thread 0x00000000148a5800 1397  s    2       sun.java2d.d3d.D3DRenderQueue::getInstance (33 bytes)
Event: 5.045 Thread 0x00000000148a5800 nmethod 1397 0x000000000290c590 code [0x000000000290c720, 0x000000000290cc78]
Event: 5.173 Thread 0x00000000148a5800 1398       2       java.awt.Font::getFont2D (105 bytes)
Event: 5.188 Thread 0x00000000148a5800 nmethod 1398 0x000000000290bb10 code [0x000000000290bcc0, 0x000000000290c2a8]
Event: 5.188 Thread 0x00000000148a5800 1399       1       sun.java2d.SurfaceDataProxy::isValid (5 bytes)
Event: 5.189 Thread 0x00000000148a5800 nmethod 1399 0x000000000290b850 code [0x000000000290b9a0, 0x000000000290bab0]
Event: 5.191 Thread 0x00000000148a5800 1401       2       sun.java2d.pipe.BufferedPaints::setPaint (125 bytes)

GC Heap History (10 events):
Event: 3.315 GC heap before
{Heap before GC invocations=2 (full 0):
 PSYoungGen      total 18944K, used 18925K [0x00000000eb400000, 0x00000000ec900000, 0x0000000100000000)
  eden space 16384K, 100% used [0x00000000eb400000,0x00000000ec400000,0x00000000ec400000)
  from space 2560K, 99% used [0x00000000ec400000,0x00000000ec67b6b0,0x00000000ec680000)
  to   space 2560K, 0% used [0x00000000ec680000,0x00000000ec680000,0x00000000ec900000)
 ParOldGen       total 44032K, used 884K [0x00000000c1c00000, 0x00000000c4700000, 0x00000000eb400000)
  object space 44032K, 2% used [0x00000000c1c00000,0x00000000c1cdd010,0x00000000c4700000)
 Metaspace       used 11040K, capacity 11252K, committed 11520K, reserved 1058816K
  class space    used 1411K, capacity 1486K, committed 1536K, reserved 1048576K
Event: 3.387 GC heap after
Heap after GC invocations=2 (full 0):
 PSYoungGen      total 18944K, used 2549K [0x00000000eb400000, 0x00000000ed900000, 0x0000000100000000)
  eden space 16384K, 0% used [0x00000000eb400000,0x00000000eb400000,0x00000000ec400000)
  from space 2560K, 99% used [0x00000000ec680000,0x00000000ec8fd6a0,0x00000000ec900000)
  to   space 2560K, 0% used [0x00000000ec400000,0x00000000ec400000,0x00000000ec680000)
 ParOldGen       total 44032K, used 3612K [0x00000000c1c00000, 0x00000000c4700000, 0x00000000eb400000)
  object space 44032K, 8% used [0x00000000c1c00000,0x00000000c1f87010,0x00000000c4700000)
 Metaspace       used 11040K, capacity 11252K, committed 11520K, reserved 1058816K
  class space    used 1411K, capacity 1486K, committed 1536K, reserved 1048576K
}
Event: 4.052 GC heap before
{Heap before GC invocations=3 (full 0):
 PSYoungGen      total 18944K, used 18933K [0x00000000eb400000, 0x00000000ed900000, 0x0000000100000000)
  eden space 16384K, 100% used [0x00000000eb400000,0x00000000ec400000,0x00000000ec400000)
  from space 2560K, 99% used [0x00000000ec680000,0x00000000ec8fd6a0,0x00000000ec900000)
  to   space 2560K, 0% used [0x00000000ec400000,0x00000000ec400000,0x00000000ec680000)
 ParOldGen       total 44032K, used 3612K [0x00000000c1c00000, 0x00000000c4700000, 0x00000000eb400000)
  object space 44032K, 8% used [0x00000000c1c00000,0x00000000c1f87010,0x00000000c4700000)
 Metaspace       used 11351K, capacity 11544K, committed 11776K, reserved 1058816K
  class space    used 1434K, capacity 1518K, committed 1536K, reserved 1048576K
Event: 4.065 GC heap after
Heap after GC invocations=3 (full 0):
 PSYoungGen      total 18944K, used 2544K [0x00000000eb400000, 0x00000000ed900000, 0x0000000100000000)
  eden space 16384K, 0% used [0x00000000eb400000,0x00000000eb400000,0x00000000ec400000)
  from space 2560K, 99% used [0x00000000ec400000,0x00000000ec67c020,0x00000000ec680000)
  to   space 2560K, 0% used [0x00000000ed680000,0x00000000ed680000,0x00000000ed900000)
 ParOldGen       total 44032K, used 3636K [0x00000000c1c00000, 0x00000000c4700000, 0x00000000eb400000)
  object space 44032K, 8% used [0x00000000c1c00000,0x00000000c1f8d010,0x00000000c4700000)
 Metaspace       used 11351K, capacity 11544K, committed 11776K, reserved 1058816K
  class space    used 1434K, capacity 1518K, committed 1536K, reserved 1048576K
}
Event: 4.820 GC heap before
{Heap before GC invocations=4 (full 0):
 PSYoungGen      total 18944K, used 9984K [0x00000000eb400000, 0x00000000ed900000, 0x0000000100000000)
  eden space 16384K, 45% used [0x00000000eb400000,0x00000000ebb44148,0x00000000ec400000)
  from space 2560K, 99% used [0x00000000ec400000,0x00000000ec67c020,0x00000000ec680000)
  to   space 2560K, 0% used [0x00000000ed680000,0x00000000ed680000,0x00000000ed900000)
 ParOldGen       total 67584K, used 50511K [0x00000000c1c00000, 0x00000000c5e00000, 0x00000000eb400000)
  object space 67584K, 74% used [0x00000000c1c00000,0x00000000c4d53c40,0x00000000c5e00000)
 Metaspace       used 11454K, capacity 11672K, committed 11776K, reserved 1058816K
  class space    used 1436K, capacity 1518K, committed 1536K, reserved 1048576K
Event: 4.838 GC heap after
Heap after GC invocations=4 (full 0):
 PSYoungGen      total 35328K, used 2544K [0x00000000eb400000, 0x00000000ed900000, 0x0000000100000000)
  eden space 32768K, 0% used [0x00000000eb400000,0x00000000eb400000,0x00000000ed400000)
  from space 2560K, 99% used [0x00000000ed680000,0x00000000ed8fc020,0x00000000ed900000)
  to   space 2560K, 0% used [0x00000000ed400000,0x00000000ed400000,0x00000000ed680000)
 ParOldGen       total 67584K, used 51439K [0x00000000c1c00000, 0x00000000c5e00000, 0x00000000eb400000)
  object space 67584K, 76% used [0x00000000c1c00000,0x00000000c4e3bc40,0x00000000c5e00000)
 Metaspace       used 11454K, capacity 11672K, committed 11776K, reserved 1058816K
  class space    used 1436K, capacity 1518K, committed 1536K, reserved 1048576K
}
Event: 5.020 GC heap before
{Heap before GC invocations=5 (full 0):
 PSYoungGen      total 35328K, used 27186K [0x00000000eb400000, 0x00000000ed900000, 0x0000000100000000)
  eden space 32768K, 75% used [0x00000000eb400000,0x00000000ecc10a88,0x00000000ed400000)
  from space 2560K, 99% used [0x00000000ed680000,0x00000000ed8fc020,0x00000000ed900000)
  to   space 2560K, 0% used [0x00000000ed400000,0x00000000ed400000,0x00000000ed680000)
 ParOldGen       total 67584K, used 51439K [0x00000000c1c00000, 0x00000000c5e00000, 0x00000000eb400000)
  object space 67584K, 76% used [0x00000000c1c00000,0x00000000c4e3bc40,0x00000000c5e00000)
 Metaspace       used 11484K, capacity 11736K, committed 11776K, reserved 1058816K
  class space    used 1437K, capacity 1518K, committed 1536K, reserved 1048576K
Event: 5.032 GC heap after
Heap after GC invocations=5 (full 0):
 PSYoungGen      total 35328K, used 2544K [0x00000000eb400000, 0x00000000ed900000, 0x0000000100000000)
  eden space 32768K, 0% used [0x00000000eb400000,0x00000000eb400000,0x00000000ed400000)
  from space 2560K, 99% used [0x00000000ed400000,0x00000000ed67c020,0x00000000ed680000)
  to   space 2560K, 0% used [0x00000000ed680000,0x00000000ed680000,0x00000000ed900000)
 ParOldGen       total 67584K, used 51439K [0x00000000c1c00000, 0x00000000c5e00000, 0x00000000eb400000)
  object space 67584K, 76% used [0x00000000c1c00000,0x00000000c4e3bc40,0x00000000c5e00000)
 Metaspace       used 11484K, capacity 11736K, committed 11776K, reserved 1058816K
  class space    used 1437K, capacity 1518K, committed 1536K, reserved 1048576K
}
Event: 5.179 GC heap before
{Heap before GC invocations=6 (full 0):
 PSYoungGen      total 35328K, used 26893K [0x00000000eb400000, 0x00000000ed900000, 0x0000000100000000)
  eden space 32768K, 74% used [0x00000000eb400000,0x00000000ecbc7748,0x00000000ed400000)
  from space 2560K, 99% used [0x00000000ed400000,0x00000000ed67c020,0x00000000ed680000)
  to   space 2560K, 0% used [0x00000000ed680000,0x00000000ed680000,0x00000000ed900000)
 ParOldGen       total 67584K, used 51439K [0x00000000c1c00000, 0x00000000c5e00000, 0x00000000eb400000)
  object space 67584K, 76% used [0x00000000c1c00000,0x00000000c4e3bc40,0x00000000c5e00000)
 Metaspace       used 11502K, capacity 11736K, committed 11776K, reserved 1058816K
  class space    used 1437K, capacity 1518K, committed 1536K, reserved 1048576K
Event: 5.188 GC heap after
Heap after GC invocations=6 (full 0):
 PSYoungGen      total 35328K, used 2544K [0x00000000eb400000, 0x00000000ed900000, 0x0000000100000000)
  eden space 32768K, 0% used [0x00000000eb400000,0x00000000eb400000,0x00000000ed400000)
  from space 2560K, 99% used [0x00000000ed680000,0x00000000ed8fc020,0x00000000ed900000)
  to   space 2560K, 0% used [0x00000000ed400000,0x00000000ed400000,0x00000000ed680000)
 ParOldGen       total 67584K, used 51439K [0x00000000c1c00000, 0x00000000c5e00000, 0x00000000eb400000)
  object space 67584K, 76% used [0x00000000c1c00000,0x00000000c4e3bc40,0x00000000c5e00000)
 Metaspace       used 11502K, capacity 11736K, committed 11776K, reserved 1058816K
  class space    used 1437K, capacity 1518K, committed 1536K, reserved 1048576K
}

Deoptimization events (10 events):
Event: 3.501 Thread 0x000000001b9b2000 Uncommon trap: reason=unstable_if action=reinterpret pc=0x00000000028261bc method=java.awt.EventQueue.getPriority(Ljava/awt/AWTEvent;)I @ 64
Event: 3.501 Thread 0x000000001b9b2000 Uncommon trap: reason=bimorphic action=maybe_recompile pc=0x000000000281a4ac method=javax.swing.RepaintManager.addDirtyRegion0(Ljava/awt/Container;IIII)V @ 16
Event: 3.599 Thread 0x000000001b9b2000 Uncommon trap: reason=unstable_if action=reinterpret pc=0x000000000281fc78 method=java.security.AccessControlContext.optimize()Ljava/security/AccessControlContext; @ 11
Event: 3.603 Thread 0x000000001b9b2000 Uncommon trap: reason=unstable_if action=reinterpret pc=0x000000000280a990 method=javax.swing.text.PlainView.lineToRect(Ljava/awt/Shape;I)Ljava/awt/Rectangle; @ 22
Event: 3.732 Thread 0x0000000000a7e000 Uncommon trap: reason=unstable_if action=reinterpret pc=0x0000000002837900 method=javax.swing.text.AbstractDocument.writeLock()V @ 4
Event: 3.732 Thread 0x0000000000a7e000 Uncommon trap: reason=unstable_if action=reinterpret pc=0x000000000281d87c method=javax.swing.text.AbstractDocument.writeLock()V @ 4
Event: 4.073 Thread 0x0000000000a7e000 Uncommon trap: reason=unstable_if action=reinterpret pc=0x000000000289372c method=javax.swing.text.PlainDocument.insertUpdate(Ljavax/swing/text/AbstractDocument$DefaultDocumentEvent;Ljavax/swing/text/AttributeSet;)V @ 225
Event: 4.444 Thread 0x0000000000a7e000 Uncommon trap: reason=unreached action=reinterpret pc=0x00000000028d9b50 method=machine.Tests.bigStretchTapeTest()Z @ 310
Event: 4.521 Thread 0x0000000000a7e000 Uncommon trap: reason=unstable_if action=reinterpret pc=0x00000000028d742c method=machine.Tests.bigStretchTapeTest()Z @ 168
Event: 4.819 Thread 0x0000000000a7e000 Uncommon trap: reason=unstable_if action=reinterpret pc=0x00000000028cb244 method=sun.awt.PostEventQueue.flush()V @ 23

Classes redefined (0 events):
No events

Internal exceptions (10 events):
Event: 0.393 Thread 0x0000000000a7e000 Exception <a 'java/security/PrivilegedActionException'> (0x00000000eb496548) thrown at [C:\re\workspace\8-2-build-windows-amd64-cygwin\jdk8u171\10807\hotspot\src\share\vm\prims\jvm.cpp, line 1435]
Event: 0.393 Thread 0x0000000000a7e000 Exception <a 'java/security/PrivilegedActionException'> (0x00000000eb496758) thrown at [C:\re\workspace\8-2-build-windows-amd64-cygwin\jdk8u171\10807\hotspot\src\share\vm\prims\jvm.cpp, line 1435]
Event: 0.396 Thread 0x0000000000a7e000 Exception <a 'java/security/PrivilegedActionException'> (0x00000000eb49a3c8) thrown at [C:\re\workspace\8-2-build-windows-amd64-cygwin\jdk8u171\10807\hotspot\src\share\vm\prims\jvm.cpp, line 1435]
Event: 0.396 Thread 0x0000000000a7e000 Exception <a 'java/security/PrivilegedActionException'> (0x00000000eb49a5d8) thrown at [C:\re\workspace\8-2-build-windows-amd64-cygwin\jdk8u171\10807\hotspot\src\share\vm\prims\jvm.cpp, line 1435]
Event: 0.820 Thread 0x0000000000a7e000 Exception <a 'java/io/FileNotFoundException'> (0x00000000eb609ad0) thrown at [C:\re\workspace\8-2-build-windows-amd64-cygwin\jdk8u171\10807\hotspot\src\share\vm\prims\jni.cpp, line 709]
Event: 0.956 Thread 0x0000000000a7e000 Exception <a 'java/lang/NoSuchFieldError': method resolution failed> (0x00000000eb6da240) thrown at [C:\re\workspace\8-2-build-windows-amd64-cygwin\jdk8u171\10807\hotspot\src\share\vm\prims\methodHandles.cpp, line 1167]
Event: 0.971 Thread 0x0000000000a7e000 Exception <a 'java/lang/NoSuchFieldError': method resolution failed> (0x00000000eb6e75e0) thrown at [C:\re\workspace\8-2-build-windows-amd64-cygwin\jdk8u171\10807\hotspot\src\share\vm\prims\methodHandles.cpp, line 1167]
Event: 1.116 Thread 0x0000000000a7e000 Exception <a 'java/io/FileNotFoundException'> (0x00000000eb8205d8) thrown at [C:\re\workspace\8-2-build-windows-amd64-cygwin\jdk8u171\10807\hotspot\src\share\vm\prims\jni.cpp, line 709]
Event: 2.394 Thread 0x0000000000a7e000 Implicit null exception at 0x000000000260a996 to 0x000000000260acf1
Event: 2.395 Thread 0x0000000000a7e000 Implicit null exception at 0x000000000260a116 to 0x000000000260a471

Events (10 events):
Event: 4.819 Thread 0x0000000000a7e000 DEOPT PACKING pc=0x00000000028cb244 sp=0x00000000023bee90
Event: 4.819 Thread 0x0000000000a7e000 DEOPT UNPACKING pc=0x000000000250583b sp=0x00000000023bebb8 mode 2
Event: 4.819 Executing VM operation: ParallelGCFailedAllocation
Event: 4.838 Executing VM operation: ParallelGCFailedAllocation done
Event: 4.890 loading class sun/awt/EventQueueDelegate$Delegate
Event: 4.941 loading class sun/awt/EventQueueDelegate$Delegate done
Event: 5.020 Executing VM operation: ParallelGCFailedAllocation
Event: 5.032 Executing VM operation: ParallelGCFailedAllocation done
Event: 5.176 Executing VM operation: ParallelGCFailedAllocation
Event: 5.188 Executing VM operation: ParallelGCFailedAllocation done


Dynamic libraries:
0x00007ff7518b0000 - 0x00007ff7518e7000 	C:\Program Files\Java\jre1.8.0_171\bin\javaw.exe
0x00007ffc3e660000 - 0x00007ffc3e850000 	C:\WINDOWS\SYSTEM32\ntdll.dll
0x00007ffc3d070000 - 0x00007ffc3d122000 	C:\WINDOWS\System32\KERNEL32.DLL
0x00007ffc3b610000 - 0x00007ffc3b8b4000 	C:\WINDOWS\System32\KERNELBASE.dll
0x00007ffc3ce20000 - 0x00007ffc3cec3000 	C:\WINDOWS\System32\ADVAPI32.dll
0x00007ffc3cc50000 - 0x00007ffc3ccee000 	C:\WINDOWS\System32\msvcrt.dll
0x00007ffc3cf30000 - 0x00007ffc3cfc7000 	C:\WINDOWS\System32\sechost.dll
0x00007ffc3c740000 - 0x00007ffc3c860000 	C:\WINDOWS\System32\RPCRT4.dll
0x00007ffc3db10000 - 0x00007ffc3dca4000 	C:\WINDOWS\System32\USER32.dll
0x00007ffc3c040000 - 0x00007ffc3c061000 	C:\WINDOWS\System32\win32u.dll
0x00007ffc3dda0000 - 0x00007ffc3ddc6000 	C:\WINDOWS\System32\GDI32.dll
0x00007ffc3c4f0000 - 0x00007ffc3c684000 	C:\WINDOWS\System32\gdi32full.dll
0x00007ffc3c070000 - 0x00007ffc3c10e000 	C:\WINDOWS\System32\msvcp_win.dll
0x00007ffc3c3f0000 - 0x00007ffc3c4ea000 	C:\WINDOWS\System32\ucrtbase.dll
0x00007ffc28130000 - 0x00007ffc283b4000 	C:\WINDOWS\WinSxS\amd64_microsoft.windows.common-controls_6595b64144ccf1df_6.0.18362.836_none_e6c4b943130f18ed\COMCTL32.dll
0x00007ffc3c860000 - 0x00007ffc3cb96000 	C:\WINDOWS\System32\combase.dll
0x00007ffc3c690000 - 0x00007ffc3c710000 	C:\WINDOWS\System32\bcryptPrimitives.dll
0x00007ffc3c710000 - 0x00007ffc3c73e000 	C:\WINDOWS\System32\IMM32.DLL
0x0000000058ac0000 - 0x0000000058b92000 	C:\Program Files\Java\jre1.8.0_171\bin\msvcr100.dll
0x00000000575f0000 - 0x0000000057e90000 	C:\Program Files\Java\jre1.8.0_171\bin\server\jvm.dll
0x00007ffc3e540000 - 0x00007ffc3e548000 	C:\WINDOWS\System32\PSAPI.DLL
0x00007ffc31070000 - 0x00007ffc31079000 	C:\WINDOWS\SYSTEM32\WSOCK32.dll
0x00007ffc3dcb0000 - 0x00007ffc3dd1f000 	C:\WINDOWS\System32\WS2_32.dll
0x00007ffc33170000 - 0x00007ffc3317a000 	C:\WINDOWS\SYSTEM32\VERSION.dll
0x00007ffc39060000 - 0x00007ffc39084000 	C:\WINDOWS\SYSTEM32\WINMM.dll
0x00007ffc39030000 - 0x00007ffc3905d000 	C:\WINDOWS\SYSTEM32\WINMMBASE.dll
0x00007ffc3c110000 - 0x00007ffc3c15a000 	C:\WINDOWS\System32\cfgmgr32.dll
0x000000005a050000 - 0x000000005a05f000 	C:\Program Files\Java\jre1.8.0_171\bin\verify.dll
0x000000005a020000 - 0x000000005a049000 	C:\Program Files\Java\jre1.8.0_171\bin\java.dll
0x000000005a000000 - 0x000000005a016000 	C:\Program Files\Java\jre1.8.0_171\bin\zip.dll
0x00007ffc3d420000 - 0x00007ffc3db04000 	C:\WINDOWS\System32\SHELL32.dll
0x00007ffc3d1c0000 - 0x00007ffc3d269000 	C:\WINDOWS\System32\shcore.dll
0x00007ffc3b8c0000 - 0x00007ffc3c03e000 	C:\WINDOWS\System32\windows.storage.dll
0x00007ffc3b570000 - 0x00007ffc3b593000 	C:\WINDOWS\System32\profapi.dll
0x00007ffc3b5a0000 - 0x00007ffc3b5ea000 	C:\WINDOWS\System32\powrprof.dll
0x00007ffc3b520000 - 0x00007ffc3b530000 	C:\WINDOWS\System32\UMPDC.dll
0x00007ffc3df30000 - 0x00007ffc3df82000 	C:\WINDOWS\System32\shlwapi.dll
0x00007ffc3b530000 - 0x00007ffc3b541000 	C:\WINDOWS\System32\kernel.appcore.dll
0x00007ffc3b5f0000 - 0x00007ffc3b607000 	C:\WINDOWS\System32\cryptsp.dll
0x0000000057450000 - 0x00000000575e8000 	C:\Program Files\Java\jre1.8.0_171\bin\awt.dll
0x00007ffc3e550000 - 0x00007ffc3e614000 	C:\WINDOWS\System32\OLEAUT32.dll
0x00007ffc397e0000 - 0x00007ffc3986f000 	C:\WINDOWS\SYSTEM32\apphelp.dll
0x00007ffc39dc0000 - 0x00007ffc39e59000 	C:\WINDOWS\system32\uxtheme.dll
0x00007ffc3e400000 - 0x00007ffc3e536000 	C:\WINDOWS\System32\MSCTF.dll
0x00007ffc3ddd0000 - 0x00007ffc3df27000 	C:\WINDOWS\System32\ole32.dll
0x00007ffc39ed0000 - 0x00007ffc39efd000 	C:\WINDOWS\system32\DWMAPI.DLL
0x0000000058a70000 - 0x0000000058ab7000 	C:\Program Files\Java\jre1.8.0_171\bin\fontmanager.dll
0x00007ffc18fc0000 - 0x00007ffc19116000 	C:\WINDOWS\system32\opengl32.dll
0x00007ffc24290000 - 0x00007ffc242bc000 	C:\WINDOWS\SYSTEM32\GLU32.dll
0x00007ffc3a190000 - 0x00007ffc3a1b0000 	C:\WINDOWS\SYSTEM32\dxcore.dll
0x00007ffc05cc0000 - 0x00007ffc05e87000 	C:\WINDOWS\system32\d3d9.dll
0x00007ffc33180000 - 0x00007ffc33301000 	C:\WINDOWS\System32\DriverStore\FileRepository\c0312549.inf_amd64_d0c053e57e0c1fd8\aticfx64.dll
0x00007ffc2d0a0000 - 0x00007ffc2d0c9000 	C:\WINDOWS\System32\DriverStore\FileRepository\c0312549.inf_amd64_d0c053e57e0c1fd8\atiu9p64.dll
0x00007ffc08470000 - 0x00007ffc08f29000 	C:\WINDOWS\System32\DriverStore\FileRepository\c0312549.inf_amd64_d0c053e57e0c1fd8\atiumd64.dll
0x0000000057e90000 - 0x00000000589f4000 	C:\WINDOWS\System32\DriverStore\FileRepository\c0312549.inf_amd64_d0c053e57e0c1fd8\atiumd6a.dll
0x0000000059fe0000 - 0x0000000059ffa000 	C:\Program Files\Java\jre1.8.0_171\bin\net.dll
0x00007ffc3ad30000 - 0x00007ffc3ad97000 	C:\WINDOWS\system32\mswsock.dll
0x0000000059fc0000 - 0x0000000059fd1000 	C:\Program Files\Java\jre1.8.0_171\bin\nio.dll
0x0000000058a20000 - 0x0000000058a62000 	C:\Program Files\Java\jre1.8.0_171\bin\t2k.dll
0x00007ffc3cba0000 - 0x00007ffc3cc42000 	C:\WINDOWS\System32\clbcatq.dll
0x00007ffc36d80000 - 0x00007ffc36f2f000 	C:\WINDOWS\SYSTEM32\WindowsCodecs.dll
0x00007ffc20540000 - 0x00007ffc2057a000 	C:\WINDOWS\system32\dataexchange.dll
0x00007ffc38890000 - 0x00007ffc38aeb000 	C:\WINDOWS\system32\d3d11.dll
0x00007ffc39090000 - 0x00007ffc3926c000 	C:\WINDOWS\system32\dcomp.dll
0x00007ffc3a1b0000 - 0x00007ffc3a29b000 	C:\WINDOWS\system32\dxgi.dll
0x00007ffc39870000 - 0x00007ffc39ad1000 	C:\WINDOWS\system32\twinapi.appcore.dll
0x00007ffc39cd0000 - 0x00007ffc39cf9000 	C:\WINDOWS\system32\RMCLIENT.dll
0x00007ffc30b80000 - 0x00007ffc30c1e000 	C:\WINDOWS\System32\TextInputFramework.dll
0x00007ffc38af0000 - 0x00007ffc38bc4000 	C:\WINDOWS\System32\CoreMessaging.dll
0x00007ffc37100000 - 0x00007ffc3742a000 	C:\WINDOWS\System32\CoreUIComponents.dll
0x00007ffc36f30000 - 0x00007ffc37083000 	C:\WINDOWS\SYSTEM32\wintypes.dll
0x00007ffc3a580000 - 0x00007ffc3a5b1000 	C:\WINDOWS\SYSTEM32\ntmarta.dll
0x00007ffc2e9e0000 - 0x00007ffc2ec86000 	C:\WINDOWS\System32\iertutil.dll

VM Arguments:
jvm_args: -Dfile.encoding=Cp1252 
java_command: machine.Main
java_class_path (initial): C:\Program Files\Java\jre1.8.0_171\lib\resources.jar;C:\Program Files\Java\jre1.8.0_171\lib\rt.jar;C:\Program Files\Java\jre1.8.0_171\lib\jsse.jar;C:\Program Files\Java\jre1.8.0_171\lib\jce.jar;C:\Program Files\Java\jre1.8.0_171\lib\charsets.jar;C:\Program Files\Java\jre1.8.0_171\lib\jfr.jar;C:\Program Files\Java\jre1.8.0_171\lib\ext\access-bridge-64.jar;C:\Program Files\Java\jre1.8.0_171\lib\ext\cldrdata.jar;C:\Program Files\Java\jre1.8.0_171\lib\ext\dnsns.jar;C:\Program Files\Java\jre1.8.0_171\lib\ext\jaccess.jar;C:\Program Files\Java\jre1.8.0_171\lib\ext\jfxrt.jar;C:\Program Files\Java\jre1.8.0_171\lib\ext\localedata.jar;C:\Program Files\Java\jre1.8.0_171\lib\ext\nashorn.jar;C:\Program Files\Java\jre1.8.0_171\lib\ext\sunec.jar;C:\Program Files\Java\jre1.8.0_171\lib\ext\sunjce_provider.jar;C:\Program Files\Java\jre1.8.0_171\lib\ext\sunmscapi.jar;C:\Program Files\Java\jre1.8.0_171\lib\ext\sunpkcs11.jar;C:\Program Files\Java\jre1.8.0_171\lib\ext\zipfs.jar;C:\Users\Daniel Briggs\eclipse-workspace\Turing\bin
Launcher Type: SUN_STANDARD

Environment Variables:
PATH=C:/Program Files/Java/jre1.8.0_171/bin/server;C:/Program Files/Java/jre1.8.0_171/bin;C:/Program Files/Java/jre1.8.0_171/lib/amd64;C:\Program Files (x86)\Common Files\Oracle\Java\javapath;C:\WINDOWS\system32;C:\WINDOWS;C:\WINDOWS\System32\Wbem;C:\WINDOWS\System32\WindowsPowerShell\v1.0\;C:\WINDOWS\System32\OpenSSH\;C:\Program Files\MiKTeX 2.9\miktex\bin\x64\;C:\Program Files\nodejs\;C:\Program Files\Git\cmd;C:\Users\Daniel Briggs\AppData\Local\Programs\Python\Python37-32\Scripts\;C:\Users\Daniel Briggs\AppData\Local\Programs\Python\Python37-32\;C:\Users\Daniel Briggs\AppData\Local\Microsoft\WindowsApps;C:\Users\Daniel Briggs\AppData\Roaming\npm;C:\Program Files\heroku\bin;;C:\WINDOWS\system32;
USERNAME=Daniel Briggs
OS=Windows_NT
PROCESSOR_IDENTIFIER=AMD64 Family 21 Model 112 Stepping 0, AuthenticAMD



---------------  S Y S T E M  ---------------

OS: Windows 10.0 , 64 bit Build 18362 (10.0.18362.778)

CPU:total 2 (initial active 2) (2 cores per cpu, 1 threads per core) family 21 model 112 stepping 0, cmov, cx8, fxsr, mmx, sse, sse2, sse3, ssse3, sse4.1, sse4.2, popcnt, avx, avx2, aes, clmul, mmxext, 3dnowpref, lzcnt, sse4a, tsc, tscinvbit, tscinv, bmi1

Memory: 4k page, physical 4077240k(420192k free), swap 5503672k(5788k free)

vm_info: Java HotSpot(TM) 64-Bit Server VM (25.171-b11) for windows-amd64 JRE (1.8.0_171-b11), built on Mar 28 2018 16:06:12 by "java_re" with MS VC++ 10.0 (VS2010)

time: Mon Jun 01 02:21:17 2020
elapsed time: 5 seconds (0d 0h 0m 5s)

