#
# There is insufficient memory for the Java Runtime Environment to continue.
# Native memory allocation (malloc) failed to allocate 471536 bytes for Chunk::new
# Possible reasons:
#   The system is out of physical RAM or swap space
#   In 32 bit mode, the process size limit was hit
# Possible solutions:
#   Reduce memory load on the system
#   Increase physical memory or swap space
#   Check if swap backing store is full
#   Use 64 bit Java on a 64 bit OS
#   Decrease Java heap size (-Xmx/-Xms)
#   Decrease number of Java threads
#   Decrease Java thread stack sizes (-Xss)
#   Set larger code cache with -XX:ReservedCodeCacheSize=
# This output file may be truncated or incomplete.
#
#  Out of Memory Error (allocation.cpp:390), pid=12308, tid=0x000000000000319c
#
# JRE version: Java(TM) SE Runtime Environment (8.0_171-b11) (build 1.8.0_171-b11)
# Java VM: Java HotSpot(TM) 64-Bit Server VM (25.171-b11 mixed mode windows-amd64 compressed oops)
# Failed to write core dump. Minidumps are not enabled by default on client versions of Windows
#

---------------  T H R E A D  ---------------

Current thread (0x0000000014bc8800):  JavaThread "C2 CompilerThread0" daemon [_thread_in_native, id=12700, stack(0x0000000015c00000,0x0000000015d00000)]

Stack: [0x0000000015c00000,0x0000000015d00000]
[error occurred during error reporting (printing stack bounds), id 0xc0000005]

Native frames: (J=compiled Java code, j=interpreted, Vv=VM code, C=native code)


Current CompileTask:
C2:   2652 1116       4       machine.CustomOutputStream::write (32 bytes)


---------------  P R O C E S S  ---------------

Java Threads: ( => current thread )
  0x000000001c189800 JavaThread "D3D Screen Updater" daemon [_thread_in_native, id=1016, stack(0x000000001d290000,0x000000001d390000)]
  0x000000001c186800 JavaThread "TimerQueue" daemon [_thread_blocked, id=6388, stack(0x000000001d190000,0x000000001d290000)]
  0x000000001c0c3000 JavaThread "AWT-EventQueue-0" [_thread_blocked, id=12704, stack(0x000000001c890000,0x000000001c990000)]
  0x0000000016375800 JavaThread "Image Fetcher 0" daemon [_thread_blocked, id=11716, stack(0x0000000016de0000,0x0000000016ee0000)]
  0x0000000016307800 JavaThread "AWT-Windows" daemon [_thread_in_native, id=5860, stack(0x0000000016740000,0x0000000016840000)]
  0x0000000016306800 JavaThread "AWT-Shutdown" [_thread_blocked, id=528, stack(0x0000000016640000,0x0000000016740000)]
  0x000000001635c800 JavaThread "Java2D Disposer" daemon [_thread_blocked, id=13252, stack(0x0000000016540000,0x0000000016640000)]
  0x0000000014c2d000 JavaThread "Service Thread" daemon [_thread_blocked, id=5220, stack(0x0000000015e00000,0x0000000015f00000)]
  0x0000000014c27000 JavaThread "C1 CompilerThread1" daemon [_thread_blocked, id=9204, stack(0x0000000015d00000,0x0000000015e00000)]
=>0x0000000014bc8800 JavaThread "C2 CompilerThread0" daemon [_thread_in_native, id=12700, stack(0x0000000015c00000,0x0000000015d00000)]
  0x0000000014bd2800 JavaThread "Attach Listener" daemon [_thread_blocked, id=13116, stack(0x0000000015b00000,0x0000000015c00000)]
  0x0000000014bd1000 JavaThread "Signal Dispatcher" daemon [_thread_blocked, id=12080, stack(0x0000000015a00000,0x0000000015b00000)]
  0x0000000014bb8800 JavaThread "Finalizer" daemon [_thread_blocked, id=804, stack(0x0000000015800000,0x0000000015900000)]
  0x0000000002830000 JavaThread "Reference Handler" daemon [_thread_blocked, id=8132, stack(0x0000000015700000,0x0000000015800000)]
  0x00000000026be000 JavaThread "main" [_thread_in_Java, id=1132, stack(0x0000000002580000,0x0000000002680000)]

Other Threads:
  0x0000000014b96800 VMThread [stack: 0x0000000015600000,0x0000000015700000] [id=4364]
  0x0000000014c30000 WatcherThread [stack: 0x0000000015f00000,0x0000000016000000] [id=11288]

VM state:not at safepoint (normal execution)

VM Mutex/Monitor currently owned by a thread: None

Heap:
 PSYoungGen      total 18944K, used 11485K [0x00000000eb400000, 0x00000000ec900000, 0x0000000100000000)
  eden space 16384K, 54% used [0x00000000eb400000,0x00000000ebcb80b8,0x00000000ec400000)
  from space 2560K, 99% used [0x00000000ec400000,0x00000000ec67f6c0,0x00000000ec680000)
  to   space 2560K, 0% used [0x00000000ec680000,0x00000000ec680000,0x00000000ec900000)
 ParOldGen       total 44032K, used 872K [0x00000000c1c00000, 0x00000000c4700000, 0x00000000eb400000)
  object space 44032K, 1% used [0x00000000c1c00000,0x00000000c1cda000,0x00000000c4700000)
 Metaspace       used 12101K, capacity 12324K, committed 12416K, reserved 1060864K
  class space    used 1582K, capacity 1650K, committed 1664K, reserved 1048576K

Card table byte_map: [0x0000000011c00000,0x0000000011e00000] byte_map_base: 0x00000000115f2000

Marking Bits: (ParMarkBitMap*) 0x0000000058f608c0
 Begin Bits: [0x0000000012150000, 0x00000000130e0000)
 End Bits:   [0x00000000130e0000, 0x0000000014070000)

Polling page: 0x0000000002680000

CodeCache: size=245760Kb used=3699Kb max_used=3707Kb free=242060Kb
 bounds [0x0000000002840000, 0x0000000002bf0000, 0x0000000011840000]
 total_blobs=1616 nmethods=1117 adapters=412
 compilation: enabled

Compilation events (10 events):
Event: 2.261 Thread 0x0000000014bc8800 1114       4       java.awt.Rectangle::union (219 bytes)
Event: 2.261 Thread 0x0000000014c27000 nmethod 1113 0x0000000002bdd750 code [0x0000000002bdd8e0, 0x0000000002bddd18]
Event: 2.264 Thread 0x0000000014c27000 1117       3       java.util.concurrent.atomic.AtomicBoolean::compareAndSet (35 bytes)
Event: 2.264 Thread 0x0000000014c27000 nmethod 1117 0x0000000002bdd350 code [0x0000000002bdd4a0, 0x0000000002bdd6d0]
Event: 2.264 Thread 0x0000000014bc8800 nmethod 1114 0x0000000002bdb710 code [0x0000000002bdb860, 0x0000000002bdbb98]
Event: 2.264 Thread 0x0000000014bc8800 1116       4       machine.CustomOutputStream::write (32 bytes)
Event: 2.270 Thread 0x0000000014c27000 1120       3       javax.swing.plaf.basic.BasicTextUI$RootView::preferenceChanged (11 bytes)
Event: 2.271 Thread 0x0000000014c27000 nmethod 1120 0x0000000002bdced0 code [0x0000000002bdd040, 0x0000000002bdd248]
Event: 2.291 Thread 0x0000000014c27000 1122       3       javax.swing.text.AbstractDocument$BranchElement::replace (155 bytes)
Event: 2.292 Thread 0x0000000014c27000 nmethod 1122 0x0000000002bdc210 code [0x0000000002bdc3e0, 0x0000000002bdcc88]

GC Heap History (2 events):
Event: 2.198 GC heap before
{Heap before GC invocations=1 (full 0):
 PSYoungGen      total 18944K, used 16384K [0x00000000eb400000, 0x00000000ec900000, 0x0000000100000000)
  eden space 16384K, 100% used [0x00000000eb400000,0x00000000ec400000,0x00000000ec400000)
  from space 2560K, 0% used [0x00000000ec680000,0x00000000ec680000,0x00000000ec900000)
  to   space 2560K, 0% used [0x00000000ec400000,0x00000000ec400000,0x00000000ec680000)
 ParOldGen       total 44032K, used 0K [0x00000000c1c00000, 0x00000000c4700000, 0x00000000eb400000)
  object space 44032K, 0% used [0x00000000c1c00000,0x00000000c1c00000,0x00000000c4700000)
 Metaspace       used 12071K, capacity 12256K, committed 12416K, reserved 1060864K
  class space    used 1582K, capacity 1650K, committed 1664K, reserved 1048576K
Event: 2.213 GC heap after
Heap after GC invocations=1 (full 0):
 PSYoungGen      total 18944K, used 2557K [0x00000000eb400000, 0x00000000ec900000, 0x0000000100000000)
  eden space 16384K, 0% used [0x00000000eb400000,0x00000000eb400000,0x00000000ec400000)
  from space 2560K, 99% used [0x00000000ec400000,0x00000000ec67f6c0,0x00000000ec680000)
  to   space 2560K, 0% used [0x00000000ec680000,0x00000000ec680000,0x00000000ec900000)
 ParOldGen       total 44032K, used 872K [0x00000000c1c00000, 0x00000000c4700000, 0x00000000eb400000)
  object space 44032K, 1% used [0x00000000c1c00000,0x00000000c1cda000,0x00000000c4700000)
 Metaspace       used 12071K, capacity 12256K, committed 12416K, reserved 1060864K
  class space    used 1582K, capacity 1650K, committed 1664K, reserved 1048576K
}

Deoptimization events (10 events):
Event: 0.875 Thread 0x00000000026be000 Uncommon trap: reason=class_check action=maybe_recompile pc=0x00000000029f06a0 method=java.lang.String.equals(Ljava/lang/Object;)Z @ 8
Event: 1.283 Thread 0x00000000026be000 Uncommon trap: reason=bimorphic action=maybe_recompile pc=0x0000000002ac5fc0 method=java.util.HashMap.getNode(ILjava/lang/Object;)Ljava/util/HashMap$Node; @ 59
Event: 1.298 Thread 0x00000000026be000 Uncommon trap: reason=bimorphic action=maybe_recompile pc=0x0000000002ac5fc0 method=java.util.HashMap.getNode(ILjava/lang/Object;)Ljava/util/HashMap$Node; @ 59
Event: 1.312 Thread 0x00000000026be000 Uncommon trap: reason=bimorphic action=maybe_recompile pc=0x0000000002ac5fc0 method=java.util.HashMap.getNode(ILjava/lang/Object;)Ljava/util/HashMap$Node; @ 59
Event: 1.323 Thread 0x00000000026be000 Uncommon trap: reason=bimorphic action=maybe_recompile pc=0x0000000002ac5fc0 method=java.util.HashMap.getNode(ILjava/lang/Object;)Ljava/util/HashMap$Node; @ 59
Event: 1.401 Thread 0x00000000026be000 Uncommon trap: reason=unstable_if action=reinterpret pc=0x000000000298aa88 method=java.lang.AbstractStringBuilder.append(Ljava/lang/String;)Ljava/lang/AbstractStringBuilder; @ 1
Event: 1.403 Thread 0x00000000026be000 Uncommon trap: reason=unstable_if action=reinterpret pc=0x000000000298a208 method=java.lang.AbstractStringBuilder.append(Ljava/lang/String;)Ljava/lang/AbstractStringBuilder; @ 1
Event: 2.073 Thread 0x000000001c189800 Uncommon trap: reason=unstable_if action=reinterpret pc=0x0000000002ba4780 method=java.util.concurrent.locks.ReentrantLock$Sync.tryRelease(I)Z @ 28
Event: 2.105 Thread 0x000000001c189800 Uncommon trap: reason=unstable_if action=reinterpret pc=0x0000000002ba4b00 method=java.util.concurrent.locks.ReentrantLock$Sync.tryRelease(I)Z @ 28
Event: 2.118 Thread 0x00000000026be000 Uncommon trap: reason=unstable_if action=reinterpret pc=0x0000000002bb89d4 method=java.util.IdentityHashMap.get(Ljava/lang/Object;)Ljava/lang/Object; @ 31

Classes redefined (0 events):
No events

Internal exceptions (10 events):
Event: 0.298 Thread 0x00000000026be000 Exception <a 'java/security/PrivilegedActionException'> (0x00000000eb496570) thrown at [C:\re\workspace\8-2-build-windows-amd64-cygwin\jdk8u171\10807\hotspot\src\share\vm\prims\jvm.cpp, line 1435]
Event: 0.298 Thread 0x00000000026be000 Exception <a 'java/security/PrivilegedActionException'> (0x00000000eb496780) thrown at [C:\re\workspace\8-2-build-windows-amd64-cygwin\jdk8u171\10807\hotspot\src\share\vm\prims\jvm.cpp, line 1435]
Event: 0.299 Thread 0x00000000026be000 Exception <a 'java/security/PrivilegedActionException'> (0x00000000eb49a3f0) thrown at [C:\re\workspace\8-2-build-windows-amd64-cygwin\jdk8u171\10807\hotspot\src\share\vm\prims\jvm.cpp, line 1435]
Event: 0.299 Thread 0x00000000026be000 Exception <a 'java/security/PrivilegedActionException'> (0x00000000eb49a600) thrown at [C:\re\workspace\8-2-build-windows-amd64-cygwin\jdk8u171\10807\hotspot\src\share\vm\prims\jvm.cpp, line 1435]
Event: 0.478 Thread 0x00000000026be000 Exception <a 'java/io/FileNotFoundException'> (0x00000000eb60d658) thrown at [C:\re\workspace\8-2-build-windows-amd64-cygwin\jdk8u171\10807\hotspot\src\share\vm\prims\jni.cpp, line 709]
Event: 0.573 Thread 0x00000000026be000 Exception <a 'java/lang/NoSuchFieldError': method resolution failed> (0x00000000eb6de4e0) thrown at [C:\re\workspace\8-2-build-windows-amd64-cygwin\jdk8u171\10807\hotspot\src\share\vm\prims\methodHandles.cpp, line 1167]
Event: 0.584 Thread 0x00000000026be000 Exception <a 'java/lang/NoSuchFieldError': method resolution failed> (0x00000000eb6eb8b0) thrown at [C:\re\workspace\8-2-build-windows-amd64-cygwin\jdk8u171\10807\hotspot\src\share\vm\prims\methodHandles.cpp, line 1167]
Event: 0.703 Thread 0x00000000026be000 Exception <a 'java/io/FileNotFoundException'> (0x00000000eb824788) thrown at [C:\re\workspace\8-2-build-windows-amd64-cygwin\jdk8u171\10807\hotspot\src\share\vm\prims\jni.cpp, line 709]
Event: 1.401 Thread 0x00000000026be000 Implicit null exception at 0x000000000298a716 to 0x000000000298aa71
Event: 1.403 Thread 0x00000000026be000 Implicit null exception at 0x0000000002989e96 to 0x000000000298a1f1

Events (10 events):
Event: 2.097 loading class sun/util/locale/InternalLocaleBuilder$CaseInsensitiveChar
Event: 2.097 loading class sun/util/locale/InternalLocaleBuilder$CaseInsensitiveChar done
Event: 2.105 Thread 0x000000001c189800 Uncommon trap: trap_request=0xffffff65 fr.pc=0x0000000002ba4b00
Event: 2.105 Thread 0x000000001c189800 DEOPT PACKING pc=0x0000000002ba4b00 sp=0x000000001d38edf0
Event: 2.105 Thread 0x000000001c189800 DEOPT UNPACKING pc=0x000000000288583b sp=0x000000001d38ed78 mode 2
Event: 2.118 Thread 0x00000000026be000 Uncommon trap: trap_request=0xffffff65 fr.pc=0x0000000002bb89d4
Event: 2.118 Thread 0x00000000026be000 DEOPT PACKING pc=0x0000000002bb89d4 sp=0x000000000267e820
Event: 2.118 Thread 0x00000000026be000 DEOPT UNPACKING pc=0x000000000288583b sp=0x000000000267e5b8 mode 2
Event: 2.198 Executing VM operation: ParallelGCFailedAllocation
Event: 2.213 Executing VM operation: ParallelGCFailedAllocation done


Dynamic libraries:
0x00007ff617710000 - 0x00007ff617747000 	C:\Program Files\Java\jre1.8.0_171\bin\javaw.exe
0x00007ffc3e660000 - 0x00007ffc3e850000 	C:\WINDOWS\SYSTEM32\ntdll.dll
0x00007ffc3d070000 - 0x00007ffc3d122000 	C:\WINDOWS\System32\KERNEL32.DLL
0x00007ffc3b610000 - 0x00007ffc3b8b4000 	C:\WINDOWS\System32\KERNELBASE.dll
0x00007ffc3ce20000 - 0x00007ffc3cec3000 	C:\WINDOWS\System32\ADVAPI32.dll
0x00007ffc3cc50000 - 0x00007ffc3ccee000 	C:\WINDOWS\System32\msvcrt.dll
0x00007ffc3cf30000 - 0x00007ffc3cfc7000 	C:\WINDOWS\System32\sechost.dll
0x00007ffc3c740000 - 0x00007ffc3c860000 	C:\WINDOWS\System32\RPCRT4.dll
0x00007ffc3db10000 - 0x00007ffc3dca4000 	C:\WINDOWS\System32\USER32.dll
0x00007ffc3c040000 - 0x00007ffc3c061000 	C:\WINDOWS\System32\win32u.dll
0x00007ffc3dda0000 - 0x00007ffc3ddc6000 	C:\WINDOWS\System32\GDI32.dll
0x00007ffc3c4f0000 - 0x00007ffc3c684000 	C:\WINDOWS\System32\gdi32full.dll
0x00007ffc3c070000 - 0x00007ffc3c10e000 	C:\WINDOWS\System32\msvcp_win.dll
0x00007ffc3c3f0000 - 0x00007ffc3c4ea000 	C:\WINDOWS\System32\ucrtbase.dll
0x00007ffc28130000 - 0x00007ffc283b4000 	C:\WINDOWS\WinSxS\amd64_microsoft.windows.common-controls_6595b64144ccf1df_6.0.18362.836_none_e6c4b943130f18ed\COMCTL32.dll
0x00007ffc3c860000 - 0x00007ffc3cb96000 	C:\WINDOWS\System32\combase.dll
0x00007ffc3c690000 - 0x00007ffc3c710000 	C:\WINDOWS\System32\bcryptPrimitives.dll
0x00007ffc3c710000 - 0x00007ffc3c73e000 	C:\WINDOWS\System32\IMM32.DLL
0x0000000058660000 - 0x0000000058732000 	C:\Program Files\Java\jre1.8.0_171\bin\msvcr100.dll
0x0000000058740000 - 0x0000000058fe0000 	C:\Program Files\Java\jre1.8.0_171\bin\server\jvm.dll
0x00007ffc3e540000 - 0x00007ffc3e548000 	C:\WINDOWS\System32\PSAPI.DLL
0x00007ffc31070000 - 0x00007ffc31079000 	C:\WINDOWS\SYSTEM32\WSOCK32.dll
0x00007ffc3dcb0000 - 0x00007ffc3dd1f000 	C:\WINDOWS\System32\WS2_32.dll
0x00007ffc39060000 - 0x00007ffc39084000 	C:\WINDOWS\SYSTEM32\WINMM.dll
0x00007ffc33170000 - 0x00007ffc3317a000 	C:\WINDOWS\SYSTEM32\VERSION.dll
0x00007ffc39030000 - 0x00007ffc3905d000 	C:\WINDOWS\SYSTEM32\WINMMBASE.dll
0x00007ffc3c110000 - 0x00007ffc3c15a000 	C:\WINDOWS\System32\cfgmgr32.dll
0x000000005a050000 - 0x000000005a05f000 	C:\Program Files\Java\jre1.8.0_171\bin\verify.dll
0x000000005a020000 - 0x000000005a049000 	C:\Program Files\Java\jre1.8.0_171\bin\java.dll
0x000000005a000000 - 0x000000005a016000 	C:\Program Files\Java\jre1.8.0_171\bin\zip.dll
0x00007ffc3d420000 - 0x00007ffc3db04000 	C:\WINDOWS\System32\SHELL32.dll
0x00007ffc3d1c0000 - 0x00007ffc3d269000 	C:\WINDOWS\System32\shcore.dll
0x00007ffc3b8c0000 - 0x00007ffc3c03e000 	C:\WINDOWS\System32\windows.storage.dll
0x00007ffc3b570000 - 0x00007ffc3b593000 	C:\WINDOWS\System32\profapi.dll
0x00007ffc3b5a0000 - 0x00007ffc3b5ea000 	C:\WINDOWS\System32\powrprof.dll
0x00007ffc3b520000 - 0x00007ffc3b530000 	C:\WINDOWS\System32\UMPDC.dll
0x00007ffc3df30000 - 0x00007ffc3df82000 	C:\WINDOWS\System32\shlwapi.dll
0x00007ffc3b530000 - 0x00007ffc3b541000 	C:\WINDOWS\System32\kernel.appcore.dll
0x00007ffc3b5f0000 - 0x00007ffc3b607000 	C:\WINDOWS\System32\cryptsp.dll
0x00000000584c0000 - 0x0000000058658000 	C:\Program Files\Java\jre1.8.0_171\bin\awt.dll
0x00007ffc3e550000 - 0x00007ffc3e614000 	C:\WINDOWS\System32\OLEAUT32.dll
0x00007ffc397e0000 - 0x00007ffc3986f000 	C:\WINDOWS\SYSTEM32\apphelp.dll
0x00007ffc39dc0000 - 0x00007ffc39e59000 	C:\WINDOWS\system32\uxtheme.dll
0x00007ffc3e400000 - 0x00007ffc3e536000 	C:\WINDOWS\System32\MSCTF.dll
0x00007ffc3ddd0000 - 0x00007ffc3df27000 	C:\WINDOWS\System32\ole32.dll
0x00007ffc39ed0000 - 0x00007ffc39efd000 	C:\WINDOWS\system32\DWMAPI.DLL
0x0000000058470000 - 0x00000000584b7000 	C:\Program Files\Java\jre1.8.0_171\bin\fontmanager.dll
0x00007ffc1d880000 - 0x00007ffc1d9d6000 	C:\WINDOWS\system32\opengl32.dll
0x00007ffc26ef0000 - 0x00007ffc26f1c000 	C:\WINDOWS\SYSTEM32\GLU32.dll
0x00007ffc3a190000 - 0x00007ffc3a1b0000 	C:\WINDOWS\SYSTEM32\dxcore.dll
0x00007ffc05cc0000 - 0x00007ffc05e87000 	C:\WINDOWS\system32\d3d9.dll
0x00007ffc33180000 - 0x00007ffc33301000 	C:\WINDOWS\System32\DriverStore\FileRepository\c0312549.inf_amd64_d0c053e57e0c1fd8\aticfx64.dll
0x00007ffc23ea0000 - 0x00007ffc23ec9000 	C:\WINDOWS\System32\DriverStore\FileRepository\c0312549.inf_amd64_d0c053e57e0c1fd8\atiu9p64.dll
0x00007ffc14360000 - 0x00007ffc14e19000 	C:\WINDOWS\System32\DriverStore\FileRepository\c0312549.inf_amd64_d0c053e57e0c1fd8\atiumd64.dll
0x0000000057900000 - 0x0000000058464000 	C:\WINDOWS\System32\DriverStore\FileRepository\c0312549.inf_amd64_d0c053e57e0c1fd8\atiumd6a.dll
0x0000000059fe0000 - 0x0000000059ffa000 	C:\Program Files\Java\jre1.8.0_171\bin\net.dll
0x00007ffc3ad30000 - 0x00007ffc3ad97000 	C:\WINDOWS\system32\mswsock.dll
0x0000000059fc0000 - 0x0000000059fd1000 	C:\Program Files\Java\jre1.8.0_171\bin\nio.dll
0x00000000578b0000 - 0x00000000578f2000 	C:\Program Files\Java\jre1.8.0_171\bin\t2k.dll
0x00007ffc3cba0000 - 0x00007ffc3cc42000 	C:\WINDOWS\System32\clbcatq.dll
0x00007ffc36d80000 - 0x00007ffc36f2f000 	C:\WINDOWS\SYSTEM32\WindowsCodecs.dll
0x00007ffc20540000 - 0x00007ffc2057a000 	C:\WINDOWS\system32\dataexchange.dll
0x00007ffc38890000 - 0x00007ffc38aeb000 	C:\WINDOWS\system32\d3d11.dll
0x00007ffc39090000 - 0x00007ffc3926c000 	C:\WINDOWS\system32\dcomp.dll
0x00007ffc3a1b0000 - 0x00007ffc3a29b000 	C:\WINDOWS\system32\dxgi.dll
0x00007ffc39870000 - 0x00007ffc39ad1000 	C:\WINDOWS\system32\twinapi.appcore.dll
0x00007ffc39cd0000 - 0x00007ffc39cf9000 	C:\WINDOWS\system32\RMCLIENT.dll
0x00007ffc30b80000 - 0x00007ffc30c1e000 	C:\WINDOWS\System32\TextInputFramework.dll
0x00007ffc37100000 - 0x00007ffc3742a000 	C:\WINDOWS\System32\CoreUIComponents.dll
0x00007ffc38af0000 - 0x00007ffc38bc4000 	C:\WINDOWS\System32\CoreMessaging.dll
0x00007ffc3a580000 - 0x00007ffc3a5b1000 	C:\WINDOWS\SYSTEM32\ntmarta.dll
0x00007ffc36f30000 - 0x00007ffc37083000 	C:\WINDOWS\SYSTEM32\wintypes.dll

VM Arguments:
jvm_args: -Dfile.encoding=Cp1252 
java_command: machine.Main
java_class_path (initial): C:\Program Files\Java\jre1.8.0_171\lib\resources.jar;C:\Program Files\Java\jre1.8.0_171\lib\rt.jar;C:\Program Files\Java\jre1.8.0_171\lib\jsse.jar;C:\Program Files\Java\jre1.8.0_171\lib\jce.jar;C:\Program Files\Java\jre1.8.0_171\lib\charsets.jar;C:\Program Files\Java\jre1.8.0_171\lib\jfr.jar;C:\Program Files\Java\jre1.8.0_171\lib\ext\access-bridge-64.jar;C:\Program Files\Java\jre1.8.0_171\lib\ext\cldrdata.jar;C:\Program Files\Java\jre1.8.0_171\lib\ext\dnsns.jar;C:\Program Files\Java\jre1.8.0_171\lib\ext\jaccess.jar;C:\Program Files\Java\jre1.8.0_171\lib\ext\jfxrt.jar;C:\Program Files\Java\jre1.8.0_171\lib\ext\localedata.jar;C:\Program Files\Java\jre1.8.0_171\lib\ext\nashorn.jar;C:\Program Files\Java\jre1.8.0_171\lib\ext\sunec.jar;C:\Program Files\Java\jre1.8.0_171\lib\ext\sunjce_provider.jar;C:\Program Files\Java\jre1.8.0_171\lib\ext\sunmscapi.jar;C:\Program Files\Java\jre1.8.0_171\lib\ext\sunpkcs11.jar;C:\Program Files\Java\jre1.8.0_171\lib\ext\zipfs.jar;C:\Users\Daniel Briggs\eclipse-workspace\Turing\bin
Launcher Type: SUN_STANDARD

Environment Variables:
PATH=C:/Program Files/Java/jre1.8.0_171/bin/server;C:/Program Files/Java/jre1.8.0_171/bin;C:/Program Files/Java/jre1.8.0_171/lib/amd64;C:\Program Files (x86)\Common Files\Oracle\Java\javapath;C:\WINDOWS\system32;C:\WINDOWS;C:\WINDOWS\System32\Wbem;C:\WINDOWS\System32\WindowsPowerShell\v1.0\;C:\WINDOWS\System32\OpenSSH\;C:\Program Files\MiKTeX 2.9\miktex\bin\x64\;C:\Program Files\nodejs\;C:\Program Files\Git\cmd;C:\Users\Daniel Briggs\AppData\Local\Programs\Python\Python37-32\Scripts\;C:\Users\Daniel Briggs\AppData\Local\Programs\Python\Python37-32\;C:\Users\Daniel Briggs\AppData\Local\Microsoft\WindowsApps;C:\Users\Daniel Briggs\AppData\Roaming\npm;C:\Program Files\heroku\bin;;C:\Users\Daniel Briggs\Desktop;
USERNAME=Daniel Briggs
OS=Windows_NT
PROCESSOR_IDENTIFIER=AMD64 Family 21 Model 112 Stepping 0, AuthenticAMD



---------------  S Y S T E M  ---------------

OS: Windows 10.0 , 64 bit Build 18362 (10.0.18362.778)

CPU:total 2 (initial active 2) (2 cores per cpu, 1 threads per core) family 21 model 112 stepping 0, cmov, cx8, fxsr, mmx, sse, sse2, sse3, ssse3, sse4.1, sse4.2, popcnt, avx, avx2, aes, clmul, mmxext, 3dnowpref, lzcnt, sse4a, tsc, tscinvbit, tscinv, bmi1

Memory: 4k page, physical 4077240k(568896k free), swap 5503672k(4128k free)

vm_info: Java HotSpot(TM) 64-Bit Server VM (25.171-b11) for windows-amd64 JRE (1.8.0_171-b11), built on Mar 28 2018 16:06:12 by "java_re" with MS VC++ 10.0 (VS2010)

time: Mon Jun 01 06:36:34 2020
elapsed time: 2 seconds (0d 0h 0m 2s)

