#
# There is insufficient memory for the Java Runtime Environment to continue.
# Native memory allocation (malloc) failed to allocate 32744 bytes for ChunkPool::allocate
# Possible reasons:
#   The system is out of physical RAM or swap space
#   In 32 bit mode, the process size limit was hit
# Possible solutions:
#   Reduce memory load on the system
#   Increase physical memory or swap space
#   Check if swap backing store is full
#   Use 64 bit Java on a 64 bit OS
#   Decrease Java heap size (-Xmx/-Xms)
#   Decrease number of Java threads
#   Decrease Java thread stack sizes (-Xss)
#   Set larger code cache with -XX:ReservedCodeCacheSize=
# This output file may be truncated or incomplete.
#
#  Out of Memory Error (allocation.cpp:273), pid=6776, tid=0x0000000000001bb0
#
# JRE version: Java(TM) SE Runtime Environment (8.0_171-b11) (build 1.8.0_171-b11)
# Java VM: Java HotSpot(TM) 64-Bit Server VM (25.171-b11 mixed mode windows-amd64 compressed oops)
# Failed to write core dump. Minidumps are not enabled by default on client versions of Windows
#

---------------  T H R E A D  ---------------

Current thread (0x0000000014db6800):  JavaThread "C1 CompilerThread1" daemon [_thread_in_native, id=7088, stack(0x0000000015ea0000,0x0000000015fa0000)]

Stack: [0x0000000015ea0000,0x0000000015fa0000]
[error occurred during error reporting (printing stack bounds), id 0xc0000005]

Native frames: (J=compiled Java code, j=interpreted, Vv=VM code, C=native code)


Current CompileTask:
C1:35576158 2613       3       javax.swing.text.GlyphView::paint (594 bytes)


---------------  P R O C E S S  ---------------

Java Threads: ( => current thread )
  0x00000000028ce000 JavaThread "DestroyJavaVM" [_thread_blocked, id=5944, stack(0x0000000002700000,0x0000000002800000)]
  0x000000001c24d000 JavaThread "D3D Screen Updater" daemon [_thread_blocked, id=4972, stack(0x000000001d340000,0x000000001d440000)]
  0x000000001c24c000 JavaThread "TimerQueue" daemon [_thread_blocked, id=2184, stack(0x000000001d240000,0x000000001d340000)]
  0x000000001c150800 JavaThread "AWT-EventQueue-0" [_thread_blocked, id=760, stack(0x000000001c940000,0x000000001ca40000)]
  0x00000000164dc000 JavaThread "AWT-Windows" daemon [_thread_in_native, id=7216, stack(0x00000000168e0000,0x00000000169e0000)]
  0x00000000164da800 JavaThread "AWT-Shutdown" [_thread_blocked, id=480, stack(0x00000000167e0000,0x00000000168e0000)]
  0x00000000164d9800 JavaThread "Java2D Disposer" daemon [_thread_blocked, id=3328, stack(0x00000000166e0000,0x00000000167e0000)]
  0x0000000014dbd000 JavaThread "Service Thread" daemon [_thread_blocked, id=6956, stack(0x0000000015fa0000,0x00000000160a0000)]
=>0x0000000014db6800 JavaThread "C1 CompilerThread1" daemon [_thread_in_native, id=7088, stack(0x0000000015ea0000,0x0000000015fa0000)]
  0x0000000014d5a800 JavaThread "C2 CompilerThread0" daemon [_thread_blocked, id=6452, stack(0x0000000015da0000,0x0000000015ea0000)]
  0x0000000014d59000 JavaThread "Attach Listener" daemon [_thread_blocked, id=3864, stack(0x0000000015ca0000,0x0000000015da0000)]
  0x0000000014d56000 JavaThread "Signal Dispatcher" daemon [_thread_blocked, id=8800, stack(0x0000000015ba0000,0x0000000015ca0000)]
  0x0000000014d48800 JavaThread "Finalizer" daemon [_thread_blocked, id=8828, stack(0x00000000159a0000,0x0000000015aa0000)]
  0x00000000029c0000 JavaThread "Reference Handler" daemon [_thread_blocked, id=4596, stack(0x00000000158a0000,0x00000000159a0000)]

Other Threads:
  0x0000000014d26800 VMThread [stack: 0x00000000157a0000,0x00000000158a0000] [id=980]
  0x0000000014dc0800 WatcherThread [stack: 0x00000000160a0000,0x00000000161a0000] [id=4580]

VM state:not at safepoint (normal execution)

VM Mutex/Monitor currently owned by a thread: None

Heap:
 PSYoungGen      total 215040K, used 103815K [0x00000000eb400000, 0x00000000f8b00000, 0x0000000100000000)
  eden space 209920K, 48% used [0x00000000eb400000,0x00000000f183ea20,0x00000000f8100000)
  from space 5120K, 22% used [0x00000000f8600000,0x00000000f8723528,0x00000000f8b00000)
  to   space 5120K, 0% used [0x00000000f8100000,0x00000000f8100000,0x00000000f8600000)
 ParOldGen       total 679936K, used 661694K [0x00000000c1c00000, 0x00000000eb400000, 0x00000000eb400000)
  object space 679936K, 97% used [0x00000000c1c00000,0x00000000ea22fbb8,0x00000000eb400000)
 Metaspace       used 13397K, capacity 13654K, committed 13824K, reserved 1060864K
  class space    used 1666K, capacity 1749K, committed 1792K, reserved 1048576K

Card table byte_map: [0x0000000011d90000,0x0000000011f90000] byte_map_base: 0x0000000011782000

Marking Bits: (ParMarkBitMap*) 0x00000000730808c0
 Begin Bits: [0x00000000122e0000, 0x0000000013270000)
 End Bits:   [0x0000000013270000, 0x0000000014200000)

Polling page: 0x0000000000b00000

CodeCache: size=245760Kb used=8482Kb max_used=9244Kb free=237277Kb
 bounds [0x00000000029d0000, 0x0000000003320000, 0x00000000119d0000]
 total_blobs=2708 nmethods=2202 adapters=419
 compilation: enabled

Compilation events (10 events):
Event: 35575.888 Thread 0x0000000014db6800 2608       3       sun.util.locale.LocaleUtils::toLowerString (95 bytes)
Event: 35575.889 Thread 0x0000000014db6800 nmethod 2608 0x0000000002ce32d0 code [0x0000000002ce3520, 0x0000000002ce4428]
Event: 35576.063 Thread 0x0000000014d5a800 2609   !   4       java.awt.Font::equals (132 bytes)
Event: 35576.067 Thread 0x0000000014d5a800 nmethod 2609 0x0000000002e31c90 code [0x0000000002e31de0, 0x0000000002e320d8]
Event: 35576.068 Thread 0x0000000014d5a800 2610       4       javax.swing.text.PlainView::drawUnselectedText (57 bytes)
Event: 35576.090 Thread 0x0000000014db6800 2612       3       javax.swing.text.Utilities::isComposedTextElement (12 bytes)
Event: 35576.090 Thread 0x0000000014db6800 nmethod 2612 0x0000000002e315d0 code [0x0000000002e31760, 0x0000000002e31b68]
Event: 35576.091 Thread 0x0000000014db6800 2613       3       javax.swing.text.GlyphView::paint (594 bytes)
Event: 35576.111 Thread 0x0000000014d5a800 nmethod 2610 0x0000000002e73d10 code [0x0000000002e73f00, 0x0000000002e752b8]
Event: 35576.111 Thread 0x0000000014d5a800 2611       4       javax.swing.text.PlainView::drawElement (399 bytes)

GC Heap History (10 events):
Event: 6.457 GC heap before
{Heap before GC invocations=6 (full 0):
 PSYoungGen      total 35328K, used 26812K [0x00000000eb400000, 0x00000000efd00000, 0x0000000100000000)
  eden space 32768K, 74% used [0x00000000eb400000,0x00000000ecbb2538,0x00000000ed400000)
  from space 2560K, 99% used [0x00000000ed400000,0x00000000ed67cb60,0x00000000ed680000)
  to   space 4608K, 0% used [0x00000000ef880000,0x00000000ef880000,0x00000000efd00000)
 ParOldGen       total 679936K, used 659147K [0x00000000c1c00000, 0x00000000eb400000, 0x00000000eb400000)
  object space 679936K, 96% used [0x00000000c1c00000,0x00000000e9fb2d20,0x00000000eb400000)
 Metaspace       used 12644K, capacity 12868K, committed 13056K, reserved 1060864K
  class space    used 1593K, capacity 1682K, committed 1792K, reserved 1048576K
Event: 6.475 GC heap after
Heap after GC invocations=6 (full 0):
 PSYoungGen      total 70144K, used 2560K [0x00000000eb400000, 0x00000000efd00000, 0x0000000100000000)
  eden space 65536K, 0% used [0x00000000eb400000,0x00000000eb400000,0x00000000ef400000)
  from space 4608K, 55% used [0x00000000ef880000,0x00000000efb00010,0x00000000efd00000)
  to   space 4608K, 0% used [0x00000000ef400000,0x00000000ef400000,0x00000000ef880000)
 ParOldGen       total 679936K, used 659147K [0x00000000c1c00000, 0x00000000eb400000, 0x00000000eb400000)
  object space 679936K, 96% used [0x00000000c1c00000,0x00000000e9fb2d20,0x00000000eb400000)
 Metaspace       used 12644K, capacity 12868K, committed 13056K, reserved 1060864K
  class space    used 1593K, capacity 1682K, committed 1792K, reserved 1048576K
}
Event: 6.555 GC heap before
{Heap before GC invocations=7 (full 0):
 PSYoungGen      total 70144K, used 51383K [0x00000000eb400000, 0x00000000efd00000, 0x0000000100000000)
  eden space 65536K, 74% used [0x00000000eb400000,0x00000000ee3adf98,0x00000000ef400000)
  from space 4608K, 55% used [0x00000000ef880000,0x00000000efb00010,0x00000000efd00000)
  to   space 4608K, 0% used [0x00000000ef400000,0x00000000ef400000,0x00000000ef880000)
 ParOldGen       total 679936K, used 659147K [0x00000000c1c00000, 0x00000000eb400000, 0x00000000eb400000)
  object space 679936K, 96% used [0x00000000c1c00000,0x00000000e9fb2d20,0x00000000eb400000)
 Metaspace       used 12653K, capacity 12876K, committed 13056K, reserved 1060864K
  class space    used 1593K, capacity 1682K, committed 1792K, reserved 1048576K
Event: 6.569 GC heap after
Heap after GC invocations=7 (full 0):
 PSYoungGen      total 70144K, used 2048K [0x00000000eb400000, 0x00000000f3d00000, 0x0000000100000000)
  eden space 65536K, 0% used [0x00000000eb400000,0x00000000eb400000,0x00000000ef400000)
  from space 4608K, 44% used [0x00000000ef400000,0x00000000ef600010,0x00000000ef880000)
  to   space 4608K, 0% used [0x00000000f3880000,0x00000000f3880000,0x00000000f3d00000)
 ParOldGen       total 679936K, used 659672K [0x00000000c1c00000, 0x00000000eb400000, 0x00000000eb400000)
  object space 679936K, 97% used [0x00000000c1c00000,0x00000000ea036048,0x00000000eb400000)
 Metaspace       used 12653K, capacity 12876K, committed 13056K, reserved 1060864K
  class space    used 1593K, capacity 1682K, committed 1792K, reserved 1048576K
}
Event: 6.638 GC heap before
{Heap before GC invocations=8 (full 0):
 PSYoungGen      total 70144K, used 50355K [0x00000000eb400000, 0x00000000f3d00000, 0x0000000100000000)
  eden space 65536K, 73% used [0x00000000eb400000,0x00000000ee32ccf8,0x00000000ef400000)
  from space 4608K, 44% used [0x00000000ef400000,0x00000000ef600010,0x00000000ef880000)
  to   space 4608K, 0% used [0x00000000f3880000,0x00000000f3880000,0x00000000f3d00000)
 ParOldGen       total 679936K, used 659672K [0x00000000c1c00000, 0x00000000eb400000, 0x00000000eb400000)
  object space 679936K, 97% used [0x00000000c1c00000,0x00000000ea036048,0x00000000eb400000)
 Metaspace       used 12662K, capacity 12876K, committed 13056K, reserved 1060864K
  class space    used 1593K, capacity 1682K, committed 1792K, reserved 1048576K
Event: 6.650 GC heap after
Heap after GC invocations=8 (full 0):
 PSYoungGen      total 135680K, used 64K [0x00000000eb400000, 0x00000000f3d00000, 0x0000000100000000)
  eden space 131072K, 0% used [0x00000000eb400000,0x00000000eb400000,0x00000000f3400000)
  from space 4608K, 1% used [0x00000000f3880000,0x00000000f3890000,0x00000000f3d00000)
  to   space 4608K, 0% used [0x00000000f3400000,0x00000000f3400000,0x00000000f3880000)
 ParOldGen       total 679936K, used 661674K [0x00000000c1c00000, 0x00000000eb400000, 0x00000000eb400000)
  object space 679936K, 97% used [0x00000000c1c00000,0x00000000ea22aba8,0x00000000eb400000)
 Metaspace       used 12662K, capacity 12876K, committed 13056K, reserved 1060864K
  class space    used 1593K, capacity 1682K, committed 1792K, reserved 1048576K
}
Event: 6.860 GC heap before
{Heap before GC invocations=9 (full 0):
 PSYoungGen      total 135680K, used 120391K [0x00000000eb400000, 0x00000000f3d00000, 0x0000000100000000)
  eden space 131072K, 91% used [0x00000000eb400000,0x00000000f2981e00,0x00000000f3400000)
  from space 4608K, 1% used [0x00000000f3880000,0x00000000f3890000,0x00000000f3d00000)
  to   space 4608K, 0% used [0x00000000f3400000,0x00000000f3400000,0x00000000f3880000)
 ParOldGen       total 679936K, used 661674K [0x00000000c1c00000, 0x00000000eb400000, 0x00000000eb400000)
  object space 679936K, 97% used [0x00000000c1c00000,0x00000000ea22aba8,0x00000000eb400000)
 Metaspace       used 12677K, capacity 12940K, committed 13312K, reserved 1060864K
  class space    used 1593K, capacity 1682K, committed 1792K, reserved 1048576K
Event: 6.866 GC heap after
Heap after GC invocations=9 (full 0):
 PSYoungGen      total 135680K, used 64K [0x00000000eb400000, 0x00000000f8b00000, 0x0000000100000000)
  eden space 131072K, 0% used [0x00000000eb400000,0x00000000eb400000,0x00000000f3400000)
  from space 4608K, 1% used [0x00000000f3400000,0x00000000f3410000,0x00000000f3880000)
  to   space 5120K, 0% used [0x00000000f8600000,0x00000000f8600000,0x00000000f8b00000)
 ParOldGen       total 679936K, used 661682K [0x00000000c1c00000, 0x00000000eb400000, 0x00000000eb400000)
  object space 679936K, 97% used [0x00000000c1c00000,0x00000000ea22cba8,0x00000000eb400000)
 Metaspace       used 12677K, capacity 12940K, committed 13312K, reserved 1060864K
  class space    used 1593K, capacity 1682K, committed 1792K, reserved 1048576K
}
Event: 98.805 GC heap before
{Heap before GC invocations=10 (full 0):
 PSYoungGen      total 135680K, used 130849K [0x00000000eb400000, 0x00000000f8b00000, 0x0000000100000000)
  eden space 131072K, 99% used [0x00000000eb400000,0x00000000f33b8690,0x00000000f3400000)
  from space 4608K, 1% used [0x00000000f3400000,0x00000000f3410000,0x00000000f3880000)
  to   space 5120K, 0% used [0x00000000f8600000,0x00000000f8600000,0x00000000f8b00000)
 ParOldGen       total 679936K, used 661682K [0x00000000c1c00000, 0x00000000eb400000, 0x00000000eb400000)
  object space 679936K, 97% used [0x00000000c1c00000,0x00000000ea22cba8,0x00000000eb400000)
 Metaspace       used 13239K, capacity 13420K, committed 13568K, reserved 1060864K
  class space    used 1652K, capacity 1714K, committed 1792K, reserved 1048576K
Event: 98.811 GC heap after
Heap after GC invocations=10 (full 0):
 PSYoungGen      total 215040K, used 1165K [0x00000000eb400000, 0x00000000f8b00000, 0x0000000100000000)
  eden space 209920K, 0% used [0x00000000eb400000,0x00000000eb400000,0x00000000f8100000)
  from space 5120K, 22% used [0x00000000f8600000,0x00000000f8723528,0x00000000f8b00000)
  to   space 5120K, 0% used [0x00000000f8100000,0x00000000f8100000,0x00000000f8600000)
 ParOldGen       total 679936K, used 661694K [0x00000000c1c00000, 0x00000000eb400000, 0x00000000eb400000)
  object space 679936K, 97% used [0x00000000c1c00000,0x00000000ea22fbb8,0x00000000eb400000)
 Metaspace       used 13239K, capacity 13420K, committed 13568K, reserved 1060864K
  class space    used 1652K, capacity 1714K, committed 1792K, reserved 1048576K
}

Deoptimization events (10 events):
Event: 35044.601 Thread 0x000000001c150800 Uncommon trap: reason=bimorphic action=maybe_recompile pc=0x0000000002d671b8 method=sun.java2d.SunGraphics2D.validateColor()V @ 95
Event: 35044.601 Thread 0x000000001c150800 Uncommon trap: reason=unstable_if action=reinterpret pc=0x0000000002f3de6c method=sun.font.FontDesignMetrics.getMetrics(Ljava/awt/Font;Ljava/awt/font/FontRenderContext;)Lsun/font/FontDesignMetrics; @ 196
Event: 35044.602 Thread 0x000000001c150800 Uncommon trap: reason=class_check action=maybe_recompile pc=0x0000000002c3e54c method=sun.java2d.pipe.ValidatePipe.drawChars(Lsun/java2d/SunGraphics2D;[CIIII)V @ 21
Event: 35044.654 Thread 0x000000001c150800 Uncommon trap: reason=class_check action=maybe_recompile pc=0x0000000002f97494 method=java.util.HashMap.putVal(ILjava/lang/Object;Ljava/lang/Object;ZZ)Ljava/lang/Object; @ 203
Event: 35044.654 Thread 0x000000001c150800 Uncommon trap: reason=class_check action=maybe_recompile pc=0x0000000002f97494 method=java.util.HashMap.putVal(ILjava/lang/Object;Ljava/lang/Object;ZZ)Ljava/lang/Object; @ 203
Event: 35044.654 Thread 0x000000001c150800 Uncommon trap: reason=class_check action=maybe_recompile pc=0x0000000002f97494 method=java.util.HashMap.putVal(ILjava/lang/Object;Ljava/lang/Object;ZZ)Ljava/lang/Object; @ 203
Event: 35044.654 Thread 0x000000001c150800 Uncommon trap: reason=class_check action=maybe_recompile pc=0x0000000002f97494 method=java.util.HashMap.putVal(ILjava/lang/Object;Ljava/lang/Object;ZZ)Ljava/lang/Object; @ 203
Event: 35044.656 Thread 0x000000001c150800 Uncommon trap: reason=class_check action=maybe_recompile pc=0x0000000002afe038 method=sun.java2d.d3d.D3DRenderer.validateContext(Lsun/java2d/SunGraphics2D;)V @ 23
Event: 35575.996 Thread 0x000000001c24d000 Uncommon trap: reason=unstable_if action=reinterpret pc=0x0000000002e43f58 method=sun.java2d.d3d.D3DScreenUpdateManager.run()V @ 146
Event: 35576.034 Thread 0x000000001c24d000 Uncommon trap: reason=class_check action=maybe_recompile pc=0x0000000002afe038 method=sun.java2d.d3d.D3DRenderer.validateContext(Lsun/java2d/SunGraphics2D;)V @ 23

Classes redefined (0 events):
No events

Internal exceptions (10 events):
Event: 0.175 Thread 0x00000000028ce000 Exception <a 'java/security/PrivilegedActionException'> (0x00000000eb49a600) thrown at [C:\re\workspace\8-2-build-windows-amd64-cygwin\jdk8u171\10807\hotspot\src\share\vm\prims\jvm.cpp, line 1435]
Event: 0.363 Thread 0x00000000028ce000 Exception <a 'java/io/FileNotFoundException'> (0x00000000eb60d6c8) thrown at [C:\re\workspace\8-2-build-windows-amd64-cygwin\jdk8u171\10807\hotspot\src\share\vm\prims\jni.cpp, line 709]
Event: 0.438 Thread 0x00000000028ce000 Exception <a 'java/lang/NoSuchFieldError': method resolution failed> (0x00000000eb6de5e8) thrown at [C:\re\workspace\8-2-build-windows-amd64-cygwin\jdk8u171\10807\hotspot\src\share\vm\prims\methodHandles.cpp, line 1167]
Event: 0.449 Thread 0x00000000028ce000 Exception <a 'java/lang/NoSuchFieldError': method resolution failed> (0x00000000eb6eb990) thrown at [C:\re\workspace\8-2-build-windows-amd64-cygwin\jdk8u171\10807\hotspot\src\share\vm\prims\methodHandles.cpp, line 1167]
Event: 0.561 Thread 0x00000000028ce000 Exception <a 'java/io/FileNotFoundException'> (0x00000000eb824888) thrown at [C:\re\workspace\8-2-build-windows-amd64-cygwin\jdk8u171\10807\hotspot\src\share\vm\prims\jni.cpp, line 709]
Event: 1.089 Thread 0x00000000028ce000 Implicit null exception at 0x0000000002b19c59 to 0x0000000002b19ffd
Event: 1.092 Thread 0x00000000028ce000 Implicit null exception at 0x0000000002b15fd6 to 0x0000000002b16331
Event: 10.374 Thread 0x00000000028ce000 Implicit null exception at 0x0000000002da0064 to 0x0000000002da027a
Event: 34.005 Thread 0x000000001c150800 Implicit null exception at 0x0000000002f48c27 to 0x0000000002f48c51
Event: 35043.619 Thread 0x000000001c150800 Implicit null exception at 0x0000000003171c47 to 0x0000000003172ea1

Events (10 events):
Event: 35044.656 Thread 0x000000001c150800 DEOPT PACKING pc=0x0000000002afe038 sp=0x000000001ca3d120
Event: 35044.656 Thread 0x000000001c150800 DEOPT UNPACKING pc=0x0000000002a1583b sp=0x000000001ca3d068 mode 2
Event: 35044.698 Executing VM operation: RevokeBias
Event: 35044.698 Executing VM operation: RevokeBias done
Event: 35575.996 Thread 0x000000001c24d000 Uncommon trap: trap_request=0xffffff65 fr.pc=0x0000000002e43f58
Event: 35575.996 Thread 0x000000001c24d000 DEOPT PACKING pc=0x0000000002e43f58 sp=0x000000001d43f5f0
Event: 35575.997 Thread 0x000000001c24d000 DEOPT UNPACKING pc=0x0000000002a1583b sp=0x000000001d43f600 mode 2
Event: 35576.034 Thread 0x000000001c24d000 Uncommon trap: trap_request=0xffffffde fr.pc=0x0000000002afe038
Event: 35576.034 Thread 0x000000001c24d000 DEOPT PACKING pc=0x0000000002afe038 sp=0x000000001d43f3d0
Event: 35576.034 Thread 0x000000001c24d000 DEOPT UNPACKING pc=0x0000000002a1583b sp=0x000000001d43f318 mode 2


Dynamic libraries:
0x00007ff713e00000 - 0x00007ff713e37000 	C:\Program Files\Java\jre1.8.0_171\bin\javaw.exe
0x00007ffec8b40000 - 0x00007ffec8d30000 	C:\WINDOWS\SYSTEM32\ntdll.dll
0x00007ffec7000000 - 0x00007ffec70b2000 	C:\WINDOWS\System32\KERNEL32.DLL
0x00007ffec5d80000 - 0x00007ffec6024000 	C:\WINDOWS\System32\KERNELBASE.dll
0x00007ffec7170000 - 0x00007ffec7213000 	C:\WINDOWS\System32\ADVAPI32.dll
0x00007ffec7e90000 - 0x00007ffec7f2e000 	C:\WINDOWS\System32\msvcrt.dll
0x00007ffec7230000 - 0x00007ffec72c7000 	C:\WINDOWS\System32\sechost.dll
0x00007ffec8050000 - 0x00007ffec8170000 	C:\WINDOWS\System32\RPCRT4.dll
0x00007ffec6c70000 - 0x00007ffec6e04000 	C:\WINDOWS\System32\USER32.dll
0x00007ffec5d50000 - 0x00007ffec5d71000 	C:\WINDOWS\System32\win32u.dll
0x00007ffec6e10000 - 0x00007ffec6e36000 	C:\WINDOWS\System32\GDI32.dll
0x00007ffec6a50000 - 0x00007ffec6be4000 	C:\WINDOWS\System32\gdi32full.dll
0x00007ffec60b0000 - 0x00007ffec614e000 	C:\WINDOWS\System32\msvcp_win.dll
0x00007ffec6150000 - 0x00007ffec624a000 	C:\WINDOWS\System32\ucrtbase.dll
0x00007ffeb5610000 - 0x00007ffeb5894000 	C:\WINDOWS\WinSxS\amd64_microsoft.windows.common-controls_6595b64144ccf1df_6.0.18362.836_none_e6c4b943130f18ed\COMCTL32.dll
0x00007ffec82d0000 - 0x00007ffec8606000 	C:\WINDOWS\System32\combase.dll
0x00007ffec6030000 - 0x00007ffec60b0000 	C:\WINDOWS\System32\bcryptPrimitives.dll
0x00007ffec7f40000 - 0x00007ffec7f6e000 	C:\WINDOWS\System32\IMM32.DLL
0x0000000073f30000 - 0x0000000074002000 	C:\Program Files\Java\jre1.8.0_171\bin\msvcr100.dll
0x0000000072860000 - 0x0000000073100000 	C:\Program Files\Java\jre1.8.0_171\bin\server\jvm.dll
0x00007ffec8670000 - 0x00007ffec8678000 	C:\WINDOWS\System32\PSAPI.DLL
0x00007ffead860000 - 0x00007ffead869000 	C:\WINDOWS\SYSTEM32\WSOCK32.dll
0x00007ffec7f70000 - 0x00007ffec7fdf000 	C:\WINDOWS\System32\WS2_32.dll
0x00007ffec35f0000 - 0x00007ffec3614000 	C:\WINDOWS\SYSTEM32\WINMM.dll
0x00007ffebe7e0000 - 0x00007ffebe7ea000 	C:\WINDOWS\SYSTEM32\VERSION.dll
0x00007ffec35c0000 - 0x00007ffec35ed000 	C:\WINDOWS\SYSTEM32\WINMMBASE.dll
0x00007ffec5d00000 - 0x00007ffec5d4a000 	C:\WINDOWS\System32\cfgmgr32.dll
0x0000000072770000 - 0x000000007277f000 	C:\Program Files\Java\jre1.8.0_171\bin\verify.dll
0x0000000072740000 - 0x0000000072769000 	C:\Program Files\Java\jre1.8.0_171\bin\java.dll
0x0000000072720000 - 0x0000000072736000 	C:\Program Files\Java\jre1.8.0_171\bin\zip.dll
0x00007ffec72d0000 - 0x00007ffec79b4000 	C:\WINDOWS\System32\SHELL32.dll
0x00007ffec8a50000 - 0x00007ffec8af9000 	C:\WINDOWS\System32\shcore.dll
0x00007ffec6250000 - 0x00007ffec69ce000 	C:\WINDOWS\System32\windows.storage.dll
0x00007ffec5a80000 - 0x00007ffec5aa3000 	C:\WINDOWS\System32\profapi.dll
0x00007ffec5a10000 - 0x00007ffec5a5a000 	C:\WINDOWS\System32\powrprof.dll
0x00007ffec5a00000 - 0x00007ffec5a10000 	C:\WINDOWS\System32\UMPDC.dll
0x00007ffec7e30000 - 0x00007ffec7e82000 	C:\WINDOWS\System32\shlwapi.dll
0x00007ffec5a60000 - 0x00007ffec5a71000 	C:\WINDOWS\System32\kernel.appcore.dll
0x00007ffec6a30000 - 0x00007ffec6a47000 	C:\WINDOWS\System32\cryptsp.dll
0x0000000073d90000 - 0x0000000073f28000 	C:\Program Files\Java\jre1.8.0_171\bin\awt.dll
0x00007ffec8750000 - 0x00007ffec8814000 	C:\WINDOWS\System32\OLEAUT32.dll
0x00007ffec3c70000 - 0x00007ffec3cff000 	C:\WINDOWS\SYSTEM32\apphelp.dll
0x00007ffec3d50000 - 0x00007ffec3de9000 	C:\WINDOWS\system32\uxtheme.dll
0x00007ffec8170000 - 0x00007ffec82a6000 	C:\WINDOWS\System32\MSCTF.dll
0x00007ffec6ea0000 - 0x00007ffec6ff7000 	C:\WINDOWS\System32\ole32.dll
0x00007ffec41a0000 - 0x00007ffec41cd000 	C:\WINDOWS\system32\DWMAPI.DLL
0x0000000073d40000 - 0x0000000073d87000 	C:\Program Files\Java\jre1.8.0_171\bin\fontmanager.dll
0x00007ffeaf0e0000 - 0x00007ffeaf236000 	C:\WINDOWS\system32\opengl32.dll
0x00007ffeb3530000 - 0x00007ffeb355c000 	C:\WINDOWS\SYSTEM32\GLU32.dll
0x00007ffec4670000 - 0x00007ffec4690000 	C:\WINDOWS\SYSTEM32\dxcore.dll
0x00007ffea20c0000 - 0x00007ffea2287000 	C:\WINDOWS\system32\d3d9.dll
0x00007ffebe7f0000 - 0x00007ffebe971000 	C:\WINDOWS\System32\DriverStore\FileRepository\c0312549.inf_amd64_d0c053e57e0c1fd8\aticfx64.dll
0x00007ffeb3500000 - 0x00007ffeb3529000 	C:\WINDOWS\System32\DriverStore\FileRepository\c0312549.inf_amd64_d0c053e57e0c1fd8\atiu9p64.dll
0x00007ffe8ffa0000 - 0x00007ffe90a59000 	C:\WINDOWS\System32\DriverStore\FileRepository\c0312549.inf_amd64_d0c053e57e0c1fd8\atiumd64.dll
0x00000000716e0000 - 0x0000000072244000 	C:\WINDOWS\System32\DriverStore\FileRepository\c0312549.inf_amd64_d0c053e57e0c1fd8\atiumd6a.dll
0x0000000072700000 - 0x000000007271a000 	C:\Program Files\Java\jre1.8.0_171\bin\net.dll
0x00007ffec5210000 - 0x00007ffec5277000 	C:\WINDOWS\system32\mswsock.dll
0x00000000726e0000 - 0x00000000726f1000 	C:\Program Files\Java\jre1.8.0_171\bin\nio.dll
0x0000000073cf0000 - 0x0000000073d32000 	C:\Program Files\Java\jre1.8.0_171\bin\t2k.dll
0x00007ffec70c0000 - 0x00007ffec7162000 	C:\WINDOWS\System32\clbcatq.dll
0x00007ffec1080000 - 0x00007ffec122f000 	C:\WINDOWS\SYSTEM32\WindowsCodecs.dll
0x00007ffeab420000 - 0x00007ffeab45a000 	C:\WINDOWS\system32\dataexchange.dll
0x00007ffec33e0000 - 0x00007ffec35bc000 	C:\WINDOWS\system32\dcomp.dll
0x00007ffec2f00000 - 0x00007ffec315b000 	C:\WINDOWS\system32\d3d11.dll
0x00007ffec4700000 - 0x00007ffec47eb000 	C:\WINDOWS\system32\dxgi.dll
0x00007ffec3e60000 - 0x00007ffec40c1000 	C:\WINDOWS\system32\twinapi.appcore.dll
0x00007ffec4360000 - 0x00007ffec4389000 	C:\WINDOWS\system32\RMCLIENT.dll
0x00007ffebb2c0000 - 0x00007ffebb35e000 	C:\WINDOWS\System32\TextInputFramework.dll
0x00007ffec3620000 - 0x00007ffec36f4000 	C:\WINDOWS\System32\CoreMessaging.dll
0x00007ffec14e0000 - 0x00007ffec180a000 	C:\WINDOWS\System32\CoreUIComponents.dll
0x00007ffec1310000 - 0x00007ffec1463000 	C:\WINDOWS\SYSTEM32\wintypes.dll
0x00007ffec4b10000 - 0x00007ffec4b41000 	C:\WINDOWS\SYSTEM32\ntmarta.dll
0x00007ffeb9950000 - 0x00007ffeb9bf6000 	C:\WINDOWS\System32\iertutil.dll

VM Arguments:
jvm_args: -Dfile.encoding=Cp1252 
java_command: machine.Main
java_class_path (initial): C:\Program Files\Java\jre1.8.0_171\lib\resources.jar;C:\Program Files\Java\jre1.8.0_171\lib\rt.jar;C:\Program Files\Java\jre1.8.0_171\lib\jsse.jar;C:\Program Files\Java\jre1.8.0_171\lib\jce.jar;C:\Program Files\Java\jre1.8.0_171\lib\charsets.jar;C:\Program Files\Java\jre1.8.0_171\lib\jfr.jar;C:\Program Files\Java\jre1.8.0_171\lib\ext\access-bridge-64.jar;C:\Program Files\Java\jre1.8.0_171\lib\ext\cldrdata.jar;C:\Program Files\Java\jre1.8.0_171\lib\ext\dnsns.jar;C:\Program Files\Java\jre1.8.0_171\lib\ext\jaccess.jar;C:\Program Files\Java\jre1.8.0_171\lib\ext\jfxrt.jar;C:\Program Files\Java\jre1.8.0_171\lib\ext\localedata.jar;C:\Program Files\Java\jre1.8.0_171\lib\ext\nashorn.jar;C:\Program Files\Java\jre1.8.0_171\lib\ext\sunec.jar;C:\Program Files\Java\jre1.8.0_171\lib\ext\sunjce_provider.jar;C:\Program Files\Java\jre1.8.0_171\lib\ext\sunmscapi.jar;C:\Program Files\Java\jre1.8.0_171\lib\ext\sunpkcs11.jar;C:\Program Files\Java\jre1.8.0_171\lib\ext\zipfs.jar;C:\Users\Daniel Briggs\eclipse-workspace\Turing\bin
Launcher Type: SUN_STANDARD

Environment Variables:
PATH=C:/Program Files/Java/jre1.8.0_171/bin/server;C:/Program Files/Java/jre1.8.0_171/bin;C:/Program Files/Java/jre1.8.0_171/lib/amd64;C:\Program Files (x86)\Common Files\Oracle\Java\javapath;C:\WINDOWS\system32;C:\WINDOWS;C:\WINDOWS\System32\Wbem;C:\WINDOWS\System32\WindowsPowerShell\v1.0\;C:\WINDOWS\System32\OpenSSH\;C:\Program Files\MiKTeX 2.9\miktex\bin\x64\;C:\Program Files\nodejs\;C:\Program Files\Git\cmd;C:\Users\Daniel Briggs\AppData\Local\Programs\Python\Python37-32\Scripts\;C:\Users\Daniel Briggs\AppData\Local\Programs\Python\Python37-32\;C:\Users\Daniel Briggs\AppData\Local\Microsoft\WindowsApps;C:\Users\Daniel Briggs\AppData\Roaming\npm;C:\Program Files\heroku\bin;;C:\Users\Daniel Briggs\Desktop;
USERNAME=Daniel Briggs
OS=Windows_NT
PROCESSOR_IDENTIFIER=AMD64 Family 21 Model 112 Stepping 0, AuthenticAMD



---------------  S Y S T E M  ---------------

OS: Windows 10.0 , 64 bit Build 18362 (10.0.18362.778)

CPU:total 2 (initial active 2) (2 cores per cpu, 1 threads per core) family 21 model 112 stepping 0, cmov, cx8, fxsr, mmx, sse, sse2, sse3, ssse3, sse4.1, sse4.2, popcnt, avx, avx2, aes, clmul, mmxext, 3dnowpref, lzcnt, sse4a, tsc, tscinvbit, tscinv, bmi1

Memory: 4k page, physical 4077240k(551708k free), swap 5503672k(3204k free)

vm_info: Java HotSpot(TM) 64-Bit Server VM (25.171-b11) for windows-amd64 JRE (1.8.0_171-b11), built on Mar 28 2018 16:06:12 by "java_re" with MS VC++ 10.0 (VS2010)

time: Mon Jun 01 17:25:42 2020
elapsed time: 35576 seconds (0d 9h 52m 56s)

