#
# There is insufficient memory for the Java Runtime Environment to continue.
# Native memory allocation (malloc) failed to allocate 549136 bytes for Chunk::new
# Possible reasons:
#   The system is out of physical RAM or swap space
#   In 32 bit mode, the process size limit was hit
# Possible solutions:
#   Reduce memory load on the system
#   Increase physical memory or swap space
#   Check if swap backing store is full
#   Use 64 bit Java on a 64 bit OS
#   Decrease Java heap size (-Xmx/-Xms)
#   Decrease number of Java threads
#   Decrease Java thread stack sizes (-Xss)
#   Set larger code cache with -XX:ReservedCodeCacheSize=
# This output file may be truncated or incomplete.
#
#  Out of Memory Error (allocation.cpp:390), pid=6536, tid=0x000000000000250c
#
# JRE version: Java(TM) SE Runtime Environment (8.0_171-b11) (build 1.8.0_171-b11)
# Java VM: Java HotSpot(TM) 64-Bit Server VM (25.171-b11 mixed mode windows-amd64 compressed oops)
# Failed to write core dump. Minidumps are not enabled by default on client versions of Windows
#

---------------  T H R E A D  ---------------

Current thread (0x0000000014999800):  JavaThread "C2 CompilerThread0" daemon [_thread_in_native, id=9484, stack(0x00000000159e0000,0x0000000015ae0000)]

Stack: [0x00000000159e0000,0x0000000015ae0000]
[error occurred during error reporting (printing stack bounds), id 0xc0000005]

Native frames: (J=compiled Java code, j=interpreted, Vv=VM code, C=native code)


Current CompileTask:
C2:   6463 1775       4       java.awt.EventQueue$3::run (60 bytes)


---------------  P R O C E S S  ---------------

Java Threads: ( => current thread )
  0x0000000016d31800 JavaThread "D3D Screen Updater" daemon [_thread_blocked, id=8080, stack(0x000000001d030000,0x000000001d130000)]
  0x0000000016d2e000 JavaThread "TimerQueue" daemon [_thread_blocked, id=9780, stack(0x000000001cf30000,0x000000001d030000)]
  0x0000000016caa800 JavaThread "AWT-EventQueue-0" [_thread_blocked, id=10280, stack(0x000000001c530000,0x000000001c630000)]
  0x0000000016190000 JavaThread "AWT-Windows" daemon [_thread_in_native, id=8600, stack(0x0000000016520000,0x0000000016620000)]
  0x000000001618e800 JavaThread "AWT-Shutdown" [_thread_blocked, id=4220, stack(0x0000000016420000,0x0000000016520000)]
  0x000000001618d800 JavaThread "Java2D Disposer" daemon [_thread_blocked, id=2252, stack(0x0000000016320000,0x0000000016420000)]
  0x00000000149fc000 JavaThread "Service Thread" daemon [_thread_blocked, id=7652, stack(0x0000000015be0000,0x0000000015ce0000)]
  0x00000000149f5800 JavaThread "C1 CompilerThread1" daemon [_thread_blocked, id=11580, stack(0x0000000015ae0000,0x0000000015be0000)]
=>0x0000000014999800 JavaThread "C2 CompilerThread0" daemon [_thread_in_native, id=9484, stack(0x00000000159e0000,0x0000000015ae0000)]
  0x0000000014998000 JavaThread "Attach Listener" daemon [_thread_blocked, id=11976, stack(0x00000000158e0000,0x00000000159e0000)]
  0x0000000014995000 JavaThread "Signal Dispatcher" daemon [_thread_blocked, id=10848, stack(0x00000000157e0000,0x00000000158e0000)]
  0x0000000014988800 JavaThread "Finalizer" daemon [_thread_blocked, id=7624, stack(0x00000000155e0000,0x00000000156e0000)]
  0x00000000025ff000 JavaThread "Reference Handler" daemon [_thread_blocked, id=1676, stack(0x00000000154e0000,0x00000000155e0000)]
  0x000000000250e000 JavaThread "main" [_thread_in_Java, id=9336, stack(0x0000000002320000,0x0000000002420000)]

Other Threads:
  0x0000000014966800 VMThread [stack: 0x00000000153e0000,0x00000000154e0000] [id=8716]
  0x00000000149ff000 WatcherThread [stack: 0x0000000015ce0000,0x0000000015de0000] [id=3396]

VM state:not at safepoint (normal execution)

VM Mutex/Monitor currently owned by a thread: None

Heap:
 PSYoungGen      total 136704K, used 120376K [0x00000000eb400000, 0x00000000f3f00000, 0x0000000100000000)
  eden space 131072K, 91% used [0x00000000eb400000,0x00000000f297e308,0x00000000f3400000)
  from space 5632K, 1% used [0x00000000f3980000,0x00000000f3990000,0x00000000f3f00000)
  to   space 5632K, 0% used [0x00000000f3400000,0x00000000f3400000,0x00000000f3980000)
 ParOldGen       total 679936K, used 664037K [0x00000000c1c00000, 0x00000000eb400000, 0x00000000eb400000)
  object space 679936K, 97% used [0x00000000c1c00000,0x00000000ea479508,0x00000000eb400000)
 Metaspace       used 12576K, capacity 12812K, committed 13056K, reserved 1060864K
  class space    used 1592K, capacity 1682K, committed 1792K, reserved 1048576K

Card table byte_map: [0x00000000119d0000,0x0000000011bd0000] byte_map_base: 0x00000000113c2000

Marking Bits: (ParMarkBitMap*) 0x0000000058f608c0
 Begin Bits: [0x0000000011f20000, 0x0000000012eb0000)
 End Bits:   [0x0000000012eb0000, 0x0000000013e40000)

Polling page: 0x00000000006d0000

CodeCache: size=245760Kb used=5762Kb max_used=5762Kb free=239997Kb
 bounds [0x0000000002610000, 0x0000000002bc0000, 0x0000000011610000]
 total_blobs=2263 nmethods=1764 adapters=412
 compilation: enabled

Compilation events (10 events):
Event: 6.274 Thread 0x00000000149f5800 nmethod 1774 0x0000000002babd90 code [0x0000000002babf00, 0x0000000002bac270]
Event: 6.290 Thread 0x0000000014999800 1775       4       java.awt.EventQueue$3::run (60 bytes)
Event: 6.340 Thread 0x00000000149f5800 1777       3       java.lang.Thread::interrupted (8 bytes)
Event: 6.340 Thread 0x00000000149f5800 nmethod 1777 0x0000000002baa790 code [0x0000000002baa900, 0x0000000002baaa88]
Event: 6.341 Thread 0x00000000149f5800 1778       3       javax.swing.RepaintManager::collectDirtyComponents (344 bytes)
Event: 6.344 Thread 0x00000000149f5800 nmethod 1778 0x0000000002bb3990 code [0x0000000002bb3ca0, 0x0000000002bb5aa8]
Event: 6.344 Thread 0x00000000149f5800 1779       3       sun.java2d.SunGraphics2D::validateColor (102 bytes)
Event: 6.345 Thread 0x00000000149f5800 nmethod 1779 0x0000000002bab450 code [0x0000000002bab5e0, 0x0000000002babbf8]
Event: 6.350 Thread 0x00000000149f5800 1780       3       java.awt.Point::<init> (7 bytes)
Event: 6.351 Thread 0x00000000149f5800 nmethod 1780 0x0000000002baaf50 code [0x0000000002bab0c0, 0x0000000002bab330]

GC Heap History (10 events):
Event: 5.864 GC heap before
{Heap before GC invocations=4 (full 0):
 PSYoungGen      total 18944K, used 17246K [0x00000000eb400000, 0x00000000ed900000, 0x0000000100000000)
  eden space 16384K, 89% used [0x00000000eb400000,0x00000000ec25b7f8,0x00000000ec400000)
  from space 2560K, 99% used [0x00000000ec400000,0x00000000ec67c020,0x00000000ec680000)
  to   space 2560K, 0% used [0x00000000ed680000,0x00000000ed680000,0x00000000ed900000)
 ParOldGen       total 679936K, used 660384K [0x00000000c1c00000, 0x00000000eb400000, 0x00000000eb400000)
  object space 679936K, 97% used [0x00000000c1c00000,0x00000000ea0e8150,0x00000000eb400000)
 Metaspace       used 12554K, capacity 12812K, committed 13056K, reserved 1060864K
  class space    used 1592K, capacity 1682K, committed 1792K, reserved 1048576K
Event: 5.883 GC heap after
Heap after GC invocations=4 (full 0):
 PSYoungGen      total 35328K, used 2528K [0x00000000eb400000, 0x00000000ed900000, 0x0000000100000000)
  eden space 32768K, 0% used [0x00000000eb400000,0x00000000eb400000,0x00000000ed400000)
  from space 2560K, 98% used [0x00000000ed680000,0x00000000ed8f8010,0x00000000ed900000)
  to   space 2560K, 0% used [0x00000000ed400000,0x00000000ed400000,0x00000000ed680000)
 ParOldGen       total 679936K, used 661536K [0x00000000c1c00000, 0x00000000eb400000, 0x00000000eb400000)
  object space 679936K, 97% used [0x00000000c1c00000,0x00000000ea208150,0x00000000eb400000)
 Metaspace       used 12554K, capacity 12812K, committed 13056K, reserved 1060864K
  class space    used 1592K, capacity 1682K, committed 1792K, reserved 1048576K
}
Event: 5.925 GC heap before
{Heap before GC invocations=5 (full 0):
 PSYoungGen      total 35328K, used 26888K [0x00000000eb400000, 0x00000000ed900000, 0x0000000100000000)
  eden space 32768K, 74% used [0x00000000eb400000,0x00000000ecbca1f0,0x00000000ed400000)
  from space 2560K, 98% used [0x00000000ed680000,0x00000000ed8f8010,0x00000000ed900000)
  to   space 2560K, 0% used [0x00000000ed400000,0x00000000ed400000,0x00000000ed680000)
 ParOldGen       total 679936K, used 661536K [0x00000000c1c00000, 0x00000000eb400000, 0x00000000eb400000)
  object space 679936K, 97% used [0x00000000c1c00000,0x00000000ea208150,0x00000000eb400000)
 Metaspace       used 12557K, capacity 12812K, committed 13056K, reserved 1060864K
  class space    used 1592K, capacity 1682K, committed 1792K, reserved 1048576K
Event: 5.943 GC heap after
Heap after GC invocations=5 (full 0):
 PSYoungGen      total 35328K, used 2544K [0x00000000eb400000, 0x00000000efe00000, 0x0000000100000000)
  eden space 32768K, 0% used [0x00000000eb400000,0x00000000eb400000,0x00000000ed400000)
  from space 2560K, 99% used [0x00000000ed400000,0x00000000ed67c020,0x00000000ed680000)
  to   space 5120K, 0% used [0x00000000ef900000,0x00000000ef900000,0x00000000efe00000)
 ParOldGen       total 679936K, used 661544K [0x00000000c1c00000, 0x00000000eb400000, 0x00000000eb400000)
  object space 679936K, 97% used [0x00000000c1c00000,0x00000000ea20a150,0x00000000eb400000)
 Metaspace       used 12557K, capacity 12812K, committed 13056K, reserved 1060864K
  class space    used 1592K, capacity 1682K, committed 1792K, reserved 1048576K
}
Event: 5.981 GC heap before
{Heap before GC invocations=6 (full 0):
 PSYoungGen      total 35328K, used 26804K [0x00000000eb400000, 0x00000000efe00000, 0x0000000100000000)
  eden space 32768K, 74% used [0x00000000eb400000,0x00000000ecbb1080,0x00000000ed400000)
  from space 2560K, 99% used [0x00000000ed400000,0x00000000ed67c020,0x00000000ed680000)
  to   space 5120K, 0% used [0x00000000ef900000,0x00000000ef900000,0x00000000efe00000)
 ParOldGen       total 679936K, used 661544K [0x00000000c1c00000, 0x00000000eb400000, 0x00000000eb400000)
  object space 679936K, 97% used [0x00000000c1c00000,0x00000000ea20a150,0x00000000eb400000)
 Metaspace       used 12563K, capacity 12812K, committed 13056K, reserved 1060864K
  class space    used 1592K, capacity 1682K, committed 1792K, reserved 1048576K
Event: 5.996 GC heap after
Heap after GC invocations=6 (full 0):
 PSYoungGen      total 70656K, used 2544K [0x00000000eb400000, 0x00000000efe00000, 0x0000000100000000)
  eden space 65536K, 0% used [0x00000000eb400000,0x00000000eb400000,0x00000000ef400000)
  from space 5120K, 49% used [0x00000000ef900000,0x00000000efb7c020,0x00000000efe00000)
  to   space 5120K, 0% used [0x00000000ef400000,0x00000000ef400000,0x00000000ef900000)
 ParOldGen       total 679936K, used 661544K [0x00000000c1c00000, 0x00000000eb400000, 0x00000000eb400000)
  object space 679936K, 97% used [0x00000000c1c00000,0x00000000ea20a150,0x00000000eb400000)
 Metaspace       used 12563K, capacity 12812K, committed 13056K, reserved 1060864K
  class space    used 1592K, capacity 1682K, committed 1792K, reserved 1048576K
}
Event: 6.089 GC heap before
{Heap before GC invocations=7 (full 0):
 PSYoungGen      total 70656K, used 50935K [0x00000000eb400000, 0x00000000efe00000, 0x0000000100000000)
  eden space 65536K, 73% used [0x00000000eb400000,0x00000000ee341d40,0x00000000ef400000)
  from space 5120K, 49% used [0x00000000ef900000,0x00000000efb7c020,0x00000000efe00000)
  to   space 5120K, 0% used [0x00000000ef400000,0x00000000ef400000,0x00000000ef900000)
 ParOldGen       total 679936K, used 661544K [0x00000000c1c00000, 0x00000000eb400000, 0x00000000eb400000)
  object space 679936K, 97% used [0x00000000c1c00000,0x00000000ea20a150,0x00000000eb400000)
 Metaspace       used 12568K, capacity 12812K, committed 13056K, reserved 1060864K
  class space    used 1592K, capacity 1682K, committed 1792K, reserved 1048576K
Event: 6.107 GC heap after
Heap after GC invocations=7 (full 0):
 PSYoungGen      total 70656K, used 1312K [0x00000000eb400000, 0x00000000f3f00000, 0x0000000100000000)
  eden space 65536K, 0% used [0x00000000eb400000,0x00000000eb400000,0x00000000ef400000)
  from space 5120K, 25% used [0x00000000ef400000,0x00000000ef548010,0x00000000ef900000)
  to   space 5632K, 0% used [0x00000000f3980000,0x00000000f3980000,0x00000000f3f00000)
 ParOldGen       total 679936K, used 662765K [0x00000000c1c00000, 0x00000000eb400000, 0x00000000eb400000)
  object space 679936K, 97% used [0x00000000c1c00000,0x00000000ea33b4f8,0x00000000eb400000)
 Metaspace       used 12568K, capacity 12812K, committed 13056K, reserved 1060864K
  class space    used 1592K, capacity 1682K, committed 1792K, reserved 1048576K
}
Event: 6.172 GC heap before
{Heap before GC invocations=8 (full 0):
 PSYoungGen      total 70656K, used 49618K [0x00000000eb400000, 0x00000000f3f00000, 0x0000000100000000)
  eden space 65536K, 73% used [0x00000000eb400000,0x00000000ee32cb70,0x00000000ef400000)
  from space 5120K, 25% used [0x00000000ef400000,0x00000000ef548010,0x00000000ef900000)
  to   space 5632K, 0% used [0x00000000f3980000,0x00000000f3980000,0x00000000f3f00000)
 ParOldGen       total 679936K, used 662765K [0x00000000c1c00000, 0x00000000eb400000, 0x00000000eb400000)
  object space 679936K, 97% used [0x00000000c1c00000,0x00000000ea33b4f8,0x00000000eb400000)
 Metaspace       used 12570K, capacity 12812K, committed 13056K, reserved 1060864K
  class space    used 1592K, capacity 1682K, committed 1792K, reserved 1048576K
Event: 6.182 GC heap after
Heap after GC invocations=8 (full 0):
 PSYoungGen      total 136704K, used 64K [0x00000000eb400000, 0x00000000f3f00000, 0x0000000100000000)
  eden space 131072K, 0% used [0x00000000eb400000,0x00000000eb400000,0x00000000f3400000)
  from space 5632K, 1% used [0x00000000f3980000,0x00000000f3990000,0x00000000f3f00000)
  to   space 5632K, 0% used [0x00000000f3400000,0x00000000f3400000,0x00000000f3980000)
 ParOldGen       total 679936K, used 664037K [0x00000000c1c00000, 0x00000000eb400000, 0x00000000eb400000)
  object space 679936K, 97% used [0x00000000c1c00000,0x00000000ea479508,0x00000000eb400000)
 Metaspace       used 12570K, capacity 12812K, committed 13056K, reserved 1060864K
  class space    used 1592K, capacity 1682K, committed 1792K, reserved 1048576K
}

Deoptimization events (10 events):
Event: 2.241 Thread 0x0000000016d31800 Uncommon trap: reason=unstable_if action=reinterpret pc=0x0000000002976088 method=java.util.concurrent.locks.ReentrantLock$NonfairSync.lock()V @ 6
Event: 2.242 Thread 0x0000000016d31800 Uncommon trap: reason=unstable_if action=reinterpret pc=0x000000000296da00 method=java.util.concurrent.locks.ReentrantLock$Sync.tryRelease(I)Z @ 28
Event: 2.246 Thread 0x0000000016caa800 Uncommon trap: reason=unstable_if action=reinterpret pc=0x0000000002977434 method=javax.swing.text.PlainView.lineToRect(Ljava/awt/Shape;I)Ljava/awt/Rectangle; @ 22
Event: 2.796 Thread 0x000000000250e000 Uncommon trap: reason=unstable_if action=reinterpret pc=0x00000000029b214c method=javax.swing.text.GapVector.shiftGap(I)V @ 5
Event: 2.986 Thread 0x0000000016caa800 Uncommon trap: reason=unstable_if action=reinterpret pc=0x00000000029adf10 method=javax.swing.text.AbstractDocument$BranchElement.getElementIndex(I)I @ 92
Event: 3.212 Thread 0x000000000250e000 Uncommon trap: reason=unstable_if action=reinterpret pc=0x00000000029d94f4 method=sun.awt.PostEventQueue.flush()V @ 23
Event: 4.587 Thread 0x0000000016caa800 Uncommon trap: reason=unstable_if action=reinterpret pc=0x0000000002ab1a00 method=java.awt.EventQueue.uncacheEQItem(Lsun/awt/EventQueueItem;)V @ 10
Event: 4.883 Thread 0x0000000016caa800 Uncommon trap: reason=unstable_if action=reinterpret pc=0x0000000002b124b8 method=java.awt.EventQueue.getNextEvent()Ljava/awt/AWTEvent; @ 22
Event: 5.666 Thread 0x000000000250e000 Uncommon trap: reason=unstable_if action=reinterpret pc=0x0000000002904394 method=java.lang.Integer.getChars(II[C)V @ 20
Event: 5.666 Thread 0x000000000250e000 Uncommon trap: reason=unstable_if action=reinterpret pc=0x0000000002904f78 method=java.lang.Integer.getChars(II[C)V @ 20

Classes redefined (0 events):
No events

Internal exceptions (10 events):
Event: 0.639 Thread 0x000000000250e000 Exception <a 'java/security/PrivilegedActionException'> (0x00000000eb496570) thrown at [C:\re\workspace\8-2-build-windows-amd64-cygwin\jdk8u171\10807\hotspot\src\share\vm\prims\jvm.cpp, line 1435]
Event: 0.639 Thread 0x000000000250e000 Exception <a 'java/security/PrivilegedActionException'> (0x00000000eb496780) thrown at [C:\re\workspace\8-2-build-windows-amd64-cygwin\jdk8u171\10807\hotspot\src\share\vm\prims\jvm.cpp, line 1435]
Event: 0.641 Thread 0x000000000250e000 Exception <a 'java/security/PrivilegedActionException'> (0x00000000eb49a3f0) thrown at [C:\re\workspace\8-2-build-windows-amd64-cygwin\jdk8u171\10807\hotspot\src\share\vm\prims\jvm.cpp, line 1435]
Event: 0.641 Thread 0x000000000250e000 Exception <a 'java/security/PrivilegedActionException'> (0x00000000eb49a600) thrown at [C:\re\workspace\8-2-build-windows-amd64-cygwin\jdk8u171\10807\hotspot\src\share\vm\prims\jvm.cpp, line 1435]
Event: 0.835 Thread 0x000000000250e000 Exception <a 'java/io/FileNotFoundException'> (0x00000000eb60d658) thrown at [C:\re\workspace\8-2-build-windows-amd64-cygwin\jdk8u171\10807\hotspot\src\share\vm\prims\jni.cpp, line 709]
Event: 0.935 Thread 0x000000000250e000 Exception <a 'java/lang/NoSuchFieldError': method resolution failed> (0x00000000eb6de4c0) thrown at [C:\re\workspace\8-2-build-windows-amd64-cygwin\jdk8u171\10807\hotspot\src\share\vm\prims\methodHandles.cpp, line 1167]
Event: 0.949 Thread 0x000000000250e000 Exception <a 'java/lang/NoSuchFieldError': method resolution failed> (0x00000000eb6eb848) thrown at [C:\re\workspace\8-2-build-windows-amd64-cygwin\jdk8u171\10807\hotspot\src\share\vm\prims\methodHandles.cpp, line 1167]
Event: 1.079 Thread 0x000000000250e000 Exception <a 'java/io/FileNotFoundException'> (0x00000000eb824758) thrown at [C:\re\workspace\8-2-build-windows-amd64-cygwin\jdk8u171\10807\hotspot\src\share\vm\prims\jni.cpp, line 709]
Event: 1.651 Thread 0x000000000250e000 Implicit null exception at 0x000000000275b396 to 0x000000000275b6f1
Event: 1.652 Thread 0x000000000250e000 Implicit null exception at 0x000000000275ab16 to 0x000000000275ae71

Events (10 events):
Event: 5.943 Executing VM operation: ParallelGCFailedAllocation done
Event: 5.981 Executing VM operation: ParallelGCFailedAllocation
Event: 5.996 Executing VM operation: ParallelGCFailedAllocation done
Event: 6.089 Executing VM operation: ParallelGCFailedAllocation
Event: 6.107 Executing VM operation: ParallelGCFailedAllocation done
Event: 6.117 loading class java/security/DomainCombiner
Event: 6.117 loading class java/security/DomainCombiner done
Event: 6.162 Thread 0x00000000161ab000 Thread exited: 0x00000000161ab000
Event: 6.172 Executing VM operation: ParallelGCFailedAllocation
Event: 6.182 Executing VM operation: ParallelGCFailedAllocation done


Dynamic libraries:
0x00007ff617710000 - 0x00007ff617747000 	C:\Program Files\Java\jre1.8.0_171\bin\javaw.exe
0x00007ffc3e660000 - 0x00007ffc3e850000 	C:\WINDOWS\SYSTEM32\ntdll.dll
0x00007ffc3d070000 - 0x00007ffc3d122000 	C:\WINDOWS\System32\KERNEL32.DLL
0x00007ffc3b610000 - 0x00007ffc3b8b4000 	C:\WINDOWS\System32\KERNELBASE.dll
0x00007ffc3ce20000 - 0x00007ffc3cec3000 	C:\WINDOWS\System32\ADVAPI32.dll
0x00007ffc3cc50000 - 0x00007ffc3ccee000 	C:\WINDOWS\System32\msvcrt.dll
0x00007ffc3cf30000 - 0x00007ffc3cfc7000 	C:\WINDOWS\System32\sechost.dll
0x00007ffc3c740000 - 0x00007ffc3c860000 	C:\WINDOWS\System32\RPCRT4.dll
0x00007ffc3db10000 - 0x00007ffc3dca4000 	C:\WINDOWS\System32\USER32.dll
0x00007ffc3c040000 - 0x00007ffc3c061000 	C:\WINDOWS\System32\win32u.dll
0x00007ffc3dda0000 - 0x00007ffc3ddc6000 	C:\WINDOWS\System32\GDI32.dll
0x00007ffc3c4f0000 - 0x00007ffc3c684000 	C:\WINDOWS\System32\gdi32full.dll
0x00007ffc3c070000 - 0x00007ffc3c10e000 	C:\WINDOWS\System32\msvcp_win.dll
0x00007ffc3c3f0000 - 0x00007ffc3c4ea000 	C:\WINDOWS\System32\ucrtbase.dll
0x00007ffc28130000 - 0x00007ffc283b4000 	C:\WINDOWS\WinSxS\amd64_microsoft.windows.common-controls_6595b64144ccf1df_6.0.18362.836_none_e6c4b943130f18ed\COMCTL32.dll
0x00007ffc3c860000 - 0x00007ffc3cb96000 	C:\WINDOWS\System32\combase.dll
0x00007ffc3c690000 - 0x00007ffc3c710000 	C:\WINDOWS\System32\bcryptPrimitives.dll
0x00007ffc3c710000 - 0x00007ffc3c73e000 	C:\WINDOWS\System32\IMM32.DLL
0x0000000058660000 - 0x0000000058732000 	C:\Program Files\Java\jre1.8.0_171\bin\msvcr100.dll
0x0000000058740000 - 0x0000000058fe0000 	C:\Program Files\Java\jre1.8.0_171\bin\server\jvm.dll
0x00007ffc3e540000 - 0x00007ffc3e548000 	C:\WINDOWS\System32\PSAPI.DLL
0x00007ffc31070000 - 0x00007ffc31079000 	C:\WINDOWS\SYSTEM32\WSOCK32.dll
0x00007ffc3dcb0000 - 0x00007ffc3dd1f000 	C:\WINDOWS\System32\WS2_32.dll
0x00007ffc39060000 - 0x00007ffc39084000 	C:\WINDOWS\SYSTEM32\WINMM.dll
0x00007ffc33170000 - 0x00007ffc3317a000 	C:\WINDOWS\SYSTEM32\VERSION.dll
0x00007ffc39030000 - 0x00007ffc3905d000 	C:\WINDOWS\SYSTEM32\WINMMBASE.dll
0x00007ffc3c110000 - 0x00007ffc3c15a000 	C:\WINDOWS\System32\cfgmgr32.dll
0x000000005a050000 - 0x000000005a05f000 	C:\Program Files\Java\jre1.8.0_171\bin\verify.dll
0x000000005a020000 - 0x000000005a049000 	C:\Program Files\Java\jre1.8.0_171\bin\java.dll
0x000000005a000000 - 0x000000005a016000 	C:\Program Files\Java\jre1.8.0_171\bin\zip.dll
0x00007ffc3d420000 - 0x00007ffc3db04000 	C:\WINDOWS\System32\SHELL32.dll
0x00007ffc3d1c0000 - 0x00007ffc3d269000 	C:\WINDOWS\System32\shcore.dll
0x00007ffc3b8c0000 - 0x00007ffc3c03e000 	C:\WINDOWS\System32\windows.storage.dll
0x00007ffc3b570000 - 0x00007ffc3b593000 	C:\WINDOWS\System32\profapi.dll
0x00007ffc3b5a0000 - 0x00007ffc3b5ea000 	C:\WINDOWS\System32\powrprof.dll
0x00007ffc3b520000 - 0x00007ffc3b530000 	C:\WINDOWS\System32\UMPDC.dll
0x00007ffc3df30000 - 0x00007ffc3df82000 	C:\WINDOWS\System32\shlwapi.dll
0x00007ffc3b530000 - 0x00007ffc3b541000 	C:\WINDOWS\System32\kernel.appcore.dll
0x00007ffc3b5f0000 - 0x00007ffc3b607000 	C:\WINDOWS\System32\cryptsp.dll
0x00000000584c0000 - 0x0000000058658000 	C:\Program Files\Java\jre1.8.0_171\bin\awt.dll
0x00007ffc3e550000 - 0x00007ffc3e614000 	C:\WINDOWS\System32\OLEAUT32.dll
0x00007ffc397e0000 - 0x00007ffc3986f000 	C:\WINDOWS\SYSTEM32\apphelp.dll
0x00007ffc39dc0000 - 0x00007ffc39e59000 	C:\WINDOWS\system32\uxtheme.dll
0x00007ffc3e400000 - 0x00007ffc3e536000 	C:\WINDOWS\System32\MSCTF.dll
0x00007ffc3ddd0000 - 0x00007ffc3df27000 	C:\WINDOWS\System32\ole32.dll
0x00007ffc39ed0000 - 0x00007ffc39efd000 	C:\WINDOWS\system32\DWMAPI.DLL
0x0000000058470000 - 0x00000000584b7000 	C:\Program Files\Java\jre1.8.0_171\bin\fontmanager.dll
0x00007ffc1d880000 - 0x00007ffc1d9d6000 	C:\WINDOWS\system32\opengl32.dll
0x00007ffc31e70000 - 0x00007ffc31e9c000 	C:\WINDOWS\SYSTEM32\GLU32.dll
0x00007ffc3a190000 - 0x00007ffc3a1b0000 	C:\WINDOWS\SYSTEM32\dxcore.dll
0x00007ffc05cc0000 - 0x00007ffc05e87000 	C:\WINDOWS\system32\d3d9.dll
0x00007ffc33180000 - 0x00007ffc33301000 	C:\WINDOWS\System32\DriverStore\FileRepository\c0312549.inf_amd64_d0c053e57e0c1fd8\aticfx64.dll
0x00007ffc26ef0000 - 0x00007ffc26f19000 	C:\WINDOWS\System32\DriverStore\FileRepository\c0312549.inf_amd64_d0c053e57e0c1fd8\atiu9p64.dll
0x00007ffc0e1e0000 - 0x00007ffc0ec99000 	C:\WINDOWS\System32\DriverStore\FileRepository\c0312549.inf_amd64_d0c053e57e0c1fd8\atiumd64.dll
0x0000000057900000 - 0x0000000058464000 	C:\WINDOWS\System32\DriverStore\FileRepository\c0312549.inf_amd64_d0c053e57e0c1fd8\atiumd6a.dll
0x0000000059fe0000 - 0x0000000059ffa000 	C:\Program Files\Java\jre1.8.0_171\bin\net.dll
0x00007ffc3ad30000 - 0x00007ffc3ad97000 	C:\WINDOWS\system32\mswsock.dll
0x0000000059fc0000 - 0x0000000059fd1000 	C:\Program Files\Java\jre1.8.0_171\bin\nio.dll
0x00000000578b0000 - 0x00000000578f2000 	C:\Program Files\Java\jre1.8.0_171\bin\t2k.dll
0x00007ffc3cba0000 - 0x00007ffc3cc42000 	C:\WINDOWS\System32\clbcatq.dll
0x00007ffc36d80000 - 0x00007ffc36f2f000 	C:\WINDOWS\SYSTEM32\WindowsCodecs.dll
0x00007ffc20540000 - 0x00007ffc2057a000 	C:\WINDOWS\system32\dataexchange.dll
0x00007ffc39090000 - 0x00007ffc3926c000 	C:\WINDOWS\system32\dcomp.dll
0x00007ffc38890000 - 0x00007ffc38aeb000 	C:\WINDOWS\system32\d3d11.dll
0x00007ffc3a1b0000 - 0x00007ffc3a29b000 	C:\WINDOWS\system32\dxgi.dll
0x00007ffc39870000 - 0x00007ffc39ad1000 	C:\WINDOWS\system32\twinapi.appcore.dll
0x00007ffc39cd0000 - 0x00007ffc39cf9000 	C:\WINDOWS\system32\RMCLIENT.dll
0x00007ffc30b80000 - 0x00007ffc30c1e000 	C:\WINDOWS\System32\TextInputFramework.dll
0x00007ffc38af0000 - 0x00007ffc38bc4000 	C:\WINDOWS\System32\CoreMessaging.dll
0x00007ffc37100000 - 0x00007ffc3742a000 	C:\WINDOWS\System32\CoreUIComponents.dll
0x00007ffc36f30000 - 0x00007ffc37083000 	C:\WINDOWS\SYSTEM32\wintypes.dll
0x00007ffc3a580000 - 0x00007ffc3a5b1000 	C:\WINDOWS\SYSTEM32\ntmarta.dll
0x00007ffc2e9e0000 - 0x00007ffc2ec86000 	C:\WINDOWS\System32\iertutil.dll

VM Arguments:
jvm_args: -Dfile.encoding=Cp1252 
java_command: machine.Main
java_class_path (initial): C:\Program Files\Java\jre1.8.0_171\lib\resources.jar;C:\Program Files\Java\jre1.8.0_171\lib\rt.jar;C:\Program Files\Java\jre1.8.0_171\lib\jsse.jar;C:\Program Files\Java\jre1.8.0_171\lib\jce.jar;C:\Program Files\Java\jre1.8.0_171\lib\charsets.jar;C:\Program Files\Java\jre1.8.0_171\lib\jfr.jar;C:\Program Files\Java\jre1.8.0_171\lib\ext\access-bridge-64.jar;C:\Program Files\Java\jre1.8.0_171\lib\ext\cldrdata.jar;C:\Program Files\Java\jre1.8.0_171\lib\ext\dnsns.jar;C:\Program Files\Java\jre1.8.0_171\lib\ext\jaccess.jar;C:\Program Files\Java\jre1.8.0_171\lib\ext\jfxrt.jar;C:\Program Files\Java\jre1.8.0_171\lib\ext\localedata.jar;C:\Program Files\Java\jre1.8.0_171\lib\ext\nashorn.jar;C:\Program Files\Java\jre1.8.0_171\lib\ext\sunec.jar;C:\Program Files\Java\jre1.8.0_171\lib\ext\sunjce_provider.jar;C:\Program Files\Java\jre1.8.0_171\lib\ext\sunmscapi.jar;C:\Program Files\Java\jre1.8.0_171\lib\ext\sunpkcs11.jar;C:\Program Files\Java\jre1.8.0_171\lib\ext\zipfs.jar;C:\Users\Daniel Briggs\eclipse-workspace\Turing\bin
Launcher Type: SUN_STANDARD

Environment Variables:
PATH=C:/Program Files/Java/jre1.8.0_171/bin/server;C:/Program Files/Java/jre1.8.0_171/bin;C:/Program Files/Java/jre1.8.0_171/lib/amd64;C:\Program Files (x86)\Common Files\Oracle\Java\javapath;C:\WINDOWS\system32;C:\WINDOWS;C:\WINDOWS\System32\Wbem;C:\WINDOWS\System32\WindowsPowerShell\v1.0\;C:\WINDOWS\System32\OpenSSH\;C:\Program Files\MiKTeX 2.9\miktex\bin\x64\;C:\Program Files\nodejs\;C:\Program Files\Git\cmd;C:\Users\Daniel Briggs\AppData\Local\Programs\Python\Python37-32\Scripts\;C:\Users\Daniel Briggs\AppData\Local\Programs\Python\Python37-32\;C:\Users\Daniel Briggs\AppData\Local\Microsoft\WindowsApps;C:\Users\Daniel Briggs\AppData\Roaming\npm;C:\Program Files\heroku\bin;;C:\Users\Daniel Briggs\Desktop;
USERNAME=Daniel Briggs
OS=Windows_NT
PROCESSOR_IDENTIFIER=AMD64 Family 21 Model 112 Stepping 0, AuthenticAMD



---------------  S Y S T E M  ---------------

OS: Windows 10.0 , 64 bit Build 18362 (10.0.18362.778)

CPU:total 2 (initial active 2) (2 cores per cpu, 1 threads per core) family 21 model 112 stepping 0, cmov, cx8, fxsr, mmx, sse, sse2, sse3, ssse3, sse4.1, sse4.2, popcnt, avx, avx2, aes, clmul, mmxext, 3dnowpref, lzcnt, sse4a, tsc, tscinvbit, tscinv, bmi1

Memory: 4k page, physical 4077240k(487108k free), swap 5503672k(3964k free)

vm_info: Java HotSpot(TM) 64-Bit Server VM (25.171-b11) for windows-amd64 JRE (1.8.0_171-b11), built on Mar 28 2018 16:06:12 by "java_re" with MS VC++ 10.0 (VS2010)

time: Mon Jun 01 06:19:42 2020
elapsed time: 7 seconds (0d 0h 0m 7s)

