#
# There is insufficient memory for the Java Runtime Environment to continue.
# Native memory allocation (malloc) failed to allocate 1048576 bytes for AllocateHeap
# Possible reasons:
#   The system is out of physical RAM or swap space
#   In 32 bit mode, the process size limit was hit
# Possible solutions:
#   Reduce memory load on the system
#   Increase physical memory or swap space
#   Check if swap backing store is full
#   Use 64 bit Java on a 64 bit OS
#   Decrease Java heap size (-Xmx/-Xms)
#   Decrease number of Java threads
#   Decrease Java thread stack sizes (-Xss)
#   Set larger code cache with -XX:ReservedCodeCacheSize=
# This output file may be truncated or incomplete.
#
#  Out of Memory Error (memory/allocation.inline.hpp:61), pid=8688, tid=0x0000000000002ea8
#
# JRE version:  (8.0_171-b11) (build )
# Java VM: Java HotSpot(TM) 64-Bit Server VM (25.171-b11 mixed mode windows-amd64 compressed oops)
# Failed to write core dump. Minidumps are not enabled by default on client versions of Windows
#

---------------  T H R E A D  ---------------

Current thread (0x000000000123e000):  JavaThread "Unknown thread" [_thread_in_vm, id=11944, stack(0x0000000002a20000,0x0000000002b20000)]

Stack: [0x0000000002a20000,0x0000000002b20000]
[error occurred during error reporting (printing stack bounds), id 0xc0000005]

Native frames: (J=compiled Java code, j=interpreted, Vv=VM code, C=native code)


---------------  P R O C E S S  ---------------

Java Threads: ( => current thread )

Other Threads:

=>0x000000000123e000 (exited) JavaThread "Unknown thread" [_thread_in_vm, id=11944, stack(0x0000000002a20000,0x0000000002b20000)]

VM state:not at safepoint (normal execution)

VM Mutex/Monitor currently owned by a thread: None

Heap:
 PSYoungGen      total 18944K, used 327K [0x00000000eb400000, 0x00000000ec900000, 0x0000000100000000)
  eden space 16384K, 2% used [0x00000000eb400000,0x00000000eb451ec8,0x00000000ec400000)
  from space 2560K, 0% used [0x00000000ec680000,0x00000000ec680000,0x00000000ec900000)
  to   space 2560K, 0% used [0x00000000ec400000,0x00000000ec400000,0x00000000ec680000)
 ParOldGen       total 44032K, used 0K [0x00000000c1c00000, 0x00000000c4700000, 0x00000000eb400000)
  object space 44032K, 0% used [0x00000000c1c00000,0x00000000c1c00000,0x00000000c4700000)
 Metaspace       used 750K, capacity 4480K, committed 4480K, reserved 1056768K
  class space    used 76K, capacity 384K, committed 384K, reserved 1048576K

Card table byte_map: [0x0000000011ff0000,0x00000000121f0000] byte_map_base: 0x00000000119e2000

Marking Bits: (ParMarkBitMap*) 0x0000000057e108c0
 Begin Bits: [0x0000000012540000, 0x00000000134d0000)
 End Bits:   [0x00000000134d0000, 0x0000000014460000)

Polling page: 0x0000000000990000

CodeCache: size=245760Kb used=327Kb max_used=327Kb free=245432Kb
 bounds [0x0000000002c30000, 0x0000000002ea0000, 0x0000000011c30000]
 total_blobs=57 nmethods=0 adapters=38
 compilation: enabled

Compilation events (0 events):
No events

GC Heap History (0 events):
No events

Deoptimization events (0 events):
No events

Classes redefined (0 events):
No events

Internal exceptions (0 events):
No events

Events (10 events):
Event: 0.091 loading class java/lang/Short
Event: 0.091 loading class java/lang/Short done
Event: 0.091 loading class java/lang/Integer
Event: 0.091 loading class java/lang/Integer done
Event: 0.091 loading class java/lang/Long
Event: 0.092 loading class java/lang/Long done
Event: 0.093 loading class java/lang/NullPointerException
Event: 0.093 loading class java/lang/NullPointerException done
Event: 0.093 loading class java/lang/ArithmeticException
Event: 0.093 loading class java/lang/ArithmeticException done


Dynamic libraries:
0x00007ff73b8c0000 - 0x00007ff73b8f7000 	C:\Program Files\Java\jre1.8.0_171\bin\javaw.exe
0x00007ffc3e660000 - 0x00007ffc3e850000 	C:\WINDOWS\SYSTEM32\ntdll.dll
0x00007ffc3d070000 - 0x00007ffc3d122000 	C:\WINDOWS\System32\KERNEL32.DLL
0x00007ffc3b610000 - 0x00007ffc3b8b4000 	C:\WINDOWS\System32\KERNELBASE.dll
0x00007ffc3ce20000 - 0x00007ffc3cec3000 	C:\WINDOWS\System32\ADVAPI32.dll
0x00007ffc3cc50000 - 0x00007ffc3ccee000 	C:\WINDOWS\System32\msvcrt.dll
0x00007ffc3cf30000 - 0x00007ffc3cfc7000 	C:\WINDOWS\System32\sechost.dll
0x00007ffc3c740000 - 0x00007ffc3c860000 	C:\WINDOWS\System32\RPCRT4.dll
0x00007ffc3db10000 - 0x00007ffc3dca4000 	C:\WINDOWS\System32\USER32.dll
0x00007ffc3c040000 - 0x00007ffc3c061000 	C:\WINDOWS\System32\win32u.dll
0x00007ffc3dda0000 - 0x00007ffc3ddc6000 	C:\WINDOWS\System32\GDI32.dll
0x00007ffc3c4f0000 - 0x00007ffc3c684000 	C:\WINDOWS\System32\gdi32full.dll
0x00007ffc3c070000 - 0x00007ffc3c10e000 	C:\WINDOWS\System32\msvcp_win.dll
0x00007ffc3c3f0000 - 0x00007ffc3c4ea000 	C:\WINDOWS\System32\ucrtbase.dll
0x00007ffc28130000 - 0x00007ffc283b4000 	C:\WINDOWS\WinSxS\amd64_microsoft.windows.common-controls_6595b64144ccf1df_6.0.18362.836_none_e6c4b943130f18ed\COMCTL32.dll
0x00007ffc3c860000 - 0x00007ffc3cb96000 	C:\WINDOWS\System32\combase.dll
0x00007ffc3c690000 - 0x00007ffc3c710000 	C:\WINDOWS\System32\bcryptPrimitives.dll
0x00007ffc3c710000 - 0x00007ffc3c73e000 	C:\WINDOWS\System32\IMM32.DLL
0x0000000058f00000 - 0x0000000058fd2000 	C:\Program Files\Java\jre1.8.0_171\bin\msvcr100.dll
0x00000000575f0000 - 0x0000000057e90000 	C:\Program Files\Java\jre1.8.0_171\bin\server\jvm.dll
0x00007ffc3e540000 - 0x00007ffc3e548000 	C:\WINDOWS\System32\PSAPI.DLL
0x00007ffc31070000 - 0x00007ffc31079000 	C:\WINDOWS\SYSTEM32\WSOCK32.dll
0x00007ffc3dcb0000 - 0x00007ffc3dd1f000 	C:\WINDOWS\System32\WS2_32.dll
0x00007ffc39060000 - 0x00007ffc39084000 	C:\WINDOWS\SYSTEM32\WINMM.dll
0x00007ffc33170000 - 0x00007ffc3317a000 	C:\WINDOWS\SYSTEM32\VERSION.dll
0x00007ffc39030000 - 0x00007ffc3905d000 	C:\WINDOWS\SYSTEM32\WINMMBASE.dll
0x00007ffc3c110000 - 0x00007ffc3c15a000 	C:\WINDOWS\System32\cfgmgr32.dll
0x000000005a050000 - 0x000000005a05f000 	C:\Program Files\Java\jre1.8.0_171\bin\verify.dll
0x000000005a020000 - 0x000000005a049000 	C:\Program Files\Java\jre1.8.0_171\bin\java.dll
0x000000005a000000 - 0x000000005a016000 	C:\Program Files\Java\jre1.8.0_171\bin\zip.dll

VM Arguments:
jvm_args: -Dfile.encoding=Cp1252 
java_command: machine.Main
java_class_path (initial): C:\Program Files\Java\jre1.8.0_171\lib\resources.jar;C:\Program Files\Java\jre1.8.0_171\lib\rt.jar;C:\Program Files\Java\jre1.8.0_171\lib\jsse.jar;C:\Program Files\Java\jre1.8.0_171\lib\jce.jar;C:\Program Files\Java\jre1.8.0_171\lib\charsets.jar;C:\Program Files\Java\jre1.8.0_171\lib\jfr.jar;C:\Program Files\Java\jre1.8.0_171\lib\ext\access-bridge-64.jar;C:\Program Files\Java\jre1.8.0_171\lib\ext\cldrdata.jar;C:\Program Files\Java\jre1.8.0_171\lib\ext\dnsns.jar;C:\Program Files\Java\jre1.8.0_171\lib\ext\jaccess.jar;C:\Program Files\Java\jre1.8.0_171\lib\ext\jfxrt.jar;C:\Program Files\Java\jre1.8.0_171\lib\ext\localedata.jar;C:\Program Files\Java\jre1.8.0_171\lib\ext\nashorn.jar;C:\Program Files\Java\jre1.8.0_171\lib\ext\sunec.jar;C:\Program Files\Java\jre1.8.0_171\lib\ext\sunjce_provider.jar;C:\Program Files\Java\jre1.8.0_171\lib\ext\sunmscapi.jar;C:\Program Files\Java\jre1.8.0_171\lib\ext\sunpkcs11.jar;C:\Program Files\Java\jre1.8.0_171\lib\ext\zipfs.jar;C:\Users\Daniel Briggs\eclipse-workspace\Turing\bin
Launcher Type: SUN_STANDARD

Environment Variables:
PATH=C:/Program Files/Java/jre1.8.0_171/bin/server;C:/Program Files/Java/jre1.8.0_171/bin;C:/Program Files/Java/jre1.8.0_171/lib/amd64;C:\Program Files (x86)\Common Files\Oracle\Java\javapath;C:\WINDOWS\system32;C:\WINDOWS;C:\WINDOWS\System32\Wbem;C:\WINDOWS\System32\WindowsPowerShell\v1.0\;C:\WINDOWS\System32\OpenSSH\;C:\Program Files\MiKTeX 2.9\miktex\bin\x64\;C:\Program Files\nodejs\;C:\Program Files\Git\cmd;C:\Users\Daniel Briggs\AppData\Local\Programs\Python\Python37-32\Scripts\;C:\Users\Daniel Briggs\AppData\Local\Programs\Python\Python37-32\;C:\Users\Daniel Briggs\AppData\Local\Microsoft\WindowsApps;C:\Users\Daniel Briggs\AppData\Roaming\npm;C:\Program Files\heroku\bin;;C:\WINDOWS\system32;
USERNAME=Daniel Briggs
OS=Windows_NT
PROCESSOR_IDENTIFIER=AMD64 Family 21 Model 112 Stepping 0, AuthenticAMD



---------------  S Y S T E M  ---------------

OS: Windows 10.0 , 64 bit Build 18362 (10.0.18362.778)

CPU:total 2 (initial active 2) (2 cores per cpu, 1 threads per core) family 21 model 112 stepping 0, cmov, cx8, fxsr, mmx, sse, sse2, sse3, ssse3, sse4.1, sse4.2, popcnt, avx, avx2, aes, clmul, mmxext, 3dnowpref, lzcnt, sse4a, tsc, tscinvbit, tscinv, bmi1

Memory: 4k page, physical 4077240k(556724k free), swap 5503672k(5988k free)

vm_info: Java HotSpot(TM) 64-Bit Server VM (25.171-b11) for windows-amd64 JRE (1.8.0_171-b11), built on Mar 28 2018 16:06:12 by "java_re" with MS VC++ 10.0 (VS2010)

time: Mon Jun 01 04:38:49 2020
elapsed time: 0 seconds (0d 0h 0m 0s)

