#
# There is insufficient memory for the Java Runtime Environment to continue.
# Native memory allocation (malloc) failed to allocate 730176 bytes for Chunk::new
# Possible reasons:
#   The system is out of physical RAM or swap space
#   In 32 bit mode, the process size limit was hit
# Possible solutions:
#   Reduce memory load on the system
#   Increase physical memory or swap space
#   Check if swap backing store is full
#   Use 64 bit Java on a 64 bit OS
#   Decrease Java heap size (-Xmx/-Xms)
#   Decrease number of Java threads
#   Decrease Java thread stack sizes (-Xss)
#   Set larger code cache with -XX:ReservedCodeCacheSize=
# This output file may be truncated or incomplete.
#
#  Out of Memory Error (allocation.cpp:390), pid=6388, tid=0x000000000000012c
#
# JRE version: Java(TM) SE Runtime Environment (8.0_171-b11) (build 1.8.0_171-b11)
# Java VM: Java HotSpot(TM) 64-Bit Server VM (25.171-b11 mixed mode windows-amd64 compressed oops)
# Failed to write core dump. Minidumps are not enabled by default on client versions of Windows
#

---------------  T H R E A D  ---------------

Current thread (0x0000000014b19800):  JavaThread "C2 CompilerThread0" daemon [_thread_in_native, id=300, stack(0x0000000015b70000,0x0000000015c70000)]

Stack: [0x0000000015b70000,0x0000000015c70000]
[error occurred during error reporting (printing stack bounds), id 0xc0000005]

Native frames: (J=compiled Java code, j=interpreted, Vv=VM code, C=native code)


Current CompileTask:
C2:   6224 1797 % !   4       machine.Tests::bigStretchTapeTest2 @ 111 (367 bytes)


---------------  P R O C E S S  ---------------

Java Threads: ( => current thread )
  0x0000000016edc000 JavaThread "D3D Screen Updater" daemon [_thread_blocked, id=10556, stack(0x000000001d1a0000,0x000000001d2a0000)]
  0x0000000016ed3800 JavaThread "TimerQueue" daemon [_thread_blocked, id=10512, stack(0x000000001d0a0000,0x000000001d1a0000)]
  0x0000000016e62000 JavaThread "AWT-EventQueue-0" [_thread_blocked, id=8908, stack(0x000000001c9a0000,0x000000001caa0000)]
  0x0000000016319800 JavaThread "AWT-Windows" daemon [_thread_in_native, id=9760, stack(0x00000000166b0000,0x00000000167b0000)]
  0x0000000016318800 JavaThread "AWT-Shutdown" [_thread_blocked, id=13016, stack(0x00000000165b0000,0x00000000166b0000)]
  0x0000000016317800 JavaThread "Java2D Disposer" daemon [_thread_blocked, id=13080, stack(0x00000000164b0000,0x00000000165b0000)]
  0x0000000014b8d000 JavaThread "Service Thread" daemon [_thread_blocked, id=2268, stack(0x0000000015d70000,0x0000000015e70000)]
  0x0000000014b22000 JavaThread "C1 CompilerThread1" daemon [_thread_blocked, id=9752, stack(0x0000000015c70000,0x0000000015d70000)]
=>0x0000000014b19800 JavaThread "C2 CompilerThread0" daemon [_thread_in_native, id=300, stack(0x0000000015b70000,0x0000000015c70000)]
  0x0000000014b18000 JavaThread "Attach Listener" daemon [_thread_blocked, id=9816, stack(0x0000000015a70000,0x0000000015b70000)]
  0x0000000014b15000 JavaThread "Signal Dispatcher" daemon [_thread_blocked, id=9552, stack(0x0000000015970000,0x0000000015a70000)]
  0x0000000014b08800 JavaThread "Finalizer" daemon [_thread_blocked, id=804, stack(0x0000000015770000,0x0000000015870000)]
  0x000000000277f000 JavaThread "Reference Handler" daemon [_thread_blocked, id=2152, stack(0x0000000015670000,0x0000000015770000)]
  0x000000000090e000 JavaThread "main" [_thread_in_Java, id=9952, stack(0x0000000002590000,0x0000000002690000)]

Other Threads:
  0x0000000014ae6800 VMThread [stack: 0x0000000015570000,0x0000000015670000] [id=3716]
  0x0000000014bb8800 WatcherThread [stack: 0x0000000015e70000,0x0000000015f70000] [id=8992]

VM state:not at safepoint (normal execution)

VM Mutex/Monitor currently owned by a thread: None

Heap:
 PSYoungGen      total 136192K, used 97401K [0x00000000eb400000, 0x00000000f8b00000, 0x0000000100000000)
  eden space 130560K, 74% used [0x00000000eb400000,0x00000000f1306548,0x00000000f3380000)
  from space 5632K, 1% used [0x00000000f3380000,0x00000000f3398000,0x00000000f3900000)
  to   space 5632K, 0% used [0x00000000f8580000,0x00000000f8580000,0x00000000f8b00000)
 ParOldGen       total 679936K, used 662919K [0x00000000c1c00000, 0x00000000eb400000, 0x00000000eb400000)
  object space 679936K, 97% used [0x00000000c1c00000,0x00000000ea361e78,0x00000000eb400000)
 Metaspace       used 12590K, capacity 12812K, committed 13056K, reserved 1060864K
  class space    used 1591K, capacity 1682K, committed 1792K, reserved 1048576K

Card table byte_map: [0x0000000011b50000,0x0000000011d50000] byte_map_base: 0x0000000011542000

Marking Bits: (ParMarkBitMap*) 0x0000000058f608c0
 Begin Bits: [0x00000000120a0000, 0x0000000013030000)
 End Bits:   [0x0000000013030000, 0x0000000013fc0000)

Polling page: 0x00000000008f0000

CodeCache: size=245760Kb used=6108Kb max_used=6108Kb free=239652Kb
 bounds [0x0000000002790000, 0x0000000002d90000, 0x0000000011790000]
 total_blobs=2292 nmethods=1792 adapters=412
 compilation: enabled

Compilation events (10 events):
Event: 6.173 Thread 0x0000000014b22000 1816       3       javax.swing.JTextArea::getPreferredSize (108 bytes)
Event: 6.177 Thread 0x0000000014b22000 nmethod 1816 0x0000000002d86e10 code [0x0000000002d87100, 0x0000000002d88628]
Event: 6.177 Thread 0x0000000014b22000 1817       3       javax.swing.plaf.basic.BasicTextAreaUI::getPreferredSize (6 bytes)
Event: 6.178 Thread 0x0000000014b22000 nmethod 1817 0x0000000002d890d0 code [0x0000000002d89240, 0x0000000002d893c8]
Event: 6.178 Thread 0x0000000014b22000 1814       3       javax.swing.plaf.ComponentUI::contains (7 bytes)
Event: 6.178 Thread 0x0000000014b22000 nmethod 1814 0x0000000002d89450 code [0x0000000002d895c0, 0x0000000002d89910]
Event: 6.178 Thread 0x0000000014b22000 1811       3       sun.java2d.pipe.Region::getInstanceXYWH (16 bytes)
Event: 6.179 Thread 0x0000000014b22000 nmethod 1811 0x0000000002d89a10 code [0x0000000002d89ba0, 0x0000000002d8a030]
Event: 6.179 Thread 0x0000000014b22000 1812       3       sun.java2d.SunGraphics2D::setDevClip (45 bytes)
Event: 6.180 Thread 0x0000000014b22000 nmethod 1812 0x0000000002d8a250 code [0x0000000002d8a420, 0x0000000002d8add8]

GC Heap History (10 events):
Event: 5.381 GC heap before
{Heap before GC invocations=5 (full 0):
 PSYoungGen      total 35328K, used 26884K [0x00000000eb400000, 0x00000000ed900000, 0x0000000100000000)
  eden space 32768K, 74% used [0x00000000eb400000,0x00000000ecbc9300,0x00000000ed400000)
  from space 2560K, 98% used [0x00000000ed680000,0x00000000ed8f8010,0x00000000ed900000)
  to   space 2560K, 0% used [0x00000000ed400000,0x00000000ed400000,0x00000000ed680000)
 ParOldGen       total 679936K, used 660378K [0x00000000c1c00000, 0x00000000eb400000, 0x00000000eb400000)
  object space 679936K, 97% used [0x00000000c1c00000,0x00000000ea0e6ac0,0x00000000eb400000)
 Metaspace       used 12541K, capacity 12804K, committed 13056K, reserved 1060864K
  class space    used 1591K, capacity 1682K, committed 1792K, reserved 1048576K
Event: 5.397 GC heap after
Heap after GC invocations=5 (full 0):
 PSYoungGen      total 35328K, used 2528K [0x00000000eb400000, 0x00000000efd00000, 0x0000000100000000)
  eden space 32768K, 0% used [0x00000000eb400000,0x00000000eb400000,0x00000000ed400000)
  from space 2560K, 98% used [0x00000000ed400000,0x00000000ed678010,0x00000000ed680000)
  to   space 4608K, 0% used [0x00000000ef880000,0x00000000ef880000,0x00000000efd00000)
 ParOldGen       total 679936K, used 660402K [0x00000000c1c00000, 0x00000000eb400000, 0x00000000eb400000)
  object space 679936K, 97% used [0x00000000c1c00000,0x00000000ea0ecac0,0x00000000eb400000)
 Metaspace       used 12541K, capacity 12804K, committed 13056K, reserved 1060864K
  class space    used 1591K, capacity 1682K, committed 1792K, reserved 1048576K
}
Event: 5.432 GC heap before
{Heap before GC invocations=6 (full 0):
 PSYoungGen      total 35328K, used 26785K [0x00000000eb400000, 0x00000000efd00000, 0x0000000100000000)
  eden space 32768K, 74% used [0x00000000eb400000,0x00000000ecbb0410,0x00000000ed400000)
  from space 2560K, 98% used [0x00000000ed400000,0x00000000ed678010,0x00000000ed680000)
  to   space 4608K, 0% used [0x00000000ef880000,0x00000000ef880000,0x00000000efd00000)
 ParOldGen       total 679936K, used 660402K [0x00000000c1c00000, 0x00000000eb400000, 0x00000000eb400000)
  object space 679936K, 97% used [0x00000000c1c00000,0x00000000ea0ecac0,0x00000000eb400000)
 Metaspace       used 12546K, capacity 12804K, committed 13056K, reserved 1060864K
  class space    used 1591K, capacity 1682K, committed 1792K, reserved 1048576K
Event: 5.448 GC heap after
Heap after GC invocations=6 (full 0):
 PSYoungGen      total 70144K, used 2560K [0x00000000eb400000, 0x00000000efd00000, 0x0000000100000000)
  eden space 65536K, 0% used [0x00000000eb400000,0x00000000eb400000,0x00000000ef400000)
  from space 4608K, 55% used [0x00000000ef880000,0x00000000efb00010,0x00000000efd00000)
  to   space 4608K, 0% used [0x00000000ef400000,0x00000000ef400000,0x00000000ef880000)
 ParOldGen       total 679936K, used 660402K [0x00000000c1c00000, 0x00000000eb400000, 0x00000000eb400000)
  object space 679936K, 97% used [0x00000000c1c00000,0x00000000ea0ecac0,0x00000000eb400000)
 Metaspace       used 12546K, capacity 12804K, committed 13056K, reserved 1060864K
  class space    used 1591K, capacity 1682K, committed 1792K, reserved 1048576K
}
Event: 5.522 GC heap before
{Heap before GC invocations=7 (full 0):
 PSYoungGen      total 70144K, used 50947K [0x00000000eb400000, 0x00000000efd00000, 0x0000000100000000)
  eden space 65536K, 73% used [0x00000000eb400000,0x00000000ee340df8,0x00000000ef400000)
  from space 4608K, 55% used [0x00000000ef880000,0x00000000efb00010,0x00000000efd00000)
  to   space 4608K, 0% used [0x00000000ef400000,0x00000000ef400000,0x00000000ef880000)
 ParOldGen       total 679936K, used 660402K [0x00000000c1c00000, 0x00000000eb400000, 0x00000000eb400000)
  object space 679936K, 97% used [0x00000000c1c00000,0x00000000ea0ecac0,0x00000000eb400000)
 Metaspace       used 12551K, capacity 12804K, committed 13056K, reserved 1060864K
  class space    used 1591K, capacity 1682K, committed 1792K, reserved 1048576K
Event: 5.539 GC heap after
Heap after GC invocations=7 (full 0):
 PSYoungGen      total 70144K, used 1408K [0x00000000eb400000, 0x00000000f3e00000, 0x0000000100000000)
  eden space 65536K, 0% used [0x00000000eb400000,0x00000000eb400000,0x00000000ef400000)
  from space 4608K, 30% used [0x00000000ef400000,0x00000000ef560010,0x00000000ef880000)
  to   space 5120K, 0% used [0x00000000f3900000,0x00000000f3900000,0x00000000f3e00000)
 ParOldGen       total 679936K, used 661535K [0x00000000c1c00000, 0x00000000eb400000, 0x00000000eb400000)
  object space 679936K, 97% used [0x00000000c1c00000,0x00000000ea207e68,0x00000000eb400000)
 Metaspace       used 12551K, capacity 12804K, committed 13056K, reserved 1060864K
  class space    used 1591K, capacity 1682K, committed 1792K, reserved 1048576K
}
Event: 5.611 GC heap before
{Heap before GC invocations=8 (full 0):
 PSYoungGen      total 70144K, used 49712K [0x00000000eb400000, 0x00000000f3e00000, 0x0000000100000000)
  eden space 65536K, 73% used [0x00000000eb400000,0x00000000ee32c278,0x00000000ef400000)
  from space 4608K, 30% used [0x00000000ef400000,0x00000000ef560010,0x00000000ef880000)
  to   space 5120K, 0% used [0x00000000f3900000,0x00000000f3900000,0x00000000f3e00000)
 ParOldGen       total 679936K, used 661535K [0x00000000c1c00000, 0x00000000eb400000, 0x00000000eb400000)
  object space 679936K, 97% used [0x00000000c1c00000,0x00000000ea207e68,0x00000000eb400000)
 Metaspace       used 12556K, capacity 12804K, committed 13056K, reserved 1060864K
  class space    used 1591K, capacity 1682K, committed 1792K, reserved 1048576K
Event: 5.619 GC heap after
Heap after GC invocations=8 (full 0):
 PSYoungGen      total 135680K, used 64K [0x00000000eb400000, 0x00000000f3f00000, 0x0000000100000000)
  eden space 130560K, 0% used [0x00000000eb400000,0x00000000eb400000,0x00000000f3380000)
  from space 5120K, 1% used [0x00000000f3900000,0x00000000f3910000,0x00000000f3e00000)
  to   space 5632K, 0% used [0x00000000f3380000,0x00000000f3380000,0x00000000f3900000)
 ParOldGen       total 679936K, used 662911K [0x00000000c1c00000, 0x00000000eb400000, 0x00000000eb400000)
  object space 679936K, 97% used [0x00000000c1c00000,0x00000000ea35fe78,0x00000000eb400000)
 Metaspace       used 12556K, capacity 12804K, committed 13056K, reserved 1060864K
  class space    used 1591K, capacity 1682K, committed 1792K, reserved 1048576K
}
Event: 5.845 GC heap before
{Heap before GC invocations=9 (full 0):
 PSYoungGen      total 135680K, used 120381K [0x00000000eb400000, 0x00000000f3f00000, 0x0000000100000000)
  eden space 130560K, 92% used [0x00000000eb400000,0x00000000f297f740,0x00000000f3380000)
  from space 5120K, 1% used [0x00000000f3900000,0x00000000f3910000,0x00000000f3e00000)
  to   space 5632K, 0% used [0x00000000f3380000,0x00000000f3380000,0x00000000f3900000)
 ParOldGen       total 679936K, used 662911K [0x00000000c1c00000, 0x00000000eb400000, 0x00000000eb400000)
  object space 679936K, 97% used [0x00000000c1c00000,0x00000000ea35fe78,0x00000000eb400000)
 Metaspace       used 12567K, capacity 12812K, committed 13056K, reserved 1060864K
  class space    used 1591K, capacity 1682K, committed 1792K, reserved 1048576K
Event: 5.852 GC heap after
Heap after GC invocations=9 (full 0):
 PSYoungGen      total 136192K, used 96K [0x00000000eb400000, 0x00000000f8b00000, 0x0000000100000000)
  eden space 130560K, 0% used [0x00000000eb400000,0x00000000eb400000,0x00000000f3380000)
  from space 5632K, 1% used [0x00000000f3380000,0x00000000f3398000,0x00000000f3900000)
  to   space 5632K, 0% used [0x00000000f8580000,0x00000000f8580000,0x00000000f8b00000)
 ParOldGen       total 679936K, used 662919K [0x00000000c1c00000, 0x00000000eb400000, 0x00000000eb400000)
  object space 679936K, 97% used [0x00000000c1c00000,0x00000000ea361e78,0x00000000eb400000)
 Metaspace       used 12567K, capacity 12812K, committed 13056K, reserved 1060864K
  class space    used 1591K, capacity 1682K, committed 1792K, reserved 1048576K
}

Deoptimization events (10 events):
Event: 2.946 Thread 0x000000000090e000 Uncommon trap: reason=unstable_if action=reinterpret pc=0x0000000002bd1448 method=javax.swing.text.PlainDocument.insertUpdate(Ljavax/swing/text/AbstractDocument$DefaultDocumentEvent;Ljavax/swing/text/AttributeSet;)V @ 225
Event: 3.287 Thread 0x000000000090e000 Uncommon trap: reason=unreached action=reinterpret pc=0x0000000002c16d74 method=machine.Tests.bigStretchTapeTest()Z @ 310
Event: 3.428 Thread 0x000000000090e000 Uncommon trap: reason=unreached action=reinterpret pc=0x0000000002c2f490 method=machine.Tests.bigStretchTapeTest()Z @ 310
Event: 5.144 Thread 0x000000000090e000 Uncommon trap: reason=unstable_if action=reinterpret pc=0x0000000002a87208 method=java.lang.Integer.getChars(II[C)V @ 20
Event: 5.145 Thread 0x000000000090e000 Uncommon trap: reason=unstable_if action=reinterpret pc=0x0000000002a83778 method=java.lang.Integer.getChars(II[C)V @ 20
Event: 6.010 Thread 0x000000000090e000 Uncommon trap: reason=unstable_if action=reinterpret pc=0x0000000002d535e4 method=machine.StretchTape.go(I)V @ 71
Event: 6.040 Thread 0x000000000090e000 Uncommon trap: reason=unstable_if action=reinterpret pc=0x0000000002d53e14 method=machine.Tests.bigStretchTapeTest2()Z @ 124
Event: 6.090 Thread 0x0000000016e62000 Uncommon trap: reason=unstable_if action=reinterpret pc=0x0000000002cc1190 method=java.awt.Component.inside(II)Z @ 13
Event: 6.120 Thread 0x000000000090e000 Uncommon trap: reason=unstable_if action=reinterpret pc=0x0000000002d7d754 method=machine.Tests.bigStretchTapeTest2()Z @ 214
Event: 6.146 Thread 0x0000000016e62000 Uncommon trap: reason=unstable_if action=reinterpret pc=0x0000000002d390c4 method=sun.java2d.pipe.BufferedContext.validate(Lsun/java2d/pipe/hw/AccelSurface;Lsun/java2d/pipe/hw/AccelSurface;Lsun/java2d/pipe/Region;Ljava/awt/Composite;Ljava/awt/geom/AffineT

Classes redefined (0 events):
No events

Internal exceptions (10 events):
Event: 0.162 Thread 0x000000000090e000 Exception <a 'java/security/PrivilegedActionException'> (0x00000000eb496570) thrown at [C:\re\workspace\8-2-build-windows-amd64-cygwin\jdk8u171\10807\hotspot\src\share\vm\prims\jvm.cpp, line 1435]
Event: 0.162 Thread 0x000000000090e000 Exception <a 'java/security/PrivilegedActionException'> (0x00000000eb496780) thrown at [C:\re\workspace\8-2-build-windows-amd64-cygwin\jdk8u171\10807\hotspot\src\share\vm\prims\jvm.cpp, line 1435]
Event: 0.163 Thread 0x000000000090e000 Exception <a 'java/security/PrivilegedActionException'> (0x00000000eb49a3f0) thrown at [C:\re\workspace\8-2-build-windows-amd64-cygwin\jdk8u171\10807\hotspot\src\share\vm\prims\jvm.cpp, line 1435]
Event: 0.163 Thread 0x000000000090e000 Exception <a 'java/security/PrivilegedActionException'> (0x00000000eb49a600) thrown at [C:\re\workspace\8-2-build-windows-amd64-cygwin\jdk8u171\10807\hotspot\src\share\vm\prims\jvm.cpp, line 1435]
Event: 0.335 Thread 0x000000000090e000 Exception <a 'java/io/FileNotFoundException'> (0x00000000eb60d2b0) thrown at [C:\re\workspace\8-2-build-windows-amd64-cygwin\jdk8u171\10807\hotspot\src\share\vm\prims\jni.cpp, line 709]
Event: 0.407 Thread 0x000000000090e000 Exception <a 'java/lang/NoSuchFieldError': method resolution failed> (0x00000000eb6de150) thrown at [C:\re\workspace\8-2-build-windows-amd64-cygwin\jdk8u171\10807\hotspot\src\share\vm\prims\methodHandles.cpp, line 1167]
Event: 0.423 Thread 0x000000000090e000 Exception <a 'java/lang/NoSuchFieldError': method resolution failed> (0x00000000eb6eb4d0) thrown at [C:\re\workspace\8-2-build-windows-amd64-cygwin\jdk8u171\10807\hotspot\src\share\vm\prims\methodHandles.cpp, line 1167]
Event: 0.534 Thread 0x000000000090e000 Exception <a 'java/io/FileNotFoundException'> (0x00000000eb8243b0) thrown at [C:\re\workspace\8-2-build-windows-amd64-cygwin\jdk8u171\10807\hotspot\src\share\vm\prims\jni.cpp, line 709]
Event: 1.063 Thread 0x000000000090e000 Implicit null exception at 0x00000000028d97d6 to 0x00000000028d9b31
Event: 1.064 Thread 0x000000000090e000 Implicit null exception at 0x00000000028dbb16 to 0x00000000028dbe71

Events (10 events):
Event: 6.090 Thread 0x0000000016e62000 DEOPT PACKING pc=0x0000000002cc1190 sp=0x000000001ca9dd10
Event: 6.090 Thread 0x0000000016e62000 DEOPT UNPACKING pc=0x00000000027d583b sp=0x000000001ca9dbc8 mode 2
Event: 6.120 Thread 0x000000000090e000 DEOPT PACKING pc=0x0000000002d75f8f sp=0x000000000268f120
Event: 6.120 Thread 0x000000000090e000 DEOPT UNPACKING pc=0x00000000027d7490 sp=0x000000000268f008 mode 0
Event: 6.120 Thread 0x000000000090e000 Uncommon trap: trap_request=0xffffff65 fr.pc=0x0000000002d7d754
Event: 6.120 Thread 0x000000000090e000 DEOPT PACKING pc=0x0000000002d7d754 sp=0x000000000268f2d0
Event: 6.120 Thread 0x000000000090e000 DEOPT UNPACKING pc=0x00000000027d583b sp=0x000000000268f298 mode 2
Event: 6.146 Thread 0x0000000016e62000 Uncommon trap: trap_request=0xffffff65 fr.pc=0x0000000002d390c4
Event: 6.146 Thread 0x0000000016e62000 DEOPT PACKING pc=0x0000000002d390c4 sp=0x000000001ca9c9b0
Event: 6.146 Thread 0x0000000016e62000 DEOPT UNPACKING pc=0x00000000027d583b sp=0x000000001ca9c928 mode 2


Dynamic libraries:
0x00007ff617710000 - 0x00007ff617747000 	C:\Program Files\Java\jre1.8.0_171\bin\javaw.exe
0x00007ffc3e660000 - 0x00007ffc3e850000 	C:\WINDOWS\SYSTEM32\ntdll.dll
0x00007ffc3d070000 - 0x00007ffc3d122000 	C:\WINDOWS\System32\KERNEL32.DLL
0x00007ffc3b610000 - 0x00007ffc3b8b4000 	C:\WINDOWS\System32\KERNELBASE.dll
0x00007ffc3ce20000 - 0x00007ffc3cec3000 	C:\WINDOWS\System32\ADVAPI32.dll
0x00007ffc3cc50000 - 0x00007ffc3ccee000 	C:\WINDOWS\System32\msvcrt.dll
0x00007ffc3cf30000 - 0x00007ffc3cfc7000 	C:\WINDOWS\System32\sechost.dll
0x00007ffc3c740000 - 0x00007ffc3c860000 	C:\WINDOWS\System32\RPCRT4.dll
0x00007ffc3db10000 - 0x00007ffc3dca4000 	C:\WINDOWS\System32\USER32.dll
0x00007ffc3c040000 - 0x00007ffc3c061000 	C:\WINDOWS\System32\win32u.dll
0x00007ffc3dda0000 - 0x00007ffc3ddc6000 	C:\WINDOWS\System32\GDI32.dll
0x00007ffc3c4f0000 - 0x00007ffc3c684000 	C:\WINDOWS\System32\gdi32full.dll
0x00007ffc3c070000 - 0x00007ffc3c10e000 	C:\WINDOWS\System32\msvcp_win.dll
0x00007ffc3c3f0000 - 0x00007ffc3c4ea000 	C:\WINDOWS\System32\ucrtbase.dll
0x00007ffc28130000 - 0x00007ffc283b4000 	C:\WINDOWS\WinSxS\amd64_microsoft.windows.common-controls_6595b64144ccf1df_6.0.18362.836_none_e6c4b943130f18ed\COMCTL32.dll
0x00007ffc3c860000 - 0x00007ffc3cb96000 	C:\WINDOWS\System32\combase.dll
0x00007ffc3c690000 - 0x00007ffc3c710000 	C:\WINDOWS\System32\bcryptPrimitives.dll
0x00007ffc3c710000 - 0x00007ffc3c73e000 	C:\WINDOWS\System32\IMM32.DLL
0x0000000058070000 - 0x0000000058142000 	C:\Program Files\Java\jre1.8.0_171\bin\msvcr100.dll
0x0000000058740000 - 0x0000000058fe0000 	C:\Program Files\Java\jre1.8.0_171\bin\server\jvm.dll
0x00007ffc3e540000 - 0x00007ffc3e548000 	C:\WINDOWS\System32\PSAPI.DLL
0x00007ffc31070000 - 0x00007ffc31079000 	C:\WINDOWS\SYSTEM32\WSOCK32.dll
0x00007ffc3dcb0000 - 0x00007ffc3dd1f000 	C:\WINDOWS\System32\WS2_32.dll
0x00007ffc39060000 - 0x00007ffc39084000 	C:\WINDOWS\SYSTEM32\WINMM.dll
0x00007ffc33170000 - 0x00007ffc3317a000 	C:\WINDOWS\SYSTEM32\VERSION.dll
0x00007ffc39030000 - 0x00007ffc3905d000 	C:\WINDOWS\SYSTEM32\winmmbase.dll
0x00007ffc3c110000 - 0x00007ffc3c15a000 	C:\WINDOWS\System32\cfgmgr32.dll
0x000000005a050000 - 0x000000005a05f000 	C:\Program Files\Java\jre1.8.0_171\bin\verify.dll
0x000000005a020000 - 0x000000005a049000 	C:\Program Files\Java\jre1.8.0_171\bin\java.dll
0x000000005a000000 - 0x000000005a016000 	C:\Program Files\Java\jre1.8.0_171\bin\zip.dll
0x00007ffc3d420000 - 0x00007ffc3db04000 	C:\WINDOWS\System32\SHELL32.dll
0x00007ffc3d1c0000 - 0x00007ffc3d269000 	C:\WINDOWS\System32\shcore.dll
0x00007ffc3b8c0000 - 0x00007ffc3c03e000 	C:\WINDOWS\System32\windows.storage.dll
0x00007ffc3b570000 - 0x00007ffc3b593000 	C:\WINDOWS\System32\profapi.dll
0x00007ffc3b5a0000 - 0x00007ffc3b5ea000 	C:\WINDOWS\System32\powrprof.dll
0x00007ffc3b520000 - 0x00007ffc3b530000 	C:\WINDOWS\System32\UMPDC.dll
0x00007ffc3df30000 - 0x00007ffc3df82000 	C:\WINDOWS\System32\shlwapi.dll
0x00007ffc3b530000 - 0x00007ffc3b541000 	C:\WINDOWS\System32\kernel.appcore.dll
0x00007ffc3b5f0000 - 0x00007ffc3b607000 	C:\WINDOWS\System32\cryptsp.dll
0x0000000057ed0000 - 0x0000000058068000 	C:\Program Files\Java\jre1.8.0_171\bin\awt.dll
0x00007ffc3e550000 - 0x00007ffc3e614000 	C:\WINDOWS\System32\OLEAUT32.dll
0x00007ffc397e0000 - 0x00007ffc3986f000 	C:\WINDOWS\SYSTEM32\apphelp.dll
0x00007ffc39dc0000 - 0x00007ffc39e59000 	C:\WINDOWS\system32\uxtheme.dll
0x00007ffc3e400000 - 0x00007ffc3e536000 	C:\WINDOWS\System32\MSCTF.dll
0x00007ffc3ddd0000 - 0x00007ffc3df27000 	C:\WINDOWS\System32\ole32.dll
0x00007ffc39ed0000 - 0x00007ffc39efd000 	C:\WINDOWS\system32\DWMAPI.DLL
0x0000000057e80000 - 0x0000000057ec7000 	C:\Program Files\Java\jre1.8.0_171\bin\fontmanager.dll
0x00007ffc18fc0000 - 0x00007ffc19116000 	C:\WINDOWS\system32\opengl32.dll
0x00007ffc31e70000 - 0x00007ffc31e9c000 	C:\WINDOWS\SYSTEM32\GLU32.dll
0x00007ffc3a190000 - 0x00007ffc3a1b0000 	C:\WINDOWS\SYSTEM32\dxcore.dll
0x00007ffc05cc0000 - 0x00007ffc05e87000 	C:\WINDOWS\system32\d3d9.dll
0x00007ffc33180000 - 0x00007ffc33301000 	C:\WINDOWS\System32\DriverStore\FileRepository\c0312549.inf_amd64_d0c053e57e0c1fd8\aticfx64.dll
0x00007ffc26ef0000 - 0x00007ffc26f19000 	C:\WINDOWS\System32\DriverStore\FileRepository\c0312549.inf_amd64_d0c053e57e0c1fd8\atiu9p64.dll
0x00007ffc0e1e0000 - 0x00007ffc0ec99000 	C:\WINDOWS\System32\DriverStore\FileRepository\c0312549.inf_amd64_d0c053e57e0c1fd8\atiumd64.dll
0x0000000057310000 - 0x0000000057e74000 	C:\WINDOWS\System32\DriverStore\FileRepository\c0312549.inf_amd64_d0c053e57e0c1fd8\atiumd6a.dll
0x0000000059fe0000 - 0x0000000059ffa000 	C:\Program Files\Java\jre1.8.0_171\bin\net.dll
0x00007ffc3ad30000 - 0x00007ffc3ad97000 	C:\WINDOWS\system32\mswsock.dll
0x0000000059fc0000 - 0x0000000059fd1000 	C:\Program Files\Java\jre1.8.0_171\bin\nio.dll
0x00000000586f0000 - 0x0000000058732000 	C:\Program Files\Java\jre1.8.0_171\bin\t2k.dll
0x00007ffc3cba0000 - 0x00007ffc3cc42000 	C:\WINDOWS\System32\clbcatq.dll
0x00007ffc36d80000 - 0x00007ffc36f2f000 	C:\WINDOWS\SYSTEM32\WindowsCodecs.dll
0x00007ffc20540000 - 0x00007ffc2057a000 	C:\WINDOWS\system32\dataexchange.dll
0x00007ffc39090000 - 0x00007ffc3926c000 	C:\WINDOWS\system32\dcomp.dll
0x00007ffc38890000 - 0x00007ffc38aeb000 	C:\WINDOWS\system32\d3d11.dll
0x00007ffc3a1b0000 - 0x00007ffc3a29b000 	C:\WINDOWS\system32\dxgi.dll
0x00007ffc39870000 - 0x00007ffc39ad1000 	C:\WINDOWS\system32\twinapi.appcore.dll
0x00007ffc39cd0000 - 0x00007ffc39cf9000 	C:\WINDOWS\system32\RMCLIENT.dll
0x00007ffc30b80000 - 0x00007ffc30c1e000 	C:\WINDOWS\System32\TextInputFramework.dll
0x00007ffc37100000 - 0x00007ffc3742a000 	C:\WINDOWS\System32\CoreUIComponents.dll
0x00007ffc38af0000 - 0x00007ffc38bc4000 	C:\WINDOWS\System32\CoreMessaging.dll
0x00007ffc3a580000 - 0x00007ffc3a5b1000 	C:\WINDOWS\SYSTEM32\ntmarta.dll
0x00007ffc36f30000 - 0x00007ffc37083000 	C:\WINDOWS\SYSTEM32\wintypes.dll
0x00007ffc2e9e0000 - 0x00007ffc2ec86000 	C:\WINDOWS\System32\iertutil.dll

VM Arguments:
jvm_args: -Dfile.encoding=Cp1252 
java_command: machine.Main
java_class_path (initial): C:\Program Files\Java\jre1.8.0_171\lib\resources.jar;C:\Program Files\Java\jre1.8.0_171\lib\rt.jar;C:\Program Files\Java\jre1.8.0_171\lib\jsse.jar;C:\Program Files\Java\jre1.8.0_171\lib\jce.jar;C:\Program Files\Java\jre1.8.0_171\lib\charsets.jar;C:\Program Files\Java\jre1.8.0_171\lib\jfr.jar;C:\Program Files\Java\jre1.8.0_171\lib\ext\access-bridge-64.jar;C:\Program Files\Java\jre1.8.0_171\lib\ext\cldrdata.jar;C:\Program Files\Java\jre1.8.0_171\lib\ext\dnsns.jar;C:\Program Files\Java\jre1.8.0_171\lib\ext\jaccess.jar;C:\Program Files\Java\jre1.8.0_171\lib\ext\jfxrt.jar;C:\Program Files\Java\jre1.8.0_171\lib\ext\localedata.jar;C:\Program Files\Java\jre1.8.0_171\lib\ext\nashorn.jar;C:\Program Files\Java\jre1.8.0_171\lib\ext\sunec.jar;C:\Program Files\Java\jre1.8.0_171\lib\ext\sunjce_provider.jar;C:\Program Files\Java\jre1.8.0_171\lib\ext\sunmscapi.jar;C:\Program Files\Java\jre1.8.0_171\lib\ext\sunpkcs11.jar;C:\Program Files\Java\jre1.8.0_171\lib\ext\zipfs.jar;C:\Users\Daniel Briggs\eclipse-workspace\Turing\bin
Launcher Type: SUN_STANDARD

Environment Variables:
PATH=C:/Program Files/Java/jre1.8.0_171/bin/server;C:/Program Files/Java/jre1.8.0_171/bin;C:/Program Files/Java/jre1.8.0_171/lib/amd64;C:\Program Files (x86)\Common Files\Oracle\Java\javapath;C:\WINDOWS\system32;C:\WINDOWS;C:\WINDOWS\System32\Wbem;C:\WINDOWS\System32\WindowsPowerShell\v1.0\;C:\WINDOWS\System32\OpenSSH\;C:\Program Files\MiKTeX 2.9\miktex\bin\x64\;C:\Program Files\nodejs\;C:\Program Files\Git\cmd;C:\Users\Daniel Briggs\AppData\Local\Programs\Python\Python37-32\Scripts\;C:\Users\Daniel Briggs\AppData\Local\Programs\Python\Python37-32\;C:\Users\Daniel Briggs\AppData\Local\Microsoft\WindowsApps;C:\Users\Daniel Briggs\AppData\Roaming\npm;C:\Program Files\heroku\bin;;C:\Users\Daniel Briggs\Desktop;
USERNAME=Daniel Briggs
OS=Windows_NT
PROCESSOR_IDENTIFIER=AMD64 Family 21 Model 112 Stepping 0, AuthenticAMD



---------------  S Y S T E M  ---------------

OS: Windows 10.0 , 64 bit Build 18362 (10.0.18362.778)

CPU:total 2 (initial active 2) (2 cores per cpu, 1 threads per core) family 21 model 112 stepping 0, cmov, cx8, fxsr, mmx, sse, sse2, sse3, ssse3, sse4.1, sse4.2, popcnt, avx, avx2, aes, clmul, mmxext, 3dnowpref, lzcnt, sse4a, tsc, tscinvbit, tscinv, bmi1

Memory: 4k page, physical 4077240k(586248k free), swap 5503672k(4500k free)

vm_info: Java HotSpot(TM) 64-Bit Server VM (25.171-b11) for windows-amd64 JRE (1.8.0_171-b11), built on Mar 28 2018 16:06:12 by "java_re" with MS VC++ 10.0 (VS2010)

time: Mon Jun 01 04:58:13 2020
elapsed time: 6 seconds (0d 0h 0m 6s)

