#
# There is insufficient memory for the Java Runtime Environment to continue.
# Native memory allocation (malloc) failed to allocate 1589936 bytes for Chunk::new
# Possible reasons:
#   The system is out of physical RAM or swap space
#   In 32 bit mode, the process size limit was hit
# Possible solutions:
#   Reduce memory load on the system
#   Increase physical memory or swap space
#   Check if swap backing store is full
#   Use 64 bit Java on a 64 bit OS
#   Decrease Java heap size (-Xmx/-Xms)
#   Decrease number of Java threads
#   Decrease Java thread stack sizes (-Xss)
#   Set larger code cache with -XX:ReservedCodeCacheSize=
# This output file may be truncated or incomplete.
#
#  Out of Memory Error (allocation.cpp:390), pid=11132, tid=0x000000000000186c
#
# JRE version: Java(TM) SE Runtime Environment (8.0_171-b11) (build 1.8.0_171-b11)
# Java VM: Java HotSpot(TM) 64-Bit Server VM (25.171-b11 mixed mode windows-amd64 compressed oops)
# Failed to write core dump. Minidumps are not enabled by default on client versions of Windows
#

---------------  T H R E A D  ---------------

Current thread (0x0000000014b79800):  JavaThread "C2 CompilerThread0" daemon [_thread_in_native, id=6252, stack(0x0000000015bb0000,0x0000000015cb0000)]

Stack: [0x0000000015bb0000,0x0000000015cb0000]
[error occurred during error reporting (printing stack bounds), id 0xc0000005]

Native frames: (J=compiled Java code, j=interpreted, Vv=VM code, C=native code)


Current CompileTask:
C2:  10671 1784 % !   4       machine.Tests::bigStretchTapeTest2 @ 111 (367 bytes)


---------------  P R O C E S S  ---------------

Java Threads: ( => current thread )
  0x000000001c0dc000 JavaThread "D3D Screen Updater" daemon [_thread_blocked, id=10944, stack(0x000000001d1c0000,0x000000001d2c0000)]
  0x000000001c0d9000 JavaThread "TimerQueue" daemon [_thread_blocked, id=12720, stack(0x000000001d0c0000,0x000000001d1c0000)]
  0x000000001bfd3800 JavaThread "AWT-EventQueue-0" [_thread_blocked, id=9272, stack(0x000000001c7c0000,0x000000001c8c0000)]
  0x00000000162eb800 JavaThread "AWT-Windows" daemon [_thread_in_native, id=12184, stack(0x00000000166f0000,0x00000000167f0000)]
  0x00000000162e8000 JavaThread "AWT-Shutdown" [_thread_blocked, id=6672, stack(0x00000000165f0000,0x00000000166f0000)]
  0x00000000162e7000 JavaThread "Java2D Disposer" daemon [_thread_blocked, id=10644, stack(0x00000000164f0000,0x00000000165f0000)]
  0x0000000014bdc000 JavaThread "Service Thread" daemon [_thread_blocked, id=12844, stack(0x0000000015db0000,0x0000000015eb0000)]
  0x0000000014bd5800 JavaThread "C1 CompilerThread1" daemon [_thread_blocked, id=3164, stack(0x0000000015cb0000,0x0000000015db0000)]
=>0x0000000014b79800 JavaThread "C2 CompilerThread0" daemon [_thread_in_native, id=6252, stack(0x0000000015bb0000,0x0000000015cb0000)]
  0x0000000014b78000 JavaThread "Attach Listener" daemon [_thread_blocked, id=7280, stack(0x0000000015ab0000,0x0000000015bb0000)]
  0x0000000014b75000 JavaThread "Signal Dispatcher" daemon [_thread_blocked, id=4700, stack(0x00000000159b0000,0x0000000015ab0000)]
  0x0000000014b68800 JavaThread "Finalizer" daemon [_thread_blocked, id=7876, stack(0x00000000157b0000,0x00000000158b0000)]
  0x00000000027df000 JavaThread "Reference Handler" daemon [_thread_blocked, id=12060, stack(0x00000000156b0000,0x00000000157b0000)]
  0x000000000266e000 JavaThread "main" [_thread_in_Java, id=8364, stack(0x0000000002500000,0x0000000002600000)]

Other Threads:
  0x0000000014b46800 VMThread [stack: 0x00000000155b0000,0x00000000156b0000] [id=12776]
  0x0000000014bdf000 WatcherThread [stack: 0x0000000015eb0000,0x0000000015fb0000] [id=11656]

VM state:not at safepoint (normal execution)

VM Mutex/Monitor currently owned by a thread: None

Heap:
 PSYoungGen      total 136704K, used 99798K [0x00000000eb400000, 0x00000000f4000000, 0x0000000100000000)
  eden space 130560K, 76% used [0x00000000eb400000,0x00000000f1565890,0x00000000f3380000)
  from space 6144K, 1% used [0x00000000f3380000,0x00000000f3390000,0x00000000f3980000)
  to   space 5632K, 0% used [0x00000000f3980000,0x00000000f3980000,0x00000000f3f00000)
 ParOldGen       total 679936K, used 663371K [0x00000000c1c00000, 0x00000000eb400000, 0x00000000eb400000)
  object space 679936K, 97% used [0x00000000c1c00000,0x00000000ea3d2e88,0x00000000eb400000)
 Metaspace       used 12567K, capacity 12812K, committed 13056K, reserved 1060864K
  class space    used 1592K, capacity 1682K, committed 1792K, reserved 1048576K

Card table byte_map: [0x0000000011bb0000,0x0000000011db0000] byte_map_base: 0x00000000115a2000

Marking Bits: (ParMarkBitMap*) 0x0000000058f608c0
 Begin Bits: [0x0000000012100000, 0x0000000013090000)
 End Bits:   [0x0000000013090000, 0x0000000014020000)

Polling page: 0x0000000002600000

CodeCache: size=245760Kb used=6192Kb max_used=6248Kb free=239567Kb
 bounds [0x00000000027f0000, 0x0000000002e20000, 0x00000000117f0000]
 total_blobs=2262 nmethods=1763 adapters=412
 compilation: enabled

Compilation events (10 events):
Event: 9.289 Thread 0x0000000014bd5800 1789       3       sun.java2d.SunGraphics2D::validateColor (102 bytes)
Event: 9.290 Thread 0x0000000014bd5800 nmethod 1789 0x0000000002dbeb50 code [0x0000000002dbece0, 0x0000000002dbf2f8]
Event: 9.556 Thread 0x0000000014bd5800 1790       3       java.util.ArrayList::grow (45 bytes)
Event: 9.557 Thread 0x0000000014bd5800 nmethod 1790 0x0000000002dbe2d0 code [0x0000000002dbe460, 0x0000000002dbe958]
Event: 9.838 Thread 0x0000000014b79800 nmethod 1783 0x0000000002df7650 code [0x0000000002df7ce0, 0x0000000002e04040]
Event: 9.839 Thread 0x0000000014b79800 1786       4       machine.StretchTape::go (149 bytes)
Event: 9.840 Thread 0x0000000014b79800 nmethod 1786 0x0000000002dbb890 code [0x0000000002dbb9e0, 0x0000000002dbbaf8]
Event: 9.841 Thread 0x0000000014b79800 1784 % !   4       machine.Tests::bigStretchTapeTest2 @ 111 (367 bytes)
Event: 10.597 Thread 0x0000000014bd5800 1791       3       java.awt.geom.AffineTransform::translate (547 bytes)
Event: 10.599 Thread 0x0000000014bd5800 nmethod 1791 0x0000000002de3c50 code [0x0000000002de3e00, 0x0000000002de4988]

GC Heap History (10 events):
Event: 7.052 GC heap before
{Heap before GC invocations=5 (full 0):
 PSYoungGen      total 35328K, used 26925K [0x00000000eb400000, 0x00000000ed900000, 0x0000000100000000)
  eden space 32768K, 74% used [0x00000000eb400000,0x00000000ecbd3440,0x00000000ed400000)
  from space 2560K, 98% used [0x00000000ed680000,0x00000000ed8f8030,0x00000000ed900000)
  to   space 2560K, 0% used [0x00000000ed400000,0x00000000ed400000,0x00000000ed680000)
 ParOldGen       total 679936K, used 660854K [0x00000000c1c00000, 0x00000000eb400000, 0x00000000eb400000)
  object space 679936K, 97% used [0x00000000c1c00000,0x00000000ea15dac0,0x00000000eb400000)
 Metaspace       used 12520K, capacity 12740K, committed 13056K, reserved 1060864K
  class space    used 1592K, capacity 1682K, committed 1792K, reserved 1048576K
Event: 7.274 GC heap after
Heap after GC invocations=5 (full 0):
 PSYoungGen      total 35328K, used 2528K [0x00000000eb400000, 0x00000000eff00000, 0x0000000100000000)
  eden space 32768K, 0% used [0x00000000eb400000,0x00000000eb400000,0x00000000ed400000)
  from space 2560K, 98% used [0x00000000ed400000,0x00000000ed678010,0x00000000ed680000)
  to   space 5632K, 0% used [0x00000000ef980000,0x00000000ef980000,0x00000000eff00000)
 ParOldGen       total 679936K, used 660870K [0x00000000c1c00000, 0x00000000eb400000, 0x00000000eb400000)
  object space 679936K, 97% used [0x00000000c1c00000,0x00000000ea161ac0,0x00000000eb400000)
 Metaspace       used 12520K, capacity 12740K, committed 13056K, reserved 1060864K
  class space    used 1592K, capacity 1682K, committed 1792K, reserved 1048576K
}
Event: 7.337 GC heap before
{Heap before GC invocations=6 (full 0):
 PSYoungGen      total 35328K, used 26812K [0x00000000eb400000, 0x00000000eff00000, 0x0000000100000000)
  eden space 32768K, 74% used [0x00000000eb400000,0x00000000ecbb7350,0x00000000ed400000)
  from space 2560K, 98% used [0x00000000ed400000,0x00000000ed678010,0x00000000ed680000)
  to   space 5632K, 0% used [0x00000000ef980000,0x00000000ef980000,0x00000000eff00000)
 ParOldGen       total 679936K, used 660870K [0x00000000c1c00000, 0x00000000eb400000, 0x00000000eb400000)
  object space 679936K, 97% used [0x00000000c1c00000,0x00000000ea161ac0,0x00000000eb400000)
 Metaspace       used 12520K, capacity 12740K, committed 13056K, reserved 1060864K
  class space    used 1592K, capacity 1682K, committed 1792K, reserved 1048576K
Event: 7.466 GC heap after
Heap after GC invocations=6 (full 0):
 PSYoungGen      total 71168K, used 2496K [0x00000000eb400000, 0x00000000eff00000, 0x0000000100000000)
  eden space 65536K, 0% used [0x00000000eb400000,0x00000000eb400000,0x00000000ef400000)
  from space 5632K, 44% used [0x00000000ef980000,0x00000000efbf0010,0x00000000eff00000)
  to   space 5632K, 0% used [0x00000000ef400000,0x00000000ef400000,0x00000000ef980000)
 ParOldGen       total 679936K, used 660870K [0x00000000c1c00000, 0x00000000eb400000, 0x00000000eb400000)
  object space 679936K, 97% used [0x00000000c1c00000,0x00000000ea161ac0,0x00000000eb400000)
 Metaspace       used 12520K, capacity 12740K, committed 13056K, reserved 1060864K
  class space    used 1592K, capacity 1682K, committed 1792K, reserved 1048576K
}
Event: 7.622 GC heap before
{Heap before GC invocations=7 (full 0):
 PSYoungGen      total 71168K, used 50917K [0x00000000eb400000, 0x00000000eff00000, 0x0000000100000000)
  eden space 65536K, 73% used [0x00000000eb400000,0x00000000ee3497e8,0x00000000ef400000)
  from space 5632K, 44% used [0x00000000ef980000,0x00000000efbf0010,0x00000000eff00000)
  to   space 5632K, 0% used [0x00000000ef400000,0x00000000ef400000,0x00000000ef980000)
 ParOldGen       total 679936K, used 660870K [0x00000000c1c00000, 0x00000000eb400000, 0x00000000eb400000)
  object space 679936K, 97% used [0x00000000c1c00000,0x00000000ea161ac0,0x00000000eb400000)
 Metaspace       used 12528K, capacity 12748K, committed 13056K, reserved 1060864K
  class space    used 1592K, capacity 1682K, committed 1792K, reserved 1048576K
Event: 8.036 GC heap after
Heap after GC invocations=7 (full 0):
 PSYoungGen      total 71168K, used 1440K [0x00000000eb400000, 0x00000000f3f00000, 0x0000000100000000)
  eden space 65536K, 0% used [0x00000000eb400000,0x00000000eb400000,0x00000000ef400000)
  from space 5632K, 25% used [0x00000000ef400000,0x00000000ef568010,0x00000000ef980000)
  to   space 5632K, 0% used [0x00000000f3980000,0x00000000f3980000,0x00000000f3f00000)
 ParOldGen       total 679936K, used 661963K [0x00000000c1c00000, 0x00000000eb400000, 0x00000000eb400000)
  object space 679936K, 97% used [0x00000000c1c00000,0x00000000ea272e78,0x00000000eb400000)
 Metaspace       used 12528K, capacity 12748K, committed 13056K, reserved 1060864K
  class space    used 1592K, capacity 1682K, committed 1792K, reserved 1048576K
}
Event: 8.231 GC heap before
{Heap before GC invocations=8 (full 0):
 PSYoungGen      total 71168K, used 49766K [0x00000000eb400000, 0x00000000f3f00000, 0x0000000100000000)
  eden space 65536K, 73% used [0x00000000eb400000,0x00000000ee331bb0,0x00000000ef400000)
  from space 5632K, 25% used [0x00000000ef400000,0x00000000ef568010,0x00000000ef980000)
  to   space 5632K, 0% used [0x00000000f3980000,0x00000000f3980000,0x00000000f3f00000)
 ParOldGen       total 679936K, used 661963K [0x00000000c1c00000, 0x00000000eb400000, 0x00000000eb400000)
  object space 679936K, 97% used [0x00000000c1c00000,0x00000000ea272e78,0x00000000eb400000)
 Metaspace       used 12540K, capacity 12812K, committed 13056K, reserved 1060864K
  class space    used 1592K, capacity 1682K, committed 1792K, reserved 1048576K
Event: 8.241 GC heap after
Heap after GC invocations=8 (full 0):
 PSYoungGen      total 136192K, used 64K [0x00000000eb400000, 0x00000000f4000000, 0x0000000100000000)
  eden space 130560K, 0% used [0x00000000eb400000,0x00000000eb400000,0x00000000f3380000)
  from space 5632K, 1% used [0x00000000f3980000,0x00000000f3990000,0x00000000f3f00000)
  to   space 6144K, 0% used [0x00000000f3380000,0x00000000f3380000,0x00000000f3980000)
 ParOldGen       total 679936K, used 663363K [0x00000000c1c00000, 0x00000000eb400000, 0x00000000eb400000)
  object space 679936K, 97% used [0x00000000c1c00000,0x00000000ea3d0e88,0x00000000eb400000)
 Metaspace       used 12540K, capacity 12812K, committed 13056K, reserved 1060864K
  class space    used 1592K, capacity 1682K, committed 1792K, reserved 1048576K
}
Event: 8.634 GC heap before
{Heap before GC invocations=9 (full 0):
 PSYoungGen      total 136192K, used 120228K [0x00000000eb400000, 0x00000000f4000000, 0x0000000100000000)
  eden space 130560K, 92% used [0x00000000eb400000,0x00000000f2959228,0x00000000f3380000)
  from space 5632K, 1% used [0x00000000f3980000,0x00000000f3990000,0x00000000f3f00000)
  to   space 6144K, 0% used [0x00000000f3380000,0x00000000f3380000,0x00000000f3980000)
 ParOldGen       total 679936K, used 663363K [0x00000000c1c00000, 0x00000000eb400000, 0x00000000eb400000)
  object space 679936K, 97% used [0x00000000c1c00000,0x00000000ea3d0e88,0x00000000eb400000)
 Metaspace       used 12557K, capacity 12812K, committed 13056K, reserved 1060864K
  class space    used 1592K, capacity 1682K, committed 1792K, reserved 1048576K
Event: 8.652 GC heap after
Heap after GC invocations=9 (full 0):
 PSYoungGen      total 136704K, used 64K [0x00000000eb400000, 0x00000000f4000000, 0x0000000100000000)
  eden space 130560K, 0% used [0x00000000eb400000,0x00000000eb400000,0x00000000f3380000)
  from space 6144K, 1% used [0x00000000f3380000,0x00000000f3390000,0x00000000f3980000)
  to   space 5632K, 0% used [0x00000000f3980000,0x00000000f3980000,0x00000000f3f00000)
 ParOldGen       total 679936K, used 663371K [0x00000000c1c00000, 0x00000000eb400000, 0x00000000eb400000)
  object space 679936K, 97% used [0x00000000c1c00000,0x00000000ea3d2e88,0x00000000eb400000)
 Metaspace       used 12557K, capacity 12812K, committed 13056K, reserved 1060864K
  class space    used 1592K, capacity 1682K, committed 1792K, reserved 1048576K
}

Deoptimization events (10 events):
Event: 2.997 Thread 0x000000000266e000 Uncommon trap: reason=unstable_if action=reinterpret pc=0x0000000002b694b8 method=java.util.concurrent.locks.ReentrantLock$NonfairSync.lock()V @ 6
Event: 3.321 Thread 0x000000000266e000 Uncommon trap: reason=unstable_if action=reinterpret pc=0x0000000002be02ec method=javax.swing.text.AbstractDocument$BranchElement.getElementIndex(I)I @ 92
Event: 3.905 Thread 0x000000000266e000 Uncommon trap: reason=unreached action=reinterpret pc=0x0000000002c304f0 method=machine.Tests.bigStretchTapeTest()Z @ 310
Event: 4.047 Thread 0x000000000266e000 Uncommon trap: reason=unreached action=reinterpret pc=0x0000000002c37b44 method=machine.Tests.bigStretchTapeTest()Z @ 310
Event: 5.168 Thread 0x000000001bfd3800 Uncommon trap: reason=unstable_if action=reinterpret pc=0x0000000002cc1ad0 method=sun.awt.PostEventQueue.flush()V @ 23
Event: 6.488 Thread 0x000000000266e000 Uncommon trap: reason=unstable_if action=reinterpret pc=0x0000000002add0c0 method=java.lang.Integer.getChars(II[C)V @ 20
Event: 6.488 Thread 0x000000000266e000 Uncommon trap: reason=unstable_if action=reinterpret pc=0x0000000002addc38 method=java.lang.Integer.getChars(II[C)V @ 20
Event: 9.148 Thread 0x000000000266e000 Uncommon trap: reason=unstable_if action=reinterpret pc=0x0000000002dd8250 method=machine.Tests.bigStretchTapeTest2()Z @ 124
Event: 9.255 Thread 0x000000000266e000 Uncommon trap: reason=unstable_if action=reinterpret pc=0x0000000002da9f90 method=machine.StretchTape.go(I)V @ 117
Event: 9.278 Thread 0x000000000266e000 Uncommon trap: reason=unstable_if action=reinterpret pc=0x0000000002de5484 method=machine.Tests.bigStretchTapeTest2()Z @ 214

Classes redefined (0 events):
No events

Internal exceptions (10 events):
Event: 0.328 Thread 0x000000000266e000 Exception <a 'java/security/PrivilegedActionException'> (0x00000000eb496780) thrown at [C:\re\workspace\8-2-build-windows-amd64-cygwin\jdk8u171\10807\hotspot\src\share\vm\prims\jvm.cpp, line 1435]
Event: 0.330 Thread 0x000000000266e000 Exception <a 'java/security/PrivilegedActionException'> (0x00000000eb49a3f0) thrown at [C:\re\workspace\8-2-build-windows-amd64-cygwin\jdk8u171\10807\hotspot\src\share\vm\prims\jvm.cpp, line 1435]
Event: 0.330 Thread 0x000000000266e000 Exception <a 'java/security/PrivilegedActionException'> (0x00000000eb49a600) thrown at [C:\re\workspace\8-2-build-windows-amd64-cygwin\jdk8u171\10807\hotspot\src\share\vm\prims\jvm.cpp, line 1435]
Event: 0.848 Thread 0x000000000266e000 Exception <a 'java/io/FileNotFoundException'> (0x00000000eb60d658) thrown at [C:\re\workspace\8-2-build-windows-amd64-cygwin\jdk8u171\10807\hotspot\src\share\vm\prims\jni.cpp, line 709]
Event: 0.967 Thread 0x000000000266e000 Exception <a 'java/lang/NoSuchFieldError': method resolution failed> (0x00000000eb6de450) thrown at [C:\re\workspace\8-2-build-windows-amd64-cygwin\jdk8u171\10807\hotspot\src\share\vm\prims\methodHandles.cpp, line 1167]
Event: 0.980 Thread 0x000000000266e000 Exception <a 'java/lang/NoSuchFieldError': method resolution failed> (0x00000000eb6eb7d8) thrown at [C:\re\workspace\8-2-build-windows-amd64-cygwin\jdk8u171\10807\hotspot\src\share\vm\prims\methodHandles.cpp, line 1167]
Event: 1.115 Thread 0x000000000266e000 Exception <a 'java/io/FileNotFoundException'> (0x00000000eb824778) thrown at [C:\re\workspace\8-2-build-windows-amd64-cygwin\jdk8u171\10807\hotspot\src\share\vm\prims\jni.cpp, line 709]
Event: 1.654 Thread 0x000000000266e000 Implicit null exception at 0x0000000002937456 to 0x00000000029377ad
Event: 1.655 Thread 0x000000000266e000 Implicit null exception at 0x0000000002939519 to 0x00000000029398bd
Event: 2.738 Thread 0x000000001bfd3800 Implicit null exception at 0x0000000002b66838 to 0x0000000002b66919

Events (10 events):
Event: 9.148 Thread 0x000000000266e000 DEOPT PACKING pc=0x0000000002dd8250 sp=0x00000000025ff250
Event: 9.148 Thread 0x000000000266e000 DEOPT UNPACKING pc=0x000000000283583b sp=0x00000000025ff218 mode 2
Event: 9.255 Thread 0x000000000266e000 Uncommon trap: trap_request=0xffffff65 fr.pc=0x0000000002da9f90
Event: 9.255 Thread 0x000000000266e000 DEOPT PACKING pc=0x0000000002da9f90 sp=0x00000000025ff020
Event: 9.255 Thread 0x000000000266e000 DEOPT UNPACKING pc=0x000000000283583b sp=0x00000000025fefb0 mode 2
Event: 9.278 Thread 0x000000000266e000 DEOPT PACKING pc=0x0000000002dddc4f sp=0x00000000025ff0a0
Event: 9.278 Thread 0x000000000266e000 DEOPT UNPACKING pc=0x0000000002837490 sp=0x00000000025fef88 mode 0
Event: 9.278 Thread 0x000000000266e000 Uncommon trap: trap_request=0xffffff65 fr.pc=0x0000000002de5484
Event: 9.278 Thread 0x000000000266e000 DEOPT PACKING pc=0x0000000002de5484 sp=0x00000000025ff250
Event: 9.278 Thread 0x000000000266e000 DEOPT UNPACKING pc=0x000000000283583b sp=0x00000000025ff218 mode 2


Dynamic libraries:
0x00007ff617710000 - 0x00007ff617747000 	C:\Program Files\Java\jre1.8.0_171\bin\javaw.exe
0x00007ffc3e660000 - 0x00007ffc3e850000 	C:\WINDOWS\SYSTEM32\ntdll.dll
0x00007ffc3d070000 - 0x00007ffc3d122000 	C:\WINDOWS\System32\KERNEL32.DLL
0x00007ffc3b610000 - 0x00007ffc3b8b4000 	C:\WINDOWS\System32\KERNELBASE.dll
0x00007ffc3ce20000 - 0x00007ffc3cec3000 	C:\WINDOWS\System32\ADVAPI32.dll
0x00007ffc3cc50000 - 0x00007ffc3ccee000 	C:\WINDOWS\System32\msvcrt.dll
0x00007ffc3cf30000 - 0x00007ffc3cfc7000 	C:\WINDOWS\System32\sechost.dll
0x00007ffc3c740000 - 0x00007ffc3c860000 	C:\WINDOWS\System32\RPCRT4.dll
0x00007ffc3db10000 - 0x00007ffc3dca4000 	C:\WINDOWS\System32\USER32.dll
0x00007ffc3c040000 - 0x00007ffc3c061000 	C:\WINDOWS\System32\win32u.dll
0x00007ffc3dda0000 - 0x00007ffc3ddc6000 	C:\WINDOWS\System32\GDI32.dll
0x00007ffc3c4f0000 - 0x00007ffc3c684000 	C:\WINDOWS\System32\gdi32full.dll
0x00007ffc3c070000 - 0x00007ffc3c10e000 	C:\WINDOWS\System32\msvcp_win.dll
0x00007ffc3c3f0000 - 0x00007ffc3c4ea000 	C:\WINDOWS\System32\ucrtbase.dll
0x00007ffc28130000 - 0x00007ffc283b4000 	C:\WINDOWS\WinSxS\amd64_microsoft.windows.common-controls_6595b64144ccf1df_6.0.18362.836_none_e6c4b943130f18ed\COMCTL32.dll
0x00007ffc3c860000 - 0x00007ffc3cb96000 	C:\WINDOWS\System32\combase.dll
0x00007ffc3c690000 - 0x00007ffc3c710000 	C:\WINDOWS\System32\bcryptPrimitives.dll
0x00007ffc3c710000 - 0x00007ffc3c73e000 	C:\WINDOWS\System32\IMM32.DLL
0x0000000058660000 - 0x0000000058732000 	C:\Program Files\Java\jre1.8.0_171\bin\msvcr100.dll
0x0000000058740000 - 0x0000000058fe0000 	C:\Program Files\Java\jre1.8.0_171\bin\server\jvm.dll
0x00007ffc3e540000 - 0x00007ffc3e548000 	C:\WINDOWS\System32\PSAPI.DLL
0x00007ffc31070000 - 0x00007ffc31079000 	C:\WINDOWS\SYSTEM32\WSOCK32.dll
0x00007ffc3dcb0000 - 0x00007ffc3dd1f000 	C:\WINDOWS\System32\WS2_32.dll
0x00007ffc39060000 - 0x00007ffc39084000 	C:\WINDOWS\SYSTEM32\WINMM.dll
0x00007ffc33170000 - 0x00007ffc3317a000 	C:\WINDOWS\SYSTEM32\VERSION.dll
0x00007ffc39030000 - 0x00007ffc3905d000 	C:\WINDOWS\SYSTEM32\WINMMBASE.dll
0x00007ffc3c110000 - 0x00007ffc3c15a000 	C:\WINDOWS\System32\cfgmgr32.dll
0x000000005a050000 - 0x000000005a05f000 	C:\Program Files\Java\jre1.8.0_171\bin\verify.dll
0x000000005a020000 - 0x000000005a049000 	C:\Program Files\Java\jre1.8.0_171\bin\java.dll
0x000000005a000000 - 0x000000005a016000 	C:\Program Files\Java\jre1.8.0_171\bin\zip.dll
0x00007ffc3d420000 - 0x00007ffc3db04000 	C:\WINDOWS\System32\SHELL32.dll
0x00007ffc3d1c0000 - 0x00007ffc3d269000 	C:\WINDOWS\System32\shcore.dll
0x00007ffc3b8c0000 - 0x00007ffc3c03e000 	C:\WINDOWS\System32\windows.storage.dll
0x00007ffc3b570000 - 0x00007ffc3b593000 	C:\WINDOWS\System32\profapi.dll
0x00007ffc3b5a0000 - 0x00007ffc3b5ea000 	C:\WINDOWS\System32\powrprof.dll
0x00007ffc3b520000 - 0x00007ffc3b530000 	C:\WINDOWS\System32\UMPDC.dll
0x00007ffc3df30000 - 0x00007ffc3df82000 	C:\WINDOWS\System32\shlwapi.dll
0x00007ffc3b530000 - 0x00007ffc3b541000 	C:\WINDOWS\System32\kernel.appcore.dll
0x00007ffc3b5f0000 - 0x00007ffc3b607000 	C:\WINDOWS\System32\cryptsp.dll
0x00000000584c0000 - 0x0000000058658000 	C:\Program Files\Java\jre1.8.0_171\bin\awt.dll
0x00007ffc3e550000 - 0x00007ffc3e614000 	C:\WINDOWS\System32\OLEAUT32.dll
0x00007ffc397e0000 - 0x00007ffc3986f000 	C:\WINDOWS\SYSTEM32\apphelp.dll
0x00007ffc39dc0000 - 0x00007ffc39e59000 	C:\WINDOWS\system32\uxtheme.dll
0x00007ffc3e400000 - 0x00007ffc3e536000 	C:\WINDOWS\System32\MSCTF.dll
0x00007ffc3ddd0000 - 0x00007ffc3df27000 	C:\WINDOWS\System32\ole32.dll
0x00007ffc39ed0000 - 0x00007ffc39efd000 	C:\WINDOWS\system32\DWMAPI.DLL
0x0000000058470000 - 0x00000000584b7000 	C:\Program Files\Java\jre1.8.0_171\bin\fontmanager.dll
0x00007ffc1d880000 - 0x00007ffc1d9d6000 	C:\WINDOWS\system32\opengl32.dll
0x00007ffc241d0000 - 0x00007ffc241fc000 	C:\WINDOWS\SYSTEM32\GLU32.dll
0x00007ffc3a190000 - 0x00007ffc3a1b0000 	C:\WINDOWS\SYSTEM32\dxcore.dll
0x00007ffc05cc0000 - 0x00007ffc05e87000 	C:\WINDOWS\system32\d3d9.dll
0x00007ffc33180000 - 0x00007ffc33301000 	C:\WINDOWS\System32\DriverStore\FileRepository\c0312549.inf_amd64_d0c053e57e0c1fd8\aticfx64.dll
0x00007ffc23ea0000 - 0x00007ffc23ec9000 	C:\WINDOWS\System32\DriverStore\FileRepository\c0312549.inf_amd64_d0c053e57e0c1fd8\atiu9p64.dll
0x00007ffc14360000 - 0x00007ffc14e19000 	C:\WINDOWS\System32\DriverStore\FileRepository\c0312549.inf_amd64_d0c053e57e0c1fd8\atiumd64.dll
0x0000000057900000 - 0x0000000058464000 	C:\WINDOWS\System32\DriverStore\FileRepository\c0312549.inf_amd64_d0c053e57e0c1fd8\atiumd6a.dll
0x0000000059fe0000 - 0x0000000059ffa000 	C:\Program Files\Java\jre1.8.0_171\bin\net.dll
0x00007ffc3ad30000 - 0x00007ffc3ad97000 	C:\WINDOWS\system32\mswsock.dll
0x0000000059fc0000 - 0x0000000059fd1000 	C:\Program Files\Java\jre1.8.0_171\bin\nio.dll
0x00000000578b0000 - 0x00000000578f2000 	C:\Program Files\Java\jre1.8.0_171\bin\t2k.dll
0x00007ffc3cba0000 - 0x00007ffc3cc42000 	C:\WINDOWS\System32\clbcatq.dll
0x00007ffc36d80000 - 0x00007ffc36f2f000 	C:\WINDOWS\SYSTEM32\WindowsCodecs.dll
0x00007ffc20540000 - 0x00007ffc2057a000 	C:\WINDOWS\system32\dataexchange.dll
0x00007ffc39090000 - 0x00007ffc3926c000 	C:\WINDOWS\system32\dcomp.dll
0x00007ffc38890000 - 0x00007ffc38aeb000 	C:\WINDOWS\system32\d3d11.dll
0x00007ffc3a1b0000 - 0x00007ffc3a29b000 	C:\WINDOWS\system32\dxgi.dll
0x00007ffc39870000 - 0x00007ffc39ad1000 	C:\WINDOWS\system32\twinapi.appcore.dll
0x00007ffc39cd0000 - 0x00007ffc39cf9000 	C:\WINDOWS\system32\RMCLIENT.dll
0x00007ffc30b80000 - 0x00007ffc30c1e000 	C:\WINDOWS\System32\TextInputFramework.dll
0x00007ffc37100000 - 0x00007ffc3742a000 	C:\WINDOWS\System32\CoreUIComponents.dll
0x00007ffc38af0000 - 0x00007ffc38bc4000 	C:\WINDOWS\System32\CoreMessaging.dll
0x00007ffc3a580000 - 0x00007ffc3a5b1000 	C:\WINDOWS\SYSTEM32\ntmarta.dll
0x00007ffc36f30000 - 0x00007ffc37083000 	C:\WINDOWS\SYSTEM32\wintypes.dll
0x00007ffc2e9e0000 - 0x00007ffc2ec86000 	C:\WINDOWS\System32\iertutil.dll

VM Arguments:
jvm_args: -Dfile.encoding=Cp1252 
java_command: machine.Main
java_class_path (initial): C:\Program Files\Java\jre1.8.0_171\lib\resources.jar;C:\Program Files\Java\jre1.8.0_171\lib\rt.jar;C:\Program Files\Java\jre1.8.0_171\lib\jsse.jar;C:\Program Files\Java\jre1.8.0_171\lib\jce.jar;C:\Program Files\Java\jre1.8.0_171\lib\charsets.jar;C:\Program Files\Java\jre1.8.0_171\lib\jfr.jar;C:\Program Files\Java\jre1.8.0_171\lib\ext\access-bridge-64.jar;C:\Program Files\Java\jre1.8.0_171\lib\ext\cldrdata.jar;C:\Program Files\Java\jre1.8.0_171\lib\ext\dnsns.jar;C:\Program Files\Java\jre1.8.0_171\lib\ext\jaccess.jar;C:\Program Files\Java\jre1.8.0_171\lib\ext\jfxrt.jar;C:\Program Files\Java\jre1.8.0_171\lib\ext\localedata.jar;C:\Program Files\Java\jre1.8.0_171\lib\ext\nashorn.jar;C:\Program Files\Java\jre1.8.0_171\lib\ext\sunec.jar;C:\Program Files\Java\jre1.8.0_171\lib\ext\sunjce_provider.jar;C:\Program Files\Java\jre1.8.0_171\lib\ext\sunmscapi.jar;C:\Program Files\Java\jre1.8.0_171\lib\ext\sunpkcs11.jar;C:\Program Files\Java\jre1.8.0_171\lib\ext\zipfs.jar;C:\Users\Daniel Briggs\eclipse-workspace\Turing\bin
Launcher Type: SUN_STANDARD

Environment Variables:
PATH=C:/Program Files/Java/jre1.8.0_171/bin/server;C:/Program Files/Java/jre1.8.0_171/bin;C:/Program Files/Java/jre1.8.0_171/lib/amd64;C:\Program Files (x86)\Common Files\Oracle\Java\javapath;C:\WINDOWS\system32;C:\WINDOWS;C:\WINDOWS\System32\Wbem;C:\WINDOWS\System32\WindowsPowerShell\v1.0\;C:\WINDOWS\System32\OpenSSH\;C:\Program Files\MiKTeX 2.9\miktex\bin\x64\;C:\Program Files\nodejs\;C:\Program Files\Git\cmd;C:\Users\Daniel Briggs\AppData\Local\Programs\Python\Python37-32\Scripts\;C:\Users\Daniel Briggs\AppData\Local\Programs\Python\Python37-32\;C:\Users\Daniel Briggs\AppData\Local\Microsoft\WindowsApps;C:\Users\Daniel Briggs\AppData\Roaming\npm;C:\Program Files\heroku\bin;;C:\Users\Daniel Briggs\Desktop;
USERNAME=Daniel Briggs
OS=Windows_NT
PROCESSOR_IDENTIFIER=AMD64 Family 21 Model 112 Stepping 0, AuthenticAMD



---------------  S Y S T E M  ---------------

OS: Windows 10.0 , 64 bit Build 18362 (10.0.18362.778)

CPU:total 2 (initial active 2) (2 cores per cpu, 1 threads per core) family 21 model 112 stepping 0, cmov, cx8, fxsr, mmx, sse, sse2, sse3, ssse3, sse4.1, sse4.2, popcnt, avx, avx2, aes, clmul, mmxext, 3dnowpref, lzcnt, sse4a, tsc, tscinvbit, tscinv, bmi1

Memory: 4k page, physical 4077240k(409580k free), swap 5503672k(8360k free)

vm_info: Java HotSpot(TM) 64-Bit Server VM (25.171-b11) for windows-amd64 JRE (1.8.0_171-b11), built on Mar 28 2018 16:06:12 by "java_re" with MS VC++ 10.0 (VS2010)

time: Mon Jun 01 06:38:22 2020
elapsed time: 10 seconds (0d 0h 0m 10s)

