#
# There is insufficient memory for the Java Runtime Environment to continue.
# Native memory allocation (malloc) failed to allocate 1248032 bytes for Chunk::new
# Possible reasons:
#   The system is out of physical RAM or swap space
#   In 32 bit mode, the process size limit was hit
# Possible solutions:
#   Reduce memory load on the system
#   Increase physical memory or swap space
#   Check if swap backing store is full
#   Use 64 bit Java on a 64 bit OS
#   Decrease Java heap size (-Xmx/-Xms)
#   Decrease number of Java threads
#   Decrease Java thread stack sizes (-Xss)
#   Set larger code cache with -XX:ReservedCodeCacheSize=
# This output file may be truncated or incomplete.
#
#  Out of Memory Error (allocation.cpp:390), pid=10048, tid=0x0000000000002c8c
#
# JRE version: Java(TM) SE Runtime Environment (8.0_171-b11) (build 1.8.0_171-b11)
# Java VM: Java HotSpot(TM) 64-Bit Server VM (25.171-b11 mixed mode windows-amd64 compressed oops)
# Failed to write core dump. Minidumps are not enabled by default on client versions of Windows
#

---------------  T H R E A D  ---------------

Current thread (0x0000000015329800):  JavaThread "C2 CompilerThread0" daemon [_thread_in_native, id=11404, stack(0x0000000016370000,0x0000000016470000)]

Stack: [0x0000000016370000,0x0000000016470000]
[error occurred during error reporting (printing stack bounds), id 0xc0000005]

Native frames: (J=compiled Java code, j=interpreted, Vv=VM code, C=native code)


Current CompileTask:
C2:   7916 1806 % !   4       machine.Tests::bigStretchTapeTest2 @ 111 (367 bytes)


---------------  P R O C E S S  ---------------

Java Threads: ( => current thread )
  0x000000001768b000 JavaThread "D3D Screen Updater" daemon [_thread_blocked, id=1584, stack(0x000000001d750000,0x000000001d850000)]
  0x000000001768a800 JavaThread "TimerQueue" daemon [_thread_blocked, id=2964, stack(0x000000001d650000,0x000000001d750000)]
  0x0000000017610000 JavaThread "AWT-EventQueue-0" [_thread_blocked, id=11616, stack(0x000000001cf50000,0x000000001d050000)]
  0x0000000016a10800 JavaThread "AWT-Windows" daemon [_thread_in_native, id=4728, stack(0x0000000016eb0000,0x0000000016fb0000)]
  0x0000000016a0f000 JavaThread "AWT-Shutdown" [_thread_blocked, id=12576, stack(0x0000000016db0000,0x0000000016eb0000)]
  0x0000000016a0e000 JavaThread "Java2D Disposer" daemon [_thread_blocked, id=13064, stack(0x0000000016cb0000,0x0000000016db0000)]
  0x000000001539d000 JavaThread "Service Thread" daemon [_thread_blocked, id=11008, stack(0x0000000016570000,0x0000000016670000)]
  0x0000000015331800 JavaThread "C1 CompilerThread1" daemon [_thread_blocked, id=11412, stack(0x0000000016470000,0x0000000016570000)]
=>0x0000000015329800 JavaThread "C2 CompilerThread0" daemon [_thread_in_native, id=11404, stack(0x0000000016370000,0x0000000016470000)]
  0x0000000015328000 JavaThread "Attach Listener" daemon [_thread_blocked, id=11040, stack(0x0000000016270000,0x0000000016370000)]
  0x0000000015325000 JavaThread "Signal Dispatcher" daemon [_thread_blocked, id=11984, stack(0x0000000016170000,0x0000000016270000)]
  0x0000000015318800 JavaThread "Finalizer" daemon [_thread_blocked, id=9448, stack(0x0000000015f70000,0x0000000016070000)]
  0x0000000002f8f000 JavaThread "Reference Handler" daemon [_thread_blocked, id=10588, stack(0x0000000015e70000,0x0000000015f70000)]
  0x0000000002d6e000 JavaThread "main" [_thread_in_Java, id=284, stack(0x0000000002d70000,0x0000000002e70000)]

Other Threads:
  0x00000000152f6800 VMThread [stack: 0x0000000015d70000,0x0000000015e70000] [id=12632]
  0x00000000153cd800 WatcherThread [stack: 0x0000000016a70000,0x0000000016b70000] [id=12856]

VM state:not at safepoint (normal execution)

VM Mutex/Monitor currently owned by a thread: None

Heap:
 PSYoungGen      total 71168K, used 32400K [0x00000000eb400000, 0x00000000eff00000, 0x0000000100000000)
  eden space 65536K, 49% used [0x00000000eb400000,0x00000000ed394048,0x00000000ef400000)
  from space 5632K, 1% used [0x00000000ef980000,0x00000000ef990000,0x00000000eff00000)
  to   space 5632K, 0% used [0x00000000ef400000,0x00000000ef400000,0x00000000ef980000)
 ParOldGen       total 679936K, used 662933K [0x00000000c1c00000, 0x00000000eb400000, 0x00000000eb400000)
  object space 679936K, 97% used [0x00000000c1c00000,0x00000000ea365528,0x00000000eb400000)
 Metaspace       used 11733K, capacity 11984K, committed 12032K, reserved 1060864K
  class space    used 1437K, capacity 1518K, committed 1536K, reserved 1048576K

Card table byte_map: [0x0000000012360000,0x0000000012560000] byte_map_base: 0x0000000011d52000

Marking Bits: (ParMarkBitMap*) 0x0000000057e108c0
 Begin Bits: [0x00000000128b0000, 0x0000000013840000)
 End Bits:   [0x0000000013840000, 0x00000000147d0000)

Polling page: 0x0000000000d90000

CodeCache: size=245760Kb used=6386Kb max_used=6386Kb free=239373Kb
 bounds [0x0000000002fa0000, 0x00000000035f0000, 0x0000000011fa0000]
 total_blobs=2293 nmethods=1817 adapters=388
 compilation: enabled

Compilation events (10 events):
Event: 7.790 Thread 0x0000000015331800 nmethod 1837 0x00000000035db090 code [0x00000000035db200, 0x00000000035db568]
Event: 7.790 Thread 0x0000000015331800 1838       3       java.awt.geom.AffineTransform::<init> (69 bytes)
Event: 7.790 Thread 0x0000000015331800 nmethod 1838 0x00000000035db6d0 code [0x00000000035db840, 0x00000000035dba50]
Event: 7.801 Thread 0x0000000015331800 1839       3       sun.java2d.d3d.D3DSurfaceData$D3DWindowSurfaceData::getContext (5 bytes)
Event: 7.802 Thread 0x0000000015331800 nmethod 1839 0x00000000035dbb10 code [0x00000000035dbc80, 0x00000000035dbe50]
Event: 7.843 Thread 0x0000000015331800 1840       3       sun.java2d.pipe.BufferedPaints::setPaint (125 bytes)
Event: 7.844 Thread 0x0000000015331800 nmethod 1840 0x00000000035dbf50 code [0x00000000035dc180, 0x00000000035dcf48]
Event: 7.884 Thread 0x0000000015331800 1841   !   3       sun.java2d.SunGraphics2D::drawLine (74 bytes)
Event: 7.885 Thread 0x0000000015331800 nmethod 1841 0x00000000035dd490 code [0x00000000035dd660, 0x00000000035de028]
Event: 7.885 Thread 0x0000000015331800 1842   !   3       sun.java2d.pipe.BufferedRenderPipe::drawLine (116 bytes)

GC Heap History (10 events):
Event: 5.487 GC heap before
{Heap before GC invocations=8 (full 0):
 PSYoungGen      total 71168K, used 49292K [0x00000000eb400000, 0x00000000eff00000, 0x0000000100000000)
  eden space 65536K, 73% used [0x00000000eb400000,0x00000000ee33b3e8,0x00000000ef400000)
  from space 5632K, 16% used [0x00000000ef400000,0x00000000ef4e8010,0x00000000ef980000)
  to   space 5632K, 0% used [0x00000000ef980000,0x00000000ef980000,0x00000000eff00000)
 ParOldGen       total 679936K, used 662001K [0x00000000c1c00000, 0x00000000eb400000, 0x00000000eb400000)
  object space 679936K, 97% used [0x00000000c1c00000,0x00000000ea27c508,0x00000000eb400000)
 Metaspace       used 11682K, capacity 11920K, committed 12032K, reserved 1060864K
  class space    used 1437K, capacity 1518K, committed 1536K, reserved 1048576K
Event: 5.500 GC heap after
Heap after GC invocations=8 (full 0):
 PSYoungGen      total 71168K, used 32K [0x00000000eb400000, 0x00000000eff00000, 0x0000000100000000)
  eden space 65536K, 0% used [0x00000000eb400000,0x00000000eb400000,0x00000000ef400000)
  from space 5632K, 0% used [0x00000000ef980000,0x00000000ef988000,0x00000000eff00000)
  to   space 5632K, 0% used [0x00000000ef400000,0x00000000ef400000,0x00000000ef980000)
 ParOldGen       total 679936K, used 662881K [0x00000000c1c00000, 0x00000000eb400000, 0x00000000eb400000)
  object space 679936K, 97% used [0x00000000c1c00000,0x00000000ea358518,0x00000000eb400000)
 Metaspace       used 11682K, capacity 11920K, committed 12032K, reserved 1060864K
  class space    used 1437K, capacity 1518K, committed 1536K, reserved 1048576K
}
Event: 5.569 GC heap before
{Heap before GC invocations=9 (full 0):
 PSYoungGen      total 71168K, used 48442K [0x00000000eb400000, 0x00000000eff00000, 0x0000000100000000)
  eden space 65536K, 73% used [0x00000000eb400000,0x00000000ee3468e0,0x00000000ef400000)
  from space 5632K, 0% used [0x00000000ef980000,0x00000000ef988000,0x00000000eff00000)
  to   space 5632K, 0% used [0x00000000ef400000,0x00000000ef400000,0x00000000ef980000)
 ParOldGen       total 679936K, used 662881K [0x00000000c1c00000, 0x00000000eb400000, 0x00000000eb400000)
  object space 679936K, 97% used [0x00000000c1c00000,0x00000000ea358518,0x00000000eb400000)
 Metaspace       used 11682K, capacity 11920K, committed 12032K, reserved 1060864K
  class space    used 1437K, capacity 1518K, committed 1536K, reserved 1048576K
Event: 5.576 GC heap after
Heap after GC invocations=9 (full 0):
 PSYoungGen      total 71168K, used 64K [0x00000000eb400000, 0x00000000eff00000, 0x0000000100000000)
  eden space 65536K, 0% used [0x00000000eb400000,0x00000000eb400000,0x00000000ef400000)
  from space 5632K, 1% used [0x00000000ef400000,0x00000000ef410000,0x00000000ef980000)
  to   space 5632K, 0% used [0x00000000ef980000,0x00000000ef980000,0x00000000eff00000)
 ParOldGen       total 679936K, used 662889K [0x00000000c1c00000, 0x00000000eb400000, 0x00000000eb400000)
  object space 679936K, 97% used [0x00000000c1c00000,0x00000000ea35a518,0x00000000eb400000)
 Metaspace       used 11682K, capacity 11920K, committed 12032K, reserved 1060864K
  class space    used 1437K, capacity 1518K, committed 1536K, reserved 1048576K
}
Event: 5.653 GC heap before
{Heap before GC invocations=10 (full 0):
 PSYoungGen      total 71168K, used 48466K [0x00000000eb400000, 0x00000000eff00000, 0x0000000100000000)
  eden space 65536K, 73% used [0x00000000eb400000,0x00000000ee344b88,0x00000000ef400000)
  from space 5632K, 1% used [0x00000000ef400000,0x00000000ef410000,0x00000000ef980000)
  to   space 5632K, 0% used [0x00000000ef980000,0x00000000ef980000,0x00000000eff00000)
 ParOldGen       total 679936K, used 662889K [0x00000000c1c00000, 0x00000000eb400000, 0x00000000eb400000)
  object space 679936K, 97% used [0x00000000c1c00000,0x00000000ea35a518,0x00000000eb400000)
 Metaspace       used 11685K, capacity 11920K, committed 12032K, reserved 1060864K
  class space    used 1437K, capacity 1518K, committed 1536K, reserved 1048576K
Event: 5.661 GC heap after
Heap after GC invocations=10 (full 0):
 PSYoungGen      total 71168K, used 64K [0x00000000eb400000, 0x00000000eff00000, 0x0000000100000000)
  eden space 65536K, 0% used [0x00000000eb400000,0x00000000eb400000,0x00000000ef400000)
  from space 5632K, 1% used [0x00000000ef980000,0x00000000ef990000,0x00000000eff00000)
  to   space 5632K, 0% used [0x00000000ef400000,0x00000000ef400000,0x00000000ef980000)
 ParOldGen       total 679936K, used 662909K [0x00000000c1c00000, 0x00000000eb400000, 0x00000000eb400000)
  object space 679936K, 97% used [0x00000000c1c00000,0x00000000ea35f528,0x00000000eb400000)
 Metaspace       used 11685K, capacity 11920K, committed 12032K, reserved 1060864K
  class space    used 1437K, capacity 1518K, committed 1536K, reserved 1048576K
}
Event: 5.736 GC heap before
{Heap before GC invocations=11 (full 0):
 PSYoungGen      total 71168K, used 48436K [0x00000000eb400000, 0x00000000eff00000, 0x0000000100000000)
  eden space 65536K, 73% used [0x00000000eb400000,0x00000000ee33d368,0x00000000ef400000)
  from space 5632K, 1% used [0x00000000ef980000,0x00000000ef990000,0x00000000eff00000)
  to   space 5632K, 0% used [0x00000000ef400000,0x00000000ef400000,0x00000000ef980000)
 ParOldGen       total 679936K, used 662909K [0x00000000c1c00000, 0x00000000eb400000, 0x00000000eb400000)
  object space 679936K, 97% used [0x00000000c1c00000,0x00000000ea35f528,0x00000000eb400000)
 Metaspace       used 11686K, capacity 11920K, committed 12032K, reserved 1060864K
  class space    used 1437K, capacity 1518K, committed 1536K, reserved 1048576K
Event: 5.745 GC heap after
Heap after GC invocations=11 (full 0):
 PSYoungGen      total 71168K, used 64K [0x00000000eb400000, 0x00000000eff00000, 0x0000000100000000)
  eden space 65536K, 0% used [0x00000000eb400000,0x00000000eb400000,0x00000000ef400000)
  from space 5632K, 1% used [0x00000000ef400000,0x00000000ef410000,0x00000000ef980000)
  to   space 5632K, 0% used [0x00000000ef980000,0x00000000ef980000,0x00000000eff00000)
 ParOldGen       total 679936K, used 662925K [0x00000000c1c00000, 0x00000000eb400000, 0x00000000eb400000)
  object space 679936K, 97% used [0x00000000c1c00000,0x00000000ea363528,0x00000000eb400000)
 Metaspace       used 11686K, capacity 11920K, committed 12032K, reserved 1060864K
  class space    used 1437K, capacity 1518K, committed 1536K, reserved 1048576K
}
Event: 5.821 GC heap before
{Heap before GC invocations=12 (full 0):
 PSYoungGen      total 71168K, used 48402K [0x00000000eb400000, 0x00000000eff00000, 0x0000000100000000)
  eden space 65536K, 73% used [0x00000000eb400000,0x00000000ee334988,0x00000000ef400000)
  from space 5632K, 1% used [0x00000000ef400000,0x00000000ef410000,0x00000000ef980000)
  to   space 5632K, 0% used [0x00000000ef980000,0x00000000ef980000,0x00000000eff00000)
 ParOldGen       total 679936K, used 662925K [0x00000000c1c00000, 0x00000000eb400000, 0x00000000eb400000)
  object space 679936K, 97% used [0x00000000c1c00000,0x00000000ea363528,0x00000000eb400000)
 Metaspace       used 11687K, capacity 11920K, committed 12032K, reserved 1060864K
  class space    used 1437K, capacity 1518K, committed 1536K, reserved 1048576K
Event: 5.829 GC heap after
Heap after GC invocations=12 (full 0):
 PSYoungGen      total 71168K, used 64K [0x00000000eb400000, 0x00000000eff00000, 0x0000000100000000)
  eden space 65536K, 0% used [0x00000000eb400000,0x00000000eb400000,0x00000000ef400000)
  from space 5632K, 1% used [0x00000000ef980000,0x00000000ef990000,0x00000000eff00000)
  to   space 5632K, 0% used [0x00000000ef400000,0x00000000ef400000,0x00000000ef980000)
 ParOldGen       total 679936K, used 662933K [0x00000000c1c00000, 0x00000000eb400000, 0x00000000eb400000)
  object space 679936K, 97% used [0x00000000c1c00000,0x00000000ea365528,0x00000000eb400000)
 Metaspace       used 11687K, capacity 11920K, committed 12032K, reserved 1060864K
  class space    used 1437K, capacity 1518K, committed 1536K, reserved 1048576K
}

Deoptimization events (10 events):
Event: 2.254 Thread 0x0000000017610000 Uncommon trap: reason=unstable_if action=reinterpret pc=0x0000000003354c38 method=sun.awt.PostEventQueue.flush()V @ 23
Event: 3.048 Thread 0x0000000002d6e000 Uncommon trap: reason=unstable_if action=reinterpret pc=0x00000000033f83ec method=machine.Tests.bigStretchTapeTest()Z @ 113
Event: 3.123 Thread 0x0000000002d6e000 Uncommon trap: reason=unreached action=reinterpret pc=0x000000000340ead0 method=machine.Tests.bigStretchTapeTest()Z @ 310
Event: 4.891 Thread 0x0000000002d6e000 Uncommon trap: reason=unstable_if action=reinterpret pc=0x000000000326e888 method=java.lang.Integer.getChars(II[C)V @ 20
Event: 4.891 Thread 0x0000000002d6e000 Uncommon trap: reason=unstable_if action=reinterpret pc=0x000000000326ad88 method=java.lang.Integer.getChars(II[C)V @ 20
Event: 4.992 Thread 0x0000000017610000 Uncommon trap: reason=unstable_if action=reinterpret pc=0x00000000034b3010 method=javax.swing.JViewport.scrollRectToVisible(Ljava/awt/Rectangle;)V @ 14
Event: 5.899 Thread 0x0000000002d6e000 Uncommon trap: reason=unstable_if action=reinterpret pc=0x000000000354fe54 method=machine.Tests.bigStretchTapeTest2()Z @ 124
Event: 5.950 Thread 0x0000000017610000 Uncommon trap: reason=unstable_if action=reinterpret pc=0x00000000034fabf4 method=javax.swing.JViewport.positionAdjustment(III)I @ 1
Event: 6.039 Thread 0x0000000002d6e000 Uncommon trap: reason=unstable_if action=reinterpret pc=0x0000000003569c4c method=machine.Tests.bigStretchTapeTest2()Z @ 214
Event: 7.068 Thread 0x0000000002d6e000 Uncommon trap: reason=unstable_if action=reinterpret pc=0x0000000003593c24 method=machine.Tests.bigStretchTapeTest2()Z @ 226

Classes redefined (0 events):
No events

Internal exceptions (10 events):
Event: 0.162 Thread 0x0000000002d6e000 Exception <a 'java/security/PrivilegedActionException'> (0x00000000eb496548) thrown at [C:\re\workspace\8-2-build-windows-amd64-cygwin\jdk8u171\10807\hotspot\src\share\vm\prims\jvm.cpp, line 1435]
Event: 0.162 Thread 0x0000000002d6e000 Exception <a 'java/security/PrivilegedActionException'> (0x00000000eb496758) thrown at [C:\re\workspace\8-2-build-windows-amd64-cygwin\jdk8u171\10807\hotspot\src\share\vm\prims\jvm.cpp, line 1435]
Event: 0.163 Thread 0x0000000002d6e000 Exception <a 'java/security/PrivilegedActionException'> (0x00000000eb49a3c8) thrown at [C:\re\workspace\8-2-build-windows-amd64-cygwin\jdk8u171\10807\hotspot\src\share\vm\prims\jvm.cpp, line 1435]
Event: 0.163 Thread 0x0000000002d6e000 Exception <a 'java/security/PrivilegedActionException'> (0x00000000eb49a5d8) thrown at [C:\re\workspace\8-2-build-windows-amd64-cygwin\jdk8u171\10807\hotspot\src\share\vm\prims\jvm.cpp, line 1435]
Event: 0.302 Thread 0x0000000002d6e000 Exception <a 'java/io/FileNotFoundException'> (0x00000000eb609ad0) thrown at [C:\re\workspace\8-2-build-windows-amd64-cygwin\jdk8u171\10807\hotspot\src\share\vm\prims\jni.cpp, line 709]
Event: 0.398 Thread 0x0000000002d6e000 Exception <a 'java/lang/NoSuchFieldError': method resolution failed> (0x00000000eb6da240) thrown at [C:\re\workspace\8-2-build-windows-amd64-cygwin\jdk8u171\10807\hotspot\src\share\vm\prims\methodHandles.cpp, line 1167]
Event: 0.411 Thread 0x0000000002d6e000 Exception <a 'java/lang/NoSuchFieldError': method resolution failed> (0x00000000eb6e75e0) thrown at [C:\re\workspace\8-2-build-windows-amd64-cygwin\jdk8u171\10807\hotspot\src\share\vm\prims\methodHandles.cpp, line 1167]
Event: 0.527 Thread 0x0000000002d6e000 Exception <a 'java/io/FileNotFoundException'> (0x00000000eb8205d8) thrown at [C:\re\workspace\8-2-build-windows-amd64-cygwin\jdk8u171\10807\hotspot\src\share\vm\prims\jni.cpp, line 709]
Event: 0.960 Thread 0x0000000002d6e000 Implicit null exception at 0x00000000030f32d9 to 0x00000000030f3649
Event: 0.961 Thread 0x0000000002d6e000 Implicit null exception at 0x00000000030ea696 to 0x00000000030ea9f1

Events (10 events):
Event: 5.899 Thread 0x0000000002d6e000 DEOPT UNPACKING pc=0x0000000002fe583b sp=0x0000000002e6ef98 mode 2
Event: 5.950 Thread 0x0000000017610000 Uncommon trap: trap_request=0xffffff65 fr.pc=0x00000000034fabf4
Event: 5.950 Thread 0x0000000017610000 DEOPT PACKING pc=0x00000000034fabf4 sp=0x000000001d04e0b0
Event: 5.950 Thread 0x0000000017610000 DEOPT UNPACKING pc=0x0000000002fe583b sp=0x000000001d04e038 mode 2
Event: 6.039 Thread 0x0000000002d6e000 Uncommon trap: trap_request=0xffffff65 fr.pc=0x0000000003569c4c
Event: 6.039 Thread 0x0000000002d6e000 DEOPT PACKING pc=0x0000000003569c4c sp=0x0000000002e6efd0
Event: 6.039 Thread 0x0000000002d6e000 DEOPT UNPACKING pc=0x0000000002fe583b sp=0x0000000002e6ef98 mode 2
Event: 7.068 Thread 0x0000000002d6e000 Uncommon trap: trap_request=0xffffff65 fr.pc=0x0000000003593c24
Event: 7.068 Thread 0x0000000002d6e000 DEOPT PACKING pc=0x0000000003593c24 sp=0x0000000002e6ef30
Event: 7.069 Thread 0x0000000002d6e000 DEOPT UNPACKING pc=0x0000000002fe583b sp=0x0000000002e6ef98 mode 2


Dynamic libraries:
0x00007ff73b8c0000 - 0x00007ff73b8f7000 	C:\Program Files\Java\jre1.8.0_171\bin\javaw.exe
0x00007ffc3e660000 - 0x00007ffc3e850000 	C:\WINDOWS\SYSTEM32\ntdll.dll
0x00007ffc3d070000 - 0x00007ffc3d122000 	C:\WINDOWS\System32\KERNEL32.DLL
0x00007ffc3b610000 - 0x00007ffc3b8b4000 	C:\WINDOWS\System32\KERNELBASE.dll
0x00007ffc3ce20000 - 0x00007ffc3cec3000 	C:\WINDOWS\System32\ADVAPI32.dll
0x00007ffc3cc50000 - 0x00007ffc3ccee000 	C:\WINDOWS\System32\msvcrt.dll
0x00007ffc3cf30000 - 0x00007ffc3cfc7000 	C:\WINDOWS\System32\sechost.dll
0x00007ffc3c740000 - 0x00007ffc3c860000 	C:\WINDOWS\System32\RPCRT4.dll
0x00007ffc3db10000 - 0x00007ffc3dca4000 	C:\WINDOWS\System32\USER32.dll
0x00007ffc3c040000 - 0x00007ffc3c061000 	C:\WINDOWS\System32\win32u.dll
0x00007ffc3dda0000 - 0x00007ffc3ddc6000 	C:\WINDOWS\System32\GDI32.dll
0x00007ffc3c4f0000 - 0x00007ffc3c684000 	C:\WINDOWS\System32\gdi32full.dll
0x00007ffc3c070000 - 0x00007ffc3c10e000 	C:\WINDOWS\System32\msvcp_win.dll
0x00007ffc3c3f0000 - 0x00007ffc3c4ea000 	C:\WINDOWS\System32\ucrtbase.dll
0x00007ffc28130000 - 0x00007ffc283b4000 	C:\WINDOWS\WinSxS\amd64_microsoft.windows.common-controls_6595b64144ccf1df_6.0.18362.836_none_e6c4b943130f18ed\COMCTL32.dll
0x00007ffc3c860000 - 0x00007ffc3cb96000 	C:\WINDOWS\System32\combase.dll
0x00007ffc3c690000 - 0x00007ffc3c710000 	C:\WINDOWS\System32\bcryptPrimitives.dll
0x00007ffc3c710000 - 0x00007ffc3c73e000 	C:\WINDOWS\System32\IMM32.DLL
0x0000000058390000 - 0x0000000058462000 	C:\Program Files\Java\jre1.8.0_171\bin\msvcr100.dll
0x00000000575f0000 - 0x0000000057e90000 	C:\Program Files\Java\jre1.8.0_171\bin\server\jvm.dll
0x00007ffc3e540000 - 0x00007ffc3e548000 	C:\WINDOWS\System32\PSAPI.DLL
0x00007ffc31070000 - 0x00007ffc31079000 	C:\WINDOWS\SYSTEM32\WSOCK32.dll
0x00007ffc3dcb0000 - 0x00007ffc3dd1f000 	C:\WINDOWS\System32\WS2_32.dll
0x00007ffc39060000 - 0x00007ffc39084000 	C:\WINDOWS\SYSTEM32\WINMM.dll
0x00007ffc33170000 - 0x00007ffc3317a000 	C:\WINDOWS\SYSTEM32\VERSION.dll
0x00007ffc39030000 - 0x00007ffc3905d000 	C:\WINDOWS\SYSTEM32\WINMMBASE.dll
0x00007ffc3c110000 - 0x00007ffc3c15a000 	C:\WINDOWS\System32\cfgmgr32.dll
0x000000005a050000 - 0x000000005a05f000 	C:\Program Files\Java\jre1.8.0_171\bin\verify.dll
0x000000005a020000 - 0x000000005a049000 	C:\Program Files\Java\jre1.8.0_171\bin\java.dll
0x000000005a000000 - 0x000000005a016000 	C:\Program Files\Java\jre1.8.0_171\bin\zip.dll
0x00007ffc3d420000 - 0x00007ffc3db04000 	C:\WINDOWS\System32\SHELL32.dll
0x00007ffc3d1c0000 - 0x00007ffc3d269000 	C:\WINDOWS\System32\shcore.dll
0x00007ffc3b8c0000 - 0x00007ffc3c03e000 	C:\WINDOWS\System32\windows.storage.dll
0x00007ffc3b570000 - 0x00007ffc3b593000 	C:\WINDOWS\System32\profapi.dll
0x00007ffc3b5a0000 - 0x00007ffc3b5ea000 	C:\WINDOWS\System32\powrprof.dll
0x00007ffc3b520000 - 0x00007ffc3b530000 	C:\WINDOWS\System32\UMPDC.dll
0x00007ffc3df30000 - 0x00007ffc3df82000 	C:\WINDOWS\System32\shlwapi.dll
0x00007ffc3b530000 - 0x00007ffc3b541000 	C:\WINDOWS\System32\kernel.appcore.dll
0x00007ffc3b5f0000 - 0x00007ffc3b607000 	C:\WINDOWS\System32\cryptsp.dll
0x00000000581f0000 - 0x0000000058388000 	C:\Program Files\Java\jre1.8.0_171\bin\awt.dll
0x00007ffc3e550000 - 0x00007ffc3e614000 	C:\WINDOWS\System32\OLEAUT32.dll
0x00007ffc397e0000 - 0x00007ffc3986f000 	C:\WINDOWS\SYSTEM32\apphelp.dll
0x00007ffc39dc0000 - 0x00007ffc39e59000 	C:\WINDOWS\system32\uxtheme.dll
0x00007ffc3e400000 - 0x00007ffc3e536000 	C:\WINDOWS\System32\MSCTF.dll
0x00007ffc3ddd0000 - 0x00007ffc3df27000 	C:\WINDOWS\System32\ole32.dll
0x00007ffc39ed0000 - 0x00007ffc39efd000 	C:\WINDOWS\system32\DWMAPI.DLL
0x00000000581a0000 - 0x00000000581e7000 	C:\Program Files\Java\jre1.8.0_171\bin\fontmanager.dll
0x00007ffc193c0000 - 0x00007ffc19516000 	C:\WINDOWS\system32\opengl32.dll
0x00007ffc26dd0000 - 0x00007ffc26dfc000 	C:\WINDOWS\SYSTEM32\GLU32.dll
0x00007ffc3a190000 - 0x00007ffc3a1b0000 	C:\WINDOWS\SYSTEM32\dxcore.dll
0x00007ffc05cc0000 - 0x00007ffc05e87000 	C:\WINDOWS\system32\d3d9.dll
0x00007ffc33180000 - 0x00007ffc33301000 	C:\WINDOWS\System32\DriverStore\FileRepository\c0312549.inf_amd64_d0c053e57e0c1fd8\aticfx64.dll
0x00007ffc31e70000 - 0x00007ffc31e99000 	C:\WINDOWS\System32\DriverStore\FileRepository\c0312549.inf_amd64_d0c053e57e0c1fd8\atiu9p64.dll
0x00007ffc14360000 - 0x00007ffc14e19000 	C:\WINDOWS\System32\DriverStore\FileRepository\c0312549.inf_amd64_d0c053e57e0c1fd8\atiumd64.dll
0x0000000058470000 - 0x0000000058fd4000 	C:\WINDOWS\System32\DriverStore\FileRepository\c0312549.inf_amd64_d0c053e57e0c1fd8\atiumd6a.dll
0x0000000059fe0000 - 0x0000000059ffa000 	C:\Program Files\Java\jre1.8.0_171\bin\net.dll
0x00007ffc3ad30000 - 0x00007ffc3ad97000 	C:\WINDOWS\system32\mswsock.dll
0x0000000059fc0000 - 0x0000000059fd1000 	C:\Program Files\Java\jre1.8.0_171\bin\nio.dll
0x0000000058150000 - 0x0000000058192000 	C:\Program Files\Java\jre1.8.0_171\bin\t2k.dll
0x00007ffc3cba0000 - 0x00007ffc3cc42000 	C:\WINDOWS\System32\clbcatq.dll
0x00007ffc36d80000 - 0x00007ffc36f2f000 	C:\WINDOWS\SYSTEM32\WindowsCodecs.dll
0x00007ffc20540000 - 0x00007ffc2057a000 	C:\WINDOWS\system32\dataexchange.dll
0x00007ffc39090000 - 0x00007ffc3926c000 	C:\WINDOWS\system32\dcomp.dll
0x00007ffc38890000 - 0x00007ffc38aeb000 	C:\WINDOWS\system32\d3d11.dll
0x00007ffc3a1b0000 - 0x00007ffc3a29b000 	C:\WINDOWS\system32\dxgi.dll
0x00007ffc39870000 - 0x00007ffc39ad1000 	C:\WINDOWS\system32\twinapi.appcore.dll
0x00007ffc39cd0000 - 0x00007ffc39cf9000 	C:\WINDOWS\system32\RMCLIENT.dll
0x00007ffc30b80000 - 0x00007ffc30c1e000 	C:\WINDOWS\System32\TextInputFramework.dll
0x00007ffc37100000 - 0x00007ffc3742a000 	C:\WINDOWS\System32\CoreUIComponents.dll
0x00007ffc38af0000 - 0x00007ffc38bc4000 	C:\WINDOWS\System32\CoreMessaging.dll
0x00007ffc3a580000 - 0x00007ffc3a5b1000 	C:\WINDOWS\SYSTEM32\ntmarta.dll
0x00007ffc36f30000 - 0x00007ffc37083000 	C:\WINDOWS\SYSTEM32\wintypes.dll
0x00007ffc2e9e0000 - 0x00007ffc2ec86000 	C:\WINDOWS\System32\iertutil.dll

VM Arguments:
jvm_args: -Dfile.encoding=Cp1252 
java_command: machine.Main
java_class_path (initial): C:\Program Files\Java\jre1.8.0_171\lib\resources.jar;C:\Program Files\Java\jre1.8.0_171\lib\rt.jar;C:\Program Files\Java\jre1.8.0_171\lib\jsse.jar;C:\Program Files\Java\jre1.8.0_171\lib\jce.jar;C:\Program Files\Java\jre1.8.0_171\lib\charsets.jar;C:\Program Files\Java\jre1.8.0_171\lib\jfr.jar;C:\Program Files\Java\jre1.8.0_171\lib\ext\access-bridge-64.jar;C:\Program Files\Java\jre1.8.0_171\lib\ext\cldrdata.jar;C:\Program Files\Java\jre1.8.0_171\lib\ext\dnsns.jar;C:\Program Files\Java\jre1.8.0_171\lib\ext\jaccess.jar;C:\Program Files\Java\jre1.8.0_171\lib\ext\jfxrt.jar;C:\Program Files\Java\jre1.8.0_171\lib\ext\localedata.jar;C:\Program Files\Java\jre1.8.0_171\lib\ext\nashorn.jar;C:\Program Files\Java\jre1.8.0_171\lib\ext\sunec.jar;C:\Program Files\Java\jre1.8.0_171\lib\ext\sunjce_provider.jar;C:\Program Files\Java\jre1.8.0_171\lib\ext\sunmscapi.jar;C:\Program Files\Java\jre1.8.0_171\lib\ext\sunpkcs11.jar;C:\Program Files\Java\jre1.8.0_171\lib\ext\zipfs.jar;C:\Users\Daniel Briggs\eclipse-workspace\Turing\bin
Launcher Type: SUN_STANDARD

Environment Variables:
PATH=C:/Program Files/Java/jre1.8.0_171/bin/server;C:/Program Files/Java/jre1.8.0_171/bin;C:/Program Files/Java/jre1.8.0_171/lib/amd64;C:\Program Files (x86)\Common Files\Oracle\Java\javapath;C:\WINDOWS\system32;C:\WINDOWS;C:\WINDOWS\System32\Wbem;C:\WINDOWS\System32\WindowsPowerShell\v1.0\;C:\WINDOWS\System32\OpenSSH\;C:\Program Files\MiKTeX 2.9\miktex\bin\x64\;C:\Program Files\nodejs\;C:\Program Files\Git\cmd;C:\Users\Daniel Briggs\AppData\Local\Programs\Python\Python37-32\Scripts\;C:\Users\Daniel Briggs\AppData\Local\Programs\Python\Python37-32\;C:\Users\Daniel Briggs\AppData\Local\Microsoft\WindowsApps;C:\Users\Daniel Briggs\AppData\Roaming\npm;C:\Program Files\heroku\bin;;C:\WINDOWS\system32;
USERNAME=Daniel Briggs
OS=Windows_NT
PROCESSOR_IDENTIFIER=AMD64 Family 21 Model 112 Stepping 0, AuthenticAMD



---------------  S Y S T E M  ---------------

OS: Windows 10.0 , 64 bit Build 18362 (10.0.18362.778)

CPU:total 2 (initial active 2) (2 cores per cpu, 1 threads per core) family 21 model 112 stepping 0, cmov, cx8, fxsr, mmx, sse, sse2, sse3, ssse3, sse4.1, sse4.2, popcnt, avx, avx2, aes, clmul, mmxext, 3dnowpref, lzcnt, sse4a, tsc, tscinvbit, tscinv, bmi1

Memory: 4k page, physical 4077240k(435524k free), swap 5503672k(5824k free)

vm_info: Java HotSpot(TM) 64-Bit Server VM (25.171-b11) for windows-amd64 JRE (1.8.0_171-b11), built on Mar 28 2018 16:06:12 by "java_re" with MS VC++ 10.0 (VS2010)

time: Mon Jun 01 03:35:19 2020
elapsed time: 7 seconds (0d 0h 0m 7s)

